{"numTotalTestSuites":220,"numPassedTestSuites":220,"numFailedTestSuites":0,"numPendingTestSuites":0,"numTotalTests":791,"numPassedTests":791,"numFailedTests":0,"numPendingTests":0,"numTodoTests":0,"snapshot":{"added":0,"failure":false,"filesAdded":0,"filesRemoved":0,"filesRemovedList":[],"filesUnmatched":0,"filesUpdated":0,"matched":0,"total":0,"unchecked":0,"uncheckedKeysByFile":[],"unmatched":0,"updated":0,"didUpdate":false},"startTime":1784035735825,"success":true,"testResults":[{"assertionResults":[{"ancestorTitles":["deriveBannerView"],"fullName":"deriveBannerView null/undefined readiness → hidden, no reconnect","status":"passed","title":"null/undefined readiness → hidden, no reconnect","duration":1.4903249999988475,"failureMessages":[],"meta":{},"tags":[]},{"ancestorTitles":["deriveBannerView"],"fullName":"deriveBannerView KITE_OFFLINE_PREOPEN → full / critical / reconnect","status":"passed","title":"KITE_OFFLINE_PREOPEN → full / critical / reconnect","duration":0.8633440000012342,"failureMessages":[],"meta":{},"tags":[]},{"ancestorTitles":["deriveBannerView"],"fullName":"deriveBannerView KITE_OFFLINE_MARKET_HOURS → full / critical / reconnect","status":"passed","title":"KITE_OFFLINE_MARKET_HOURS → full / critical / reconnect","duration":0.28108500000053027,"failureMessages":[],"meta":{},"tags":[]},{"ancestorTitles":["deriveBannerView"],"fullName":"deriveBannerView only the two critical offline states are FULL — every other state is a chip","status":"passed","title":"only the two critical offline states are FULL — every other state is a chip","duration":0.590462000000116,"failureMessages":[],"meta":{},"tags":[]},{"ancestorTitles":["deriveBannerView"],"fullName":"deriveBannerView KITE_CONNECTED_BUT_FEED_STALE → warn chip, no reconnect","status":"passed","title":"KITE_CONNECTED_BUT_FEED_STALE → warn chip, no reconnect","duration":0.3212339999990945,"failureMessages":[],"meta":{},"tags":[]},{"ancestorTitles":["deriveBannerView"],"fullName":"deriveBannerView KITE_EXPIRED → warn chip WITH reconnect","status":"passed","title":"KITE_EXPIRED → warn chip WITH reconnect","duration":71.88463000000047,"failureMessages":[],"meta":{},"tags":[]},{"ancestorTitles":["deriveBannerView"],"fullName":"deriveBannerView KITE_EXPIRES_SOON → info chip (amber), no reconnect","status":"passed","title":"KITE_EXPIRES_SOON → info chip (amber), no reconnect","duration":0.4600899999986723,"failureMessages":[],"meta":{},"tags":[]},{"ancestorTitles":["deriveBannerView"],"fullName":"deriveBannerView KITE_READY → ok chip, no reconnect (legacy: liveQuotes omitted)","status":"passed","title":"KITE_READY → ok chip, no reconnect (legacy: liveQuotes omitted)","duration":0.22970799999893643,"failureMessages":[],"meta":{},"tags":[]},{"ancestorTitles":["deriveBannerView"],"fullName":"deriveBannerView KITE_READY + market open + liveQuotes > 0 → ok chip 'Kite live'","status":"passed","title":"KITE_READY + market open + liveQuotes > 0 → ok chip 'Kite live'","duration":0.3925250000011147,"failureMessages":[],"meta":{},"tags":[]},{"ancestorTitles":["deriveBannerView"],"fullName":"deriveBannerView KITE_READY + market open + liveQuotes = 0 → warn chip 'Kite — waiting for ticks'","status":"passed","title":"KITE_READY + market open + liveQuotes = 0 → warn chip 'Kite — waiting for ticks'","duration":0.41030900000077963,"failureMessages":[],"meta":{},"tags":[]},{"ancestorTitles":["deriveBannerView"],"fullName":"deriveBannerView KITE_READY + market closed + liveQuotes = 0 → ok chip 'Kite — market closed'","status":"passed","title":"KITE_READY + market closed + liveQuotes = 0 → ok chip 'Kite — market closed'","duration":0.4236540000001696,"failureMessages":[],"meta":{},"tags":[]},{"ancestorTitles":["deriveBannerView"],"fullName":"deriveBannerView KITE_READY + market pre_open + liveQuotes = 0 → ok chip 'Kite — market closed'","status":"passed","title":"KITE_READY + market pre_open + liveQuotes = 0 → ok chip 'Kite — market closed'","duration":0.14373300000079325,"failureMessages":[],"meta":{},"tags":[]},{"ancestorTitles":["deriveBannerView"],"fullName":"deriveBannerView market-closed chip is NOT warn (was the contradiction: green topbar vs amber scanner)","status":"passed","title":"market-closed chip is NOT warn (was the contradiction: green topbar vs amber scanner)","duration":0.8302519999997457,"failureMessages":[],"meta":{},"tags":[]},{"ancestorTitles":["deriveBannerView"],"fullName":"deriveBannerView waiting-for-ticks chip IS warn (scanner may show delayed data)","status":"passed","title":"waiting-for-ticks chip IS warn (scanner may show delayed data)","duration":0.415023999999903,"failureMessages":[],"meta":{},"tags":[]}],"startTime":1784035747575,"endTime":1784035747654.415,"status":"passed","message":"","name":"/app/artifacts/scanner/src/components/global-status-banner.test.ts"},{"assertionResults":[{"ancestorTitles":["getMockProviderStatus — DEV-mode key → MarketDataHealthPublic shape"],"fullName":"getMockProviderStatus — DEV-mode key → MarketDataHealthPublic shape returns null when no override is set (default)","status":"passed","title":"returns null when no override is set (default)","duration":10.344358999999713,"failureMessages":[],"meta":{},"tags":[]},{"ancestorTitles":["getMockProviderStatus — DEV-mode key → MarketDataHealthPublic shape"],"fullName":"getMockProviderStatus — DEV-mode key → MarketDataHealthPublic shape 'session' key → quoteStatus=UNAVAILABLE, sessionStatus=EXPIRED","status":"passed","title":"'session' key → quoteStatus=UNAVAILABLE, sessionStatus=EXPIRED","duration":2.96272399999998,"failureMessages":[],"meta":{},"tags":[]},{"ancestorTitles":["getMockProviderStatus — DEV-mode key → MarketDataHealthPublic shape"],"fullName":"getMockProviderStatus — DEV-mode key → MarketDataHealthPublic shape 'disconnected' key → quoteStatus=STALE, session ACTIVE","status":"passed","title":"'disconnected' key → quoteStatus=STALE, session ACTIVE","duration":1.6312419999999292,"failureMessages":[],"meta":{},"tags":[]},{"ancestorTitles":["getMockProviderStatus — DEV-mode key → MarketDataHealthPublic shape"],"fullName":"getMockProviderStatus — DEV-mode key → MarketDataHealthPublic shape 'waiting' key → quoteStatus=CONNECTED_WAITING, session ACTIVE","status":"passed","title":"'waiting' key → quoteStatus=CONNECTED_WAITING, session ACTIVE","duration":1.5941689999999653,"failureMessages":[],"meta":{},"tags":[]},{"ancestorTitles":["getMockProviderStatus — DEV-mode key → MarketDataHealthPublic shape"],"fullName":"getMockProviderStatus — DEV-mode key → MarketDataHealthPublic shape 'market_closed' key → quoteStatus=MARKET_CLOSED_SESSION_ACTIVE (banner should hide)","status":"passed","title":"'market_closed' key → quoteStatus=MARKET_CLOSED_SESSION_ACTIVE (banner should hide)","duration":1.3198299999999108,"failureMessages":[],"meta":{},"tags":[]},{"ancestorTitles":["getMockProviderStatus — DEV-mode key → MarketDataHealthPublic shape"],"fullName":"getMockProviderStatus — DEV-mode key → MarketDataHealthPublic shape 'kite' key → quoteStatus=LIVE_TICKS (banner should hide)","status":"passed","title":"'kite' key → quoteStatus=LIVE_TICKS (banner should hide)","duration":0.9349849999998696,"failureMessages":[],"meta":{},"tags":[]},{"ancestorTitles":["getMockProviderStatus — DEV-mode key → MarketDataHealthPublic shape"],"fullName":"getMockProviderStatus — DEV-mode key → MarketDataHealthPublic shape unknown key → null (graceful fallback to real fetch)","status":"passed","title":"unknown key → null (graceful fallback to real fetch)","duration":0.8194930000004206,"failureMessages":[],"meta":{},"tags":[]},{"ancestorTitles":["getMockProviderStatus — DEV-mode key → MarketDataHealthPublic shape"],"fullName":"getMockProviderStatus — DEV-mode key → MarketDataHealthPublic shape old key 'no_creds' → null (key removed; old /provider/status shape no longer emitted)","status":"passed","title":"old key 'no_creds' → null (key removed; old /provider/status shape no longer emitted)","duration":0.7359529999998813,"failureMessages":[],"meta":{},"tags":[]},{"ancestorTitles":["getMockProviderStatus — DEV-mode key → MarketDataHealthPublic shape"],"fullName":"getMockProviderStatus — DEV-mode key → MarketDataHealthPublic shape old key 'generic' → null (key removed)","status":"passed","title":"old key 'generic' → null (key removed)","duration":0.7899790000001303,"failureMessages":[],"meta":{},"tags":[]},{"ancestorTitles":["getMockProviderStatus — clearing the override"],"fullName":"getMockProviderStatus — clearing the override '?mockProvider=off' clears a previously-set sessionStorage key","status":"passed","title":"'?mockProvider=off' clears a previously-set sessionStorage key","duration":0.8859090000000833,"failureMessages":[],"meta":{},"tags":[]},{"ancestorTitles":["getMockProviderStatus — clearing the override"],"fullName":"getMockProviderStatus — clearing the override '?mockProvider=clear' is an alias for 'off'","status":"passed","title":"'?mockProvider=clear' is an alias for 'off'","duration":0.8299910000000637,"failureMessages":[],"meta":{},"tags":[]},{"ancestorTitles":["getMockProviderStatus — clearing the override"],"fullName":"getMockProviderStatus — clearing the override override survives navigation via sessionStorage even after URL param is stripped","status":"passed","title":"override survives navigation via sessionStorage even after URL param is stripped","duration":73.80108400000017,"failureMessages":[],"meta":{},"tags":[]},{"ancestorTitles":["getMockProviderStatus — production safety (import.meta.env.DEV gate)"],"fullName":"getMockProviderStatus — production safety (import.meta.env.DEV gate) returns null in production builds even when ?mockProvider= is set in the URL","status":"passed","title":"returns null in production builds even when ?mockProvider= is set in the URL","duration":0.6464670000000297,"failureMessages":[],"meta":{},"tags":[]},{"ancestorTitles":["getMockProviderStatus — production safety (import.meta.env.DEV gate)"],"fullName":"getMockProviderStatus — production safety (import.meta.env.DEV gate) returns null in production builds even when sessionStorage already has a key","status":"passed","title":"returns null in production builds even when sessionStorage already has a key","duration":0.32725399999981164,"failureMessages":[],"meta":{},"tags":[]},{"ancestorTitles":["headlineFor — backward-compat shim (deprecated but still exported)"],"fullName":"headlineFor — backward-compat shim (deprecated but still exported) session-expired text → 'Kite session expired — please re-login'","status":"passed","title":"session-expired text → 'Kite session expired — please re-login'","duration":0.39073800000005576,"failureMessages":[],"meta":{},"tags":[]},{"ancestorTitles":["headlineFor — backward-compat shim (deprecated but still exported)"],"fullName":"headlineFor — backward-compat shim (deprecated but still exported) disconnected text → 'Kite WebSocket disconnected — falling back to Yahoo'","status":"passed","title":"disconnected text → 'Kite WebSocket disconnected — falling back to Yahoo'","duration":0.26595899999983885,"failureMessages":[],"meta":{},"tags":[]},{"ancestorTitles":["headlineFor — backward-compat shim (deprecated but still exported)"],"fullName":"headlineFor — backward-compat shim (deprecated but still exported) api key text → 'Kite API credentials not configured'","status":"passed","title":"api key text → 'Kite API credentials not configured'","duration":0.26430300000038187,"failureMessages":[],"meta":{},"tags":[]},{"ancestorTitles":["headlineFor — backward-compat shim (deprecated but still exported)"],"fullName":"headlineFor — backward-compat shim (deprecated but still exported) unrecognised reason falls through to the neutral default","status":"passed","title":"unrecognised reason falls through to the neutral default","duration":0.9211430000000291,"failureMessages":[],"meta":{},"tags":[]},{"ancestorTitles":["headlineFor — backward-compat shim (deprecated but still exported)"],"fullName":"headlineFor — backward-compat shim (deprecated but still exported) empty string falls through to neutral default (never crashes)","status":"passed","title":"empty string falls through to neutral default (never crashes)","duration":0.21472899999980655,"failureMessages":[],"meta":{},"tags":[]}],"startTime":1784035739354,"endTime":1784035739454.2148,"status":"passed","message":"","name":"/app/artifacts/scanner/src/components/kite-offline-banner.test.ts"},{"assertionResults":[{"ancestorTitles":["payloadFromLegs"],"fullName":"payloadFromLegs includes only the whitelisted leg fields","status":"passed","title":"includes only the whitelisted leg fields","duration":2.521130000000994,"failureMessages":[],"meta":{},"tags":[]},{"ancestorTitles":["payloadFromLegs"],"fullName":"payloadFromLegs never carries premium / iv / Greeks / margin / P&L even if smuggled in","status":"passed","title":"never carries premium / iv / Greeks / margin / P&L even if smuggled in","duration":0.7217229999987467,"failureMessages":[],"meta":{},"tags":[]},{"ancestorTitles":["payloadFromLegs"],"fullName":"payloadFromLegs normalises lots: floors floats and clamps to >= 1","status":"passed","title":"normalises lots: floors floats and clamps to >= 1","duration":0.2818570000017644,"failureMessages":[],"meta":{},"tags":[]},{"ancestorTitles":["payloadFromLegs"],"fullName":"payloadFromLegs only sends strategyName/journal when explicitly provided","status":"passed","title":"only sends strategyName/journal when explicitly provided","duration":0.3241219999981695,"failureMessages":[],"meta":{},"tags":[]}],"startTime":1784035768064,"endTime":1784035768067.3242,"status":"passed","message":"","name":"/app/artifacts/scanner/src/components/paper-combo-confirm-dialog.test.ts"},{"assertionResults":[{"ancestorTitles":["deriveTvFreshness"],"fullName":"deriveTvFreshness no webhook secret → WEBHOOK_NOT_CONFIGURED (wins even when alerts exist)","status":"passed","title":"no webhook secret → WEBHOOK_NOT_CONFIGURED (wins even when alerts exist)","duration":1.1978299999973387,"failureMessages":[],"meta":{},"tags":[]},{"ancestorTitles":["deriveTvFreshness"],"fullName":"deriveTvFreshness secret configured but no alerts → NO_ALERTS_RECEIVED","status":"passed","title":"secret configured but no alerts → NO_ALERTS_RECEIVED","duration":0.2650439999997616,"failureMessages":[],"meta":{},"tags":[]},{"ancestorTitles":["deriveTvFreshness"],"fullName":"deriveTvFreshness newest within window → LIVE, with age + newest timestamp","status":"passed","title":"newest within window → LIVE, with age + newest timestamp","duration":0.23834399999759626,"failureMessages":[],"meta":{},"tags":[]},{"ancestorTitles":["deriveTvFreshness"],"fullName":"deriveTvFreshness newest older than window → STALE (2-month-old never renders LIVE)","status":"passed","title":"newest older than window → STALE (2-month-old never renders LIVE)","duration":0.2602370000022347,"failureMessages":[],"meta":{},"tags":[]},{"ancestorTitles":["deriveTvFreshness"],"fullName":"deriveTvFreshness exactly at the window boundary is still LIVE (<=)","status":"passed","title":"exactly at the window boundary is still LIVE (<=)","duration":0.23281999999744585,"failureMessages":[],"meta":{},"tags":[]},{"ancestorTitles":["deriveTvFreshness"],"fullName":"deriveTvFreshness custom windowMinutes is honoured","status":"passed","title":"custom windowMinutes is honoured","duration":0.14150599999993574,"failureMessages":[],"meta":{},"tags":[]},{"ancestorTitles":["deriveTvFreshness"],"fullName":"deriveTvFreshness picks the newest among unsorted alerts","status":"passed","title":"picks the newest among unsorted alerts","duration":0.20848199999454664,"failureMessages":[],"meta":{},"tags":[]}],"startTime":1784035769633,"endTime":1784035769636.233,"status":"passed","message":"","name":"/app/artifacts/scanner/src/components/tradingview-alerts.test.ts"},{"assertionResults":[{"ancestorTitles":["VERIFICATION_STATUS config"],"fullName":"VERIFICATION_STATUS config has unique ids","status":"passed","title":"has unique ids","duration":1.224171000001661,"failureMessages":[],"meta":{},"tags":[]},{"ancestorTitles":["VERIFICATION_STATUS config"],"fullName":"VERIFICATION_STATUS config records the agreed human sign-off states","status":"passed","title":"records the agreed human sign-off states","duration":2.517107000003307,"failureMessages":[],"meta":{},"tags":[]},{"ancestorTitles":["VERIFICATION_STATUS config"],"fullName":"VERIFICATION_STATUS config does NOT list the live P25 gate (it is derived live, never static)","status":"passed","title":"does NOT list the live P25 gate (it is derived live, never static)","duration":0.7283700000007229,"failureMessages":[],"meta":{},"tags":[]},{"ancestorTitles":["VERIFICATION_STATUS config"],"fullName":"VERIFICATION_STATUS config every entry maps to a renderable severity","status":"passed","title":"every entry maps to a renderable severity","duration":4.111563999998907,"failureMessages":[],"meta":{},"tags":[]}],"startTime":1784035766554,"endTime":1784035766563.1116,"status":"passed","message":"","name":"/app/artifacts/scanner/src/config/verificationStatus.test.ts"},{"assertionResults":[{"ancestorTitles":["computeDominantBlocker"],"fullName":"computeDominantBlocker returns null for an empty blocked array","status":"passed","title":"returns null for an empty blocked array","duration":1.1581310000001395,"failureMessages":[],"meta":{},"tags":[]},{"ancestorTitles":["computeDominantBlocker"],"fullName":"computeDominantBlocker returns null when every row has a non-positive count","status":"passed","title":"returns null when every row has a non-positive count","duration":0.161073999999644,"failureMessages":[],"meta":{},"tags":[]},{"ancestorTitles":["computeDominantBlocker"],"fullName":"computeDominantBlocker aggregates counts across rows that share a reasonCode and reports the share","status":"passed","title":"aggregates counts across rows that share a reasonCode and reports the share","duration":0.5327730000026349,"failureMessages":[],"meta":{},"tags":[]},{"ancestorTitles":["computeDominantBlocker"],"fullName":"computeDominantBlocker classifies the minimum-risk:reward filter as a LOWER_RR relaxation","status":"passed","title":"classifies the minimum-risk:reward filter as a LOWER_RR relaxation","duration":0.25591199999689707,"failureMessages":[],"meta":{},"tags":[]},{"ancestorTitles":["computeDominantBlocker"],"fullName":"computeDominantBlocker classifies the daily trade cap as a RAISE_TRADE_CAP relaxation with no filter key","status":"passed","title":"classifies the daily trade cap as a RAISE_TRADE_CAP relaxation with no filter key","duration":0.21882300000288524,"failureMessages":[],"meta":{},"tags":[]},{"ancestorTitles":["computeDominantBlocker"],"fullName":"computeDominantBlocker treats a DATA-category block (filter key, data unavailable) as relaxable by disabling the filter","status":"passed","title":"treats a DATA-category block (filter key, data unavailable) as relaxable by disabling the filter","duration":0.14080100000137463,"failureMessages":[],"meta":{},"tags":[]},{"ancestorTitles":["computeDominantBlocker"],"fullName":"computeDominantBlocker falls back to blockedRule label and marks unknown engine reasons not relaxable","status":"passed","title":"falls back to blockedRule label and marks unknown engine reasons not relaxable","duration":0.2224850000020524,"failureMessages":[],"meta":{},"tags":[]},{"ancestorTitles":["computeDominantBlocker"],"fullName":"computeDominantBlocker falls back to blockedRule as the aggregation key when reasonCode is missing","status":"passed","title":"falls back to blockedRule as the aggregation key when reasonCode is missing","duration":0.11128499999904307,"failureMessages":[],"meta":{},"tags":[]},{"ancestorTitles":["isLikelyOverFiltered"],"fullName":"isLikelyOverFiltered is false when nothing was blocked","status":"passed","title":"is false when nothing was blocked","duration":0.3292719999990368,"failureMessages":[],"meta":{},"tags":[]},{"ancestorTitles":["isLikelyOverFiltered"],"fullName":"isLikelyOverFiltered is true on a zero-trade run with blocks","status":"passed","title":"is true on a zero-trade run with blocks","duration":0.18975899999713874,"failureMessages":[],"meta":{},"tags":[]},{"ancestorTitles":["isLikelyOverFiltered"],"fullName":"isLikelyOverFiltered is true on a near-zero run when blocks dwarf trades (≥10×)","status":"passed","title":"is true on a near-zero run when blocks dwarf trades (≥10×)","duration":0.10555100000055972,"failureMessages":[],"meta":{},"tags":[]},{"ancestorTitles":["isLikelyOverFiltered"],"fullName":"isLikelyOverFiltered is false when there are enough trades that blocking is incidental","status":"passed","title":"is false when there are enough trades that blocking is incidental","duration":0.16820300000108546,"failureMessages":[],"meta":{},"tags":[]},{"ancestorTitles":["relaxFilters"],"fullName":"relaxFilters disables the offending boolean filter and leaves the rest intact","status":"passed","title":"disables the offending boolean filter and leaves the rest intact","duration":0.21110500000213506,"failureMessages":[],"meta":{},"tags":[]},{"ancestorTitles":["relaxFilters"],"fullName":"relaxFilters zeroes the minimum risk:reward when that is the dominant blocker","status":"passed","title":"zeroes the minimum risk:reward when that is the dominant blocker","duration":0.3493850000013481,"failureMessages":[],"meta":{},"tags":[]},{"ancestorTitles":["relaxFilters"],"fullName":"relaxFilters does not mutate filters for a non-toggle (trade cap) relaxation","status":"passed","title":"does not mutate filters for a non-toggle (trade cap) relaxation","duration":0.634275999997044,"failureMessages":[],"meta":{},"tags":[]},{"ancestorTitles":["relaxFilters"],"fullName":"relaxFilters every relaxable boolean key is a real FilterConfig key","status":"passed","title":"every relaxable boolean key is a real FilterConfig key","duration":0.14520400000037625,"failureMessages":[],"meta":{},"tags":[]}],"startTime":1784035754359,"endTime":1784035754365.1453,"status":"passed","message":"","name":"/app/artifacts/scanner/src/lib/backtestBlockers.test.ts"},{"assertionResults":[{"ancestorTitles":["summarizeRunFilters"],"fullName":"summarizeRunFilters null filters → engine-replay short label and engine-replay full tooltip","status":"passed","title":"null filters → engine-replay short label and engine-replay full tooltip","duration":77.18227500000103,"failureMessages":[],"meta":{},"tags":[]},{"ancestorTitles":["summarizeRunFilters"],"fullName":"summarizeRunFilters undefined filters are also treated as engine replay","status":"passed","title":"undefined filters are also treated as engine replay","duration":0.2673109999996086,"failureMessages":[],"meta":{},"tags":[]},{"ancestorTitles":["summarizeRunFilters"],"fullName":"summarizeRunFilters default filters → abbreviated ON-list, R:R and ≤N/day in the short summary","status":"passed","title":"default filters → abbreviated ON-list, R:R and ≤N/day in the short summary","duration":0.24258700000063982,"failureMessages":[],"meta":{},"tags":[]},{"ancestorTitles":["summarizeRunFilters"],"fullName":"summarizeRunFilters a partial config merged over defaults yields the expected abbreviated ON-list","status":"passed","title":"a partial config merged over defaults yields the expected abbreviated ON-list","duration":0.12430800000038289,"failureMessages":[],"meta":{},"tags":[]},{"ancestorTitles":["summarizeRunFilters"],"fullName":"summarizeRunFilters omits the ≤N/day part when maxTradesPerDay is not a number","status":"passed","title":"omits the ≤N/day part when maxTradesPerDay is not a number","duration":0.31834600000001956,"failureMessages":[],"meta":{},"tags":[]},{"ancestorTitles":["summarizeRunFilters"],"fullName":"summarizeRunFilters shows 'no filters' when every abbreviated toggle is off","status":"passed","title":"shows 'no filters' when every abbreviated toggle is off","duration":0.18490099999871745,"failureMessages":[],"meta":{},"tags":[]},{"ancestorTitles":["summarizeRunFilters"],"fullName":"summarizeRunFilters renders n/a when minimumRiskReward is not finite","status":"passed","title":"renders n/a when minimumRiskReward is not finite","duration":0.24018100000103004,"failureMessages":[],"meta":{},"tags":[]},{"ancestorTitles":["summarizeRunFilters"],"fullName":"summarizeRunFilters auto-disabled filters appear only in the full tooltip, never the short summary","status":"passed","title":"auto-disabled filters appear only in the full tooltip, never the short summary","duration":0.3014370000000781,"failureMessages":[],"meta":{},"tags":[]},{"ancestorTitles":["summarizeRunFilters"],"fullName":"summarizeRunFilters full tooltip lists each abbreviated toggle's on/off state plus R:R and max trades","status":"passed","title":"full tooltip lists each abbreviated toggle's on/off state plus R:R and max trades","duration":1.0008410000009462,"failureMessages":[],"meta":{},"tags":[]},{"ancestorTitles":["summarizeRunFilters"],"fullName":"summarizeRunFilters a strategy's ignored filters are dropped from the active ON-list and listed as ignored","status":"passed","title":"a strategy's ignored filters are dropped from the active ON-list and listed as ignored","duration":0.26902700000027835,"failureMessages":[],"meta":{},"tags":[]},{"ancestorTitles":["summarizeRunFilters"],"fullName":"summarizeRunFilters ignored filters do not show in the ignored-tail when they were off in the run","status":"passed","title":"ignored filters do not show in the ignored-tail when they were off in the run","duration":0.15580800000134332,"failureMessages":[],"meta":{},"tags":[]},{"ancestorTitles":["summarizeRunFilters"],"fullName":"summarizeRunFilters an ignored R:R is omitted from the active summary and flagged in the ignored-tail","status":"passed","title":"an ignored R:R is omitted from the active summary and flagged in the ignored-tail","duration":0.12748399999873072,"failureMessages":[],"meta":{},"tags":[]},{"ancestorTitles":["summarizeRunFilters"],"fullName":"summarizeRunFilters full tooltip annotates ignored toggles with '(ignored by this strategy)'","status":"passed","title":"full tooltip annotates ignored toggles with '(ignored by this strategy)'","duration":0.36730700000043726,"failureMessages":[],"meta":{},"tags":[]},{"ancestorTitles":["summarizeRunFilters"],"fullName":"summarizeRunFilters an empty or undefined ignored set leaves the summary unchanged","status":"passed","title":"an empty or undefined ignored set leaves the summary unchanged","duration":0.45300999999926717,"failureMessages":[],"meta":{},"tags":[]},{"ancestorTitles":["summarizeRunFilters"],"fullName":"summarizeRunFilters ignored filters never apply to engine-replay (null) rows","status":"passed","title":"ignored filters never apply to engine-replay (null) rows","duration":0.23461200000019744,"failureMessages":[],"meta":{},"tags":[]},{"ancestorTitles":["summarizeRunFilters"],"fullName":"summarizeRunFilters adds a 'Why ignored' line to the full tooltip when a rationale is supplied","status":"passed","title":"adds a 'Why ignored' line to the full tooltip when a rationale is supplied","duration":0.25072899999941,"failureMessages":[],"meta":{},"tags":[]},{"ancestorTitles":["summarizeRunFilters"],"fullName":"summarizeRunFilters does not add a 'Why ignored' line when the strategy ignores nothing","status":"passed","title":"does not add a 'Why ignored' line when the strategy ignores nothing","duration":0.1034029999991617,"failureMessages":[],"meta":{},"tags":[]},{"ancestorTitles":["summarizeRunFilters"],"fullName":"summarizeRunFilters does not add a 'Why ignored' line when the rationale is blank even if filters are ignored","status":"passed","title":"does not add a 'Why ignored' line when the rationale is blank even if filters are ignored","duration":0.11347299999943061,"failureMessages":[],"meta":{},"tags":[]},{"ancestorTitles":["summarizeRunFilters"],"fullName":"summarizeRunFilters never adds a rationale line to engine-replay rows","status":"passed","title":"never adds a rationale line to engine-replay rows","duration":0.14109100000132457,"failureMessages":[],"meta":{},"tags":[]}],"startTime":1784035751778,"endTime":1784035751861.141,"status":"passed","message":"","name":"/app/artifacts/scanner/src/lib/backtestRunSummary.test.ts"},{"assertionResults":[{"ancestorTitles":["candleSourceBadge"],"fullName":"candleSourceBadge returns null when provenance is null or undefined (honest 'unavailable')","status":"passed","title":"returns null when provenance is null or undefined (honest 'unavailable')","duration":1.5174729999998817,"failureMessages":[],"meta":{},"tags":[]},{"ancestorTitles":["candleSourceBadge"],"fullName":"candleSourceBadge kite-dominant + fresh → Kite source, delayed (EOD), no fallback","status":"passed","title":"kite-dominant + fresh → Kite source, delayed (EOD), no fallback","duration":0.5400130000016361,"failureMessages":[],"meta":{},"tags":[]},{"ancestorTitles":["candleSourceBadge"],"fullName":"candleSourceBadge yahoo-dominant → Yahoo source with fallback flagged","status":"passed","title":"yahoo-dominant → Yahoo source with fallback flagged","duration":0.25407000000086555,"failureMessages":[],"meta":{},"tags":[]},{"ancestorTitles":["candleSourceBadge"],"fullName":"candleSourceBadge mixed → mixed source, fallback flagged, counts in note","status":"passed","title":"mixed → mixed source, fallback flagged, counts in note","duration":68.0984410000001,"failureMessages":[],"meta":{},"tags":[]},{"ancestorTitles":["candleSourceBadge"],"fullName":"candleSourceBadge not fresh → stale status + stale note suffix (honest, never silently 'delayed')","status":"passed","title":"not fresh → stale status + stale note suffix (honest, never silently 'delayed')","duration":0.41809599999942293,"failureMessages":[],"meta":{},"tags":[]},{"ancestorTitles":["candleSourceBadge"],"fullName":"candleSourceBadge stale carries over to the yahoo fallback path too","status":"passed","title":"stale carries over to the yahoo fallback path too","duration":0.2028150000005553,"failureMessages":[],"meta":{},"tags":[]},{"ancestorTitles":["candleSourceBadge"],"fullName":"candleSourceBadge none → unknown source, down status, never fabricated","status":"passed","title":"none → unknown source, down status, never fabricated","duration":0.311439999999493,"failureMessages":[],"meta":{},"tags":[]}],"startTime":1784035749280,"endTime":1784035749351.4182,"status":"passed","message":"","name":"/app/artifacts/scanner/src/lib/candleSourceBadge.test.ts"},{"assertionResults":[{"ancestorTitles":["deriveFnoEmptyReason — cause priority"],"fullName":"deriveFnoEmptyReason — cause priority market closed (marketStatus.marketOpen=false) wins over everything (even when Kite is offline)","status":"passed","title":"market closed (marketStatus.marketOpen=false) wins over everything (even when Kite is offline)","duration":76.34600299999875,"failureMessages":[],"meta":{},"tags":[]},{"ancestorTitles":["deriveFnoEmptyReason — cause priority"],"fullName":"deriveFnoEmptyReason — cause priority pre_open (marketStatus.marketOpen=false, reason=PRE_OPEN) is treated as market closed","status":"passed","title":"pre_open (marketStatus.marketOpen=false, reason=PRE_OPEN) is treated as market closed","duration":1.2189039999993838,"failureMessages":[],"meta":{},"tags":[]},{"ancestorTitles":["deriveFnoEmptyReason — cause priority"],"fullName":"deriveFnoEmptyReason — cause priority stale cache: marketState=closed with NO marketStatus → floor message (not market-closed)","status":"passed","title":"stale cache: marketState=closed with NO marketStatus → floor message (not market-closed)","duration":0.1531379999996716,"failureMessages":[],"meta":{},"tags":[]},{"ancestorTitles":["deriveFnoEmptyReason — cause priority"],"fullName":"deriveFnoEmptyReason — cause priority market open + Kite session invalid → Kite offline message","status":"passed","title":"market open + Kite session invalid → Kite offline message","duration":0.23753500000020722,"failureMessages":[],"meta":{},"tags":[]},{"ancestorTitles":["deriveFnoEmptyReason — cause priority"],"fullName":"deriveFnoEmptyReason — cause priority market open + feed disconnected → Kite offline message","status":"passed","title":"market open + feed disconnected → Kite offline message","duration":0.22171799999887298,"failureMessages":[],"meta":{},"tags":[]},{"ancestorTitles":["deriveFnoEmptyReason — cause priority"],"fullName":"deriveFnoEmptyReason — cause priority market open + Kite ok + option-chain suppression → option chain message","status":"passed","title":"market open + Kite ok + option-chain suppression → option chain message","duration":0.22459800000069663,"failureMessages":[],"meta":{},"tags":[]},{"ancestorTitles":["deriveFnoEmptyReason — cause priority"],"fullName":"deriveFnoEmptyReason — cause priority market open + Kite ok + only floor/veto reasons → floor message","status":"passed","title":"market open + Kite ok + only floor/veto reasons → floor message","duration":0.2931189999999333,"failureMessages":[],"meta":{},"tags":[]},{"ancestorTitles":["deriveFnoEmptyReason — cause priority"],"fullName":"deriveFnoEmptyReason — cause priority undefined data + null readiness → floor message (safe default)","status":"passed","title":"undefined data + null readiness → floor message (safe default)","duration":0.0985129999990022,"failureMessages":[],"meta":{},"tags":[]},{"ancestorTitles":["deriveFnoEmptyReason — cause priority"],"fullName":"deriveFnoEmptyReason — cause priority marketStatus.marketOpen=false wins over stale marketState (prefer new field)","status":"passed","title":"marketStatus.marketOpen=false wins over stale marketState (prefer new field)","duration":0.30169300000125077,"failureMessages":[],"meta":{},"tags":[]},{"ancestorTitles":["deriveFnoEmptyReason — cause priority"],"fullName":"deriveFnoEmptyReason — cause priority marketStatus.marketOpen=true → does NOT say market is closed even when marketState=closed (stale cache fix)","status":"passed","title":"marketStatus.marketOpen=true → does NOT say market is closed even when marketState=closed (stale cache fix)","duration":0.44683399999848916,"failureMessages":[],"meta":{},"tags":[]},{"ancestorTitles":["deriveFnoEmptyReason — cause priority"],"fullName":"deriveFnoEmptyReason — cause priority marketStatus.marketOpen=true + Kite offline → Kite message (not market closed)","status":"passed","title":"marketStatus.marketOpen=true + Kite offline → Kite message (not market closed)","duration":0.22670100000141247,"failureMessages":[],"meta":{},"tags":[]},{"ancestorTitles":["deriveFnoEmptyReason — cause priority"],"fullName":"deriveFnoEmptyReason — cause priority no marketStatus and no marketState → floor message (safe when both absent)","status":"passed","title":"no marketStatus and no marketState → floor message (safe when both absent)","duration":0.09414099999958125,"failureMessages":[],"meta":{},"tags":[]},{"ancestorTitles":["buildFnoIndexRows"],"fullName":"buildFnoIndexRows always returns exactly the 3 F&O indices in order","status":"passed","title":"always returns exactly the 3 F&O indices in order","duration":0.7710390000011103,"failureMessages":[],"meta":{},"tags":[]},{"ancestorTitles":["buildFnoIndexRows"],"fullName":"buildFnoIndexRows null readiness → liveKiteData is honest '—' (never a fake Live)","status":"passed","title":"null readiness → liveKiteData is honest '—' (never a fake Live)","duration":0.5479390000000421,"failureMessages":[],"meta":{},"tags":[]},{"ancestorTitles":["buildFnoIndexRows"],"fullName":"buildFnoIndexRows ready readiness → Live; offline → Offline","status":"passed","title":"ready readiness → Live; offline → Offline","duration":0.3318920000001526,"failureMessages":[],"meta":{},"tags":[]},{"ancestorTitles":["buildFnoIndexRows"],"fullName":"buildFnoIndexRows candidate count + Option Chain Available when signals exist for the index","status":"passed","title":"candidate count + Option Chain Available when signals exist for the index","duration":0.26526900000135356,"failureMessages":[],"meta":{},"tags":[]},{"ancestorTitles":["buildFnoIndexRows"],"fullName":"buildFnoIndexRows Option Chain Unavailable when a suppression reason names the chain","status":"passed","title":"Option Chain Unavailable when a suppression reason names the chain","duration":0.13223199999993085,"failureMessages":[],"meta":{},"tags":[]},{"ancestorTitles":["buildFnoIndexRows"],"fullName":"buildFnoIndexRows Option Chain '—' when neither signals nor a chain reason exist","status":"passed","title":"Option Chain '—' when neither signals nor a chain reason exist","duration":0.07160499999918102,"failureMessages":[],"meta":{},"tags":[]},{"ancestorTitles":["buildFnoIndexRows"],"fullName":"buildFnoIndexRows reason joins suppressed reasons; '—' when none and no signals","status":"passed","title":"reason joins suppressed reasons; '—' when none and no signals","duration":0.0935669999998936,"failureMessages":[],"meta":{},"tags":[]},{"ancestorTitles":["buildFnoIndexRows"],"fullName":"buildFnoIndexRows reason is 'Setups live' when the index has signals but no suppression","status":"passed","title":"reason is 'Setups live' when the index has signals but no suppression","duration":0.2863440000000992,"failureMessages":[],"meta":{},"tags":[]},{"ancestorTitles":["buildFnoIndexRows"],"fullName":"buildFnoIndexRows state label reflects marketState","status":"passed","title":"state label reflects marketState","duration":0.16059199999835982,"failureMessages":[],"meta":{},"tags":[]},{"ancestorTitles":["buildFnoIndexRows"],"fullName":"buildFnoIndexRows state label prefers marketStatus.marketOpen=true over stale marketState=closed","status":"passed","title":"state label prefers marketStatus.marketOpen=true over stale marketState=closed","duration":0.09060599999975238,"failureMessages":[],"meta":{},"tags":[]},{"ancestorTitles":["buildFnoIndexRows"],"fullName":"buildFnoIndexRows state label from marketStatus: closed→Closed, PRE_OPEN→Pre-open","status":"passed","title":"state label from marketStatus: closed→Closed, PRE_OPEN→Pre-open","duration":0.397225000000617,"failureMessages":[],"meta":{},"tags":[]},{"ancestorTitles":["deriveSessionBannerState"],"fullName":"deriveSessionBannerState returns show:false when readiness is null (non-owner)","status":"passed","title":"returns show:false when readiness is null (non-owner)","duration":0.1565519999985554,"failureMessages":[],"meta":{},"tags":[]},{"ancestorTitles":["deriveSessionBannerState"],"fullName":"deriveSessionBannerState returns show:false when market is closed (marketStatus.marketOpen=false)","status":"passed","title":"returns show:false when market is closed (marketStatus.marketOpen=false)","duration":0.09264400000029127,"failureMessages":[],"meta":{},"tags":[]},{"ancestorTitles":["deriveSessionBannerState"],"fullName":"deriveSessionBannerState returns show:false when data is undefined/null","status":"passed","title":"returns show:false when data is undefined/null","duration":0.05242699999871547,"failureMessages":[],"meta":{},"tags":[]},{"ancestorTitles":["deriveSessionBannerState"],"fullName":"deriveSessionBannerState returns show:false when fewer than 3 indices are suppressed","status":"passed","title":"returns show:false when fewer than 3 indices are suppressed","duration":0.08480199999939941,"failureMessages":[],"meta":{},"tags":[]},{"ancestorTitles":["deriveSessionBannerState"],"fullName":"deriveSessionBannerState returns show:false when at least one index has a live signal","status":"passed","title":"returns show:false when at least one index has a live signal","duration":2.8945629999998346,"failureMessages":[],"meta":{},"tags":[]},{"ancestorTitles":["deriveSessionBannerState"],"fullName":"deriveSessionBannerState classifies KITE_SESSION_EXPIRED when all 3 suppressed with no_live_kite_intraday","status":"passed","title":"classifies KITE_SESSION_EXPIRED when all 3 suppressed with no_live_kite_intraday","duration":0.2648349999999482,"failureMessages":[],"meta":{},"tags":[]},{"ancestorTitles":["deriveSessionBannerState"],"fullName":"deriveSessionBannerState classifies FNO_DATA_WARMING_UP when all 3 suppressed with daily_history_warmup","status":"passed","title":"classifies FNO_DATA_WARMING_UP when all 3 suppressed with daily_history_warmup","duration":0.1107769999998709,"failureMessages":[],"meta":{},"tags":[]},{"ancestorTitles":["deriveSessionBannerState"],"fullName":"deriveSessionBannerState classifies FNO_ALL_SUPPRESSED for non-data reasons (not marked isDataIssue)","status":"passed","title":"classifies FNO_ALL_SUPPRESSED for non-data reasons (not marked isDataIssue)","duration":0.10411000000021886,"failureMessages":[],"meta":{},"tags":[]},{"ancestorTitles":["deriveSessionBannerState"],"fullName":"deriveSessionBannerState KITE_SESSION_EXPIRED takes precedence over DAILY_HISTORY_WARMUP in mixed reasons","status":"passed","title":"KITE_SESSION_EXPIRED takes precedence over DAILY_HISTORY_WARMUP in mixed reasons","duration":0.08384599999953934,"failureMessages":[],"meta":{},"tags":[]},{"ancestorTitles":["deriveSessionBannerState"],"fullName":"deriveSessionBannerState passes through gapTradingDays=null when not provided","status":"passed","title":"passes through gapTradingDays=null when not provided","duration":0.1194390000000567,"failureMessages":[],"meta":{},"tags":[]},{"ancestorTitles":["deriveSessionBannerState"],"fullName":"deriveSessionBannerState returns show:false when marketStatus.marketOpen=false (prefers new field over marketState)","status":"passed","title":"returns show:false when marketStatus.marketOpen=false (prefers new field over marketState)","duration":0.0848889999997482,"failureMessages":[],"meta":{},"tags":[]},{"ancestorTitles":["deriveSessionBannerState"],"fullName":"deriveSessionBannerState shows banner when marketStatus.marketOpen=true even if marketState=closed (stale cache fix)","status":"passed","title":"shows banner when marketStatus.marketOpen=true even if marketState=closed (stale cache fix)","duration":0.10547000000042317,"failureMessages":[],"meta":{},"tags":[]}],"startTime":1784035750875,"endTime":1784035750963.1194,"status":"passed","message":"","name":"/app/artifacts/scanner/src/lib/fnoEmptyState.test.ts"},{"assertionResults":[{"ancestorTitles":["G classifyFnoReason"],"fullName":"G classifyFnoReason routes Kite session expired → DATA_FAILURE","status":"passed","title":"routes Kite session expired → DATA_FAILURE","duration":1.5831749999997555,"failureMessages":[],"meta":{},"tags":[]},{"ancestorTitles":["G classifyFnoReason"],"fullName":"G classifyFnoReason routes market gates → MARKET_CLOSED","status":"passed","title":"routes market gates → MARKET_CLOSED","duration":3.252745000001596,"failureMessages":[],"meta":{},"tags":[]},{"ancestorTitles":["G classifyFnoReason"],"fullName":"G classifyFnoReason routes broker off → BROKER_DISABLED","status":"passed","title":"routes broker off → BROKER_DISABLED","duration":0.3255989999997837,"failureMessages":[],"meta":{},"tags":[]},{"ancestorTitles":["G classifyFnoReason"],"fullName":"G classifyFnoReason routes free-cash gates → CAPITAL_BLOCK","status":"passed","title":"routes free-cash gates → CAPITAL_BLOCK","duration":0.5451900000007299,"failureMessages":[],"meta":{},"tags":[]},{"ancestorTitles":["G classifyFnoReason"],"fullName":"G classifyFnoReason routes risk-management gates → RISK_VETO","status":"passed","title":"routes risk-management gates → RISK_VETO","duration":0.917462000001251,"failureMessages":[],"meta":{},"tags":[]},{"ancestorTitles":["G classifyFnoReason"],"fullName":"G classifyFnoReason routes confidence/demote → SIGNAL_QUALITY","status":"passed","title":"routes confidence/demote → SIGNAL_QUALITY","duration":74.53699899999992,"failureMessages":[],"meta":{},"tags":[]},{"ancestorTitles":["G classifyFnoReason"],"fullName":"G classifyFnoReason routes no-fire → NO_SETUP","status":"passed","title":"routes no-fire → NO_SETUP","duration":0.5639329999976326,"failureMessages":[],"meta":{},"tags":[]},{"ancestorTitles":["G classifyFnoReason"],"fullName":"G classifyFnoReason falls back to OTHER for unknown text","status":"passed","title":"falls back to OTHER for unknown text","duration":0.2583019999983662,"failureMessages":[],"meta":{},"tags":[]},{"ancestorTitles":["G classifyFnoReason"],"fullName":"G classifyFnoReason has a label for every category","status":"passed","title":"has a label for every category","duration":0.4555880000007164,"failureMessages":[],"meta":{},"tags":[]},{"ancestorTitles":["G summarizeFnoReasons"],"fullName":"G summarizeFnoReasons groups and counts by category, preserving stable order","status":"passed","title":"groups and counts by category, preserving stable order","duration":0.9414280000019062,"failureMessages":[],"meta":{},"tags":[]},{"ancestorTitles":["G summarizeFnoReasons"],"fullName":"G summarizeFnoReasons caps samples[] to 3","status":"passed","title":"caps samples[] to 3","duration":1.480160999999498,"failureMessages":[],"meta":{},"tags":[]},{"ancestorTitles":["G summarizeFnoReasons"],"fullName":"G summarizeFnoReasons returns empty array for empty input","status":"passed","title":"returns empty array for empty input","duration":0.4310509999995702,"failureMessages":[],"meta":{},"tags":[]}],"startTime":1784035758671,"endTime":1784035758756.4802,"status":"passed","message":"","name":"/app/artifacts/scanner/src/lib/fnoReasonCategories.test.ts"},{"assertionResults":[{"ancestorTitles":["safe primitives"],"fullName":"safe primitives toNum parses numbers, numeric strings, and rejects junk","status":"passed","title":"toNum parses numbers, numeric strings, and rejects junk","duration":1.4659339999998338,"failureMessages":[],"meta":{},"tags":[]},{"ancestorTitles":["safe primitives"],"fullName":"safe primitives parseTs parses ISO and rejects junk","status":"passed","title":"parseTs parses ISO and rejects junk","duration":0.28908499999988635,"failureMessages":[],"meta":{},"tags":[]},{"ancestorTitles":["safe primitives"],"fullName":"safe primitives getQuantity multiplies lots × lotSize and guards missing","status":"passed","title":"getQuantity multiplies lots × lotSize and guards missing","duration":0.18764999999984866,"failureMessages":[],"meta":{},"tags":[]},{"ancestorTitles":["safe primitives"],"fullName":"safe primitives effectivePnl picks realised for closed, unrealised for open","status":"passed","title":"effectivePnl picks realised for closed, unrealised for open","duration":0.2408940000000257,"failureMessages":[],"meta":{},"tags":[]},{"ancestorTitles":["safe primitives"],"fullName":"safe primitives hasMfeMaeEvidence rejects missing and 0/0","status":"passed","title":"hasMfeMaeEvidence rejects missing and 0/0","duration":0.3220409999998992,"failureMessages":[],"meta":{},"tags":[]},{"ancestorTitles":["P25 official eligibility"],"fullName":"P25 official eligibility eligible closed trade with non-zero MFE/MAE passes","status":"passed","title":"eligible closed trade with non-zero MFE/MAE passes","duration":0.18233499999996639,"failureMessages":[],"meta":{},"tags":[]},{"ancestorTitles":["P25 official eligibility"],"fullName":"P25 official eligibility closed trade with maxRunup=0 AND maxDrawdown=0 is excluded","status":"passed","title":"closed trade with maxRunup=0 AND maxDrawdown=0 is excluded","duration":0.26820400000042355,"failureMessages":[],"meta":{},"tags":[]},{"ancestorTitles":["P25 official eligibility"],"fullName":"P25 official eligibility non-zero on only one side still counts (NOT a 0/0 placeholder)","status":"passed","title":"non-zero on only one side still counts (NOT a 0/0 placeholder)","duration":0.14134999999987485,"failureMessages":[],"meta":{},"tags":[]},{"ancestorTitles":["P25 official eligibility"],"fullName":"P25 official eligibility raw non-null MFE/MAE is NOT sufficient — 0/0 present but non-null is excluded","status":"passed","title":"raw non-null MFE/MAE is NOT sufficient — 0/0 present but non-null is excluded","duration":0.4141589999999269,"failureMessages":[],"meta":{},"tags":[]},{"ancestorTitles":["P25 official eligibility"],"fullName":"P25 official eligibility open trade is excluded (not_closed)","status":"passed","title":"open trade is excluded (not_closed)","duration":0.2302349999999933,"failureMessages":[],"meta":{},"tags":[]},{"ancestorTitles":["P25 official eligibility"],"fullName":"P25 official eligibility missing exit premium excluded","status":"passed","title":"missing exit premium excluded","duration":0.09889299999986179,"failureMessages":[],"meta":{},"tags":[]},{"ancestorTitles":["P25 official eligibility"],"fullName":"P25 official eligibility invalid entry premium excluded (zero / negative / missing)","status":"passed","title":"invalid entry premium excluded (zero / negative / missing)","duration":0.2271179999997912,"failureMessages":[],"meta":{},"tags":[]},{"ancestorTitles":["P25 official eligibility"],"fullName":"P25 official eligibility invalid quantity excluded (lots or lotSize missing / zero)","status":"passed","title":"invalid quantity excluded (lots or lotSize missing / zero)","duration":0.10338999999976295,"failureMessages":[],"meta":{},"tags":[]},{"ancestorTitles":["P25 official eligibility"],"fullName":"P25 official eligibility missing MFE/MAE excluded","status":"passed","title":"missing MFE/MAE excluded","duration":0.3447150000001784,"failureMessages":[],"meta":{},"tags":[]},{"ancestorTitles":["P25 official eligibility"],"fullName":"P25 official eligibility official summary count uses only eligible trades; remaining = threshold - count","status":"passed","title":"official summary count uses only eligible trades; remaining = threshold - count","duration":0.4691920000000209,"failureMessages":[],"meta":{},"tags":[]},{"ancestorTitles":["P25 official eligibility"],"fullName":"P25 official eligibility gate closes when eligible count reaches the threshold","status":"passed","title":"gate closes when eligible count reaches the threshold","duration":0.27347999999983585,"failureMessages":[],"meta":{},"tags":[]},{"ancestorTitles":["P25 official eligibility"],"fullName":"P25 official eligibility lastEligible is the most recently exited eligible trade","status":"passed","title":"lastEligible is the most recently exited eligible trade","duration":0.11380499999995664,"failureMessages":[],"meta":{},"tags":[]},{"ancestorTitles":["P25 official eligibility"],"fullName":"P25 official eligibility deriveP25Summary does not mutate input","status":"passed","title":"deriveP25Summary does not mutate input","duration":0.09460200000012264,"failureMessages":[],"meta":{},"tags":[]},{"ancestorTitles":["summarizeFoCockpit"],"fullName":"summarizeFoCockpit aggregates counts, P&L, win/loss, averages, extrema","status":"passed","title":"aggregates counts, P&L, win/loss, averages, extrema","duration":0.42372700000032637,"failureMessages":[],"meta":{},"tags":[]},{"ancestorTitles":["summarizeFoCockpit"],"fullName":"summarizeFoCockpit avg MFE/MAE exclude 0/0 placeholder rows (honesty — never counted as zero)","status":"passed","title":"avg MFE/MAE exclude 0/0 placeholder rows (honesty — never counted as zero)","duration":0.26159800000004907,"failureMessages":[],"meta":{},"tags":[]},{"ancestorTitles":["summarizeFoCockpit"],"fullName":"summarizeFoCockpit avg MFE/MAE are null with evidence count 0 when no closed trade has a recorded path","status":"passed","title":"avg MFE/MAE are null with evidence count 0 when no closed trade has a recorded path","duration":0.20214100000021062,"failureMessages":[],"meta":{},"tags":[]},{"ancestorTitles":["summarizeFoCockpit"],"fullName":"summarizeFoCockpit closedTodayCount is null without a date, and filters by exit date when supplied","status":"passed","title":"closedTodayCount is null without a date, and filters by exit date when supplied","duration":0.15772199999992154,"failureMessages":[],"meta":{},"tags":[]},{"ancestorTitles":["summarizeFoCockpit"],"fullName":"summarizeFoCockpit last open / evaluation timestamps are the latest seen","status":"passed","title":"last open / evaluation timestamps are the latest seen","duration":0.2800779999997758,"failureMessages":[],"meta":{},"tags":[]},{"ancestorTitles":["summarizeFoCockpit"],"fullName":"summarizeFoCockpit P25 fields reflect only eligible closed trades","status":"passed","title":"P25 fields reflect only eligible closed trades","duration":0.31771800000024086,"failureMessages":[],"meta":{},"tags":[]},{"ancestorTitles":["summarizeFoCockpit"],"fullName":"summarizeFoCockpit handles empty arrays without throwing","status":"passed","title":"handles empty arrays without throwing","duration":0.261105999999927,"failureMessages":[],"meta":{},"tags":[]},{"ancestorTitles":["summarizeFoCockpit"],"fullName":"summarizeFoCockpit ignores non-finite P&L when summing","status":"passed","title":"ignores non-finite P&L when summing","duration":0.6858780000002298,"failureMessages":[],"meta":{},"tags":[]},{"ancestorTitles":["deriveFoRiskBadges"],"fullName":"deriveFoRiskBadges always tags paper-only","status":"passed","title":"always tags paper-only","duration":0.8773799999999028,"failureMessages":[],"meta":{},"tags":[]},{"ancestorTitles":["deriveFoRiskBadges"],"fullName":"deriveFoRiskBadges tags open/closed position status","status":"passed","title":"tags open/closed position status","duration":0.278917999999976,"failureMessages":[],"meta":{},"tags":[]},{"ancestorTitles":["deriveFoRiskBadges"],"fullName":"deriveFoRiskBadges tags profit and loss from effective P&L","status":"passed","title":"tags profit and loss from effective P&L","duration":0.3628369999996721,"failureMessages":[],"meta":{},"tags":[]},{"ancestorTitles":["deriveFoRiskBadges"],"fullName":"deriveFoRiskBadges tags evidence-eligible and evidence-excluded-0/0","status":"passed","title":"tags evidence-eligible and evidence-excluded-0/0","duration":0.13556199999993623,"failureMessages":[],"meta":{},"tags":[]},{"ancestorTitles":["deriveFoRiskBadges"],"fullName":"deriveFoRiskBadges tags no-MFE-data when MFE/MAE missing","status":"passed","title":"tags no-MFE-data when MFE/MAE missing","duration":0.18304900000021007,"failureMessages":[],"meta":{},"tags":[]},{"ancestorTitles":["deriveFoRiskBadges"],"fullName":"deriveFoRiskBadges tags high-drawdown relative to deployed capital","status":"passed","title":"tags high-drawdown relative to deployed capital","duration":0.2412899999999354,"failureMessages":[],"meta":{},"tags":[]},{"ancestorTitles":["deriveFoRiskBadges"],"fullName":"deriveFoRiskBadges tags exit type from exitReason","status":"passed","title":"tags exit type from exitReason","duration":0.17732299999988754,"failureMessages":[],"meta":{},"tags":[]},{"ancestorTitles":["deriveFoRiskBadges"],"fullName":"deriveFoRiskBadges tags stale-quote only for open rows past the window","status":"passed","title":"tags stale-quote only for open rows past the window","duration":0.17618199999969875,"failureMessages":[],"meta":{},"tags":[]},{"ancestorTitles":["deriveFoRiskBadges"],"fullName":"deriveFoRiskBadges tags snapshot-missing and low-sample-warning from options","status":"passed","title":"tags snapshot-missing and low-sample-warning from options","duration":0.22176200000012614,"failureMessages":[],"meta":{},"tags":[]},{"ancestorTitles":["applyFoFilters"],"fullName":"applyFoFilters default filters keep everything","status":"passed","title":"default filters keep everything","duration":1.5842130000000907,"failureMessages":[],"meta":{},"tags":[]},{"ancestorTitles":["applyFoFilters"],"fullName":"applyFoFilters filters by index","status":"passed","title":"filters by index","duration":0.20532700000012483,"failureMessages":[],"meta":{},"tags":[]},{"ancestorTitles":["applyFoFilters"],"fullName":"applyFoFilters filters by setup","status":"passed","title":"filters by setup","duration":0.13015600000017002,"failureMessages":[],"meta":{},"tags":[]},{"ancestorTitles":["applyFoFilters"],"fullName":"applyFoFilters filters by direction and option type","status":"passed","title":"filters by direction and option type","duration":0.4374609999999848,"failureMessages":[],"meta":{},"tags":[]},{"ancestorTitles":["applyFoFilters"],"fullName":"applyFoFilters filters by status","status":"passed","title":"filters by status","duration":0.15685199999961696,"failureMessages":[],"meta":{},"tags":[]},{"ancestorTitles":["applyFoFilters"],"fullName":"applyFoFilters filters by P&L sign using effective P&L","status":"passed","title":"filters by P&L sign using effective P&L","duration":0.6296280000001389,"failureMessages":[],"meta":{},"tags":[]},{"ancestorTitles":["applyFoFilters"],"fullName":"applyFoFilters filters by P25 eligibility","status":"passed","title":"filters by P25 eligibility","duration":0.12179900000000998,"failureMessages":[],"meta":{},"tags":[]},{"ancestorTitles":["applyFoFilters"],"fullName":"applyFoFilters filters by exit reason","status":"passed","title":"filters by exit reason","duration":0.13107300000001487,"failureMessages":[],"meta":{},"tags":[]},{"ancestorTitles":["applyFoFilters"],"fullName":"applyFoFilters filters by evidence available","status":"passed","title":"filters by evidence available","duration":0.10080000000016298,"failureMessages":[],"meta":{},"tags":[]},{"ancestorTitles":["applyFoFilters"],"fullName":"applyFoFilters filters by date range (inclusive) on signalDate","status":"passed","title":"filters by date range (inclusive) on signalDate","duration":0.07789200000024721,"failureMessages":[],"meta":{},"tags":[]},{"ancestorTitles":["applyFoFilters"],"fullName":"applyFoFilters combines multiple filters","status":"passed","title":"combines multiple filters","duration":0.07490099999995437,"failureMessages":[],"meta":{},"tags":[]},{"ancestorTitles":["applyFoFilters"],"fullName":"applyFoFilters paperOnly never removes rows","status":"passed","title":"paperOnly never removes rows","duration":0.18002800000022035,"failureMessages":[],"meta":{},"tags":[]},{"ancestorTitles":["applyFoFilters"],"fullName":"applyFoFilters does not mutate the input array","status":"passed","title":"does not mutate the input array","duration":0.11896600000000035,"failureMessages":[],"meta":{},"tags":[]},{"ancestorTitles":["sortFoRows"],"fullName":"sortFoRows sorts by realised P&L asc and desc","status":"passed","title":"sorts by realised P&L asc and desc","duration":0.1926669999998012,"failureMessages":[],"meta":{},"tags":[]},{"ancestorTitles":["sortFoRows"],"fullName":"sortFoRows sorts by unrealised P&L","status":"passed","title":"sorts by unrealised P&L","duration":0.2527570000002015,"failureMessages":[],"meta":{},"tags":[]},{"ancestorTitles":["sortFoRows"],"fullName":"sortFoRows sorts by MFE and MAE","status":"passed","title":"sorts by MFE and MAE","duration":0.1447979999998097,"failureMessages":[],"meta":{},"tags":[]},{"ancestorTitles":["sortFoRows"],"fullName":"sortFoRows sorts by entry time and exit time","status":"passed","title":"sorts by entry time and exit time","duration":0.10591500000009546,"failureMessages":[],"meta":{},"tags":[]},{"ancestorTitles":["sortFoRows"],"fullName":"sortFoRows sorts by time in trade","status":"passed","title":"sorts by time in trade","duration":0.2588820000000851,"failureMessages":[],"meta":{},"tags":[]},{"ancestorTitles":["sortFoRows"],"fullName":"sortFoRows sorts by symbol alphabetically","status":"passed","title":"sorts by symbol alphabetically","duration":7.206833000000188,"failureMessages":[],"meta":{},"tags":[]},{"ancestorTitles":["sortFoRows"],"fullName":"sortFoRows puts NaN/null values last regardless of direction","status":"passed","title":"puts NaN/null values last regardless of direction","duration":0.18402199999991353,"failureMessages":[],"meta":{},"tags":[]},{"ancestorTitles":["sortFoRows"],"fullName":"sortFoRows does not mutate the input array","status":"passed","title":"does not mutate the input array","duration":0.18779999999969732,"failureMessages":[],"meta":{},"tags":[]},{"ancestorTitles":["groupFoRows"],"fullName":"groupFoRows none returns a single All group","status":"passed","title":"none returns a single All group","duration":0.22960599999987608,"failureMessages":[],"meta":{},"tags":[]},{"ancestorTitles":["groupFoRows"],"fullName":"groupFoRows groups by index","status":"passed","title":"groups by index","duration":0.30414399999972375,"failureMessages":[],"meta":{},"tags":[]},{"ancestorTitles":["groupFoRows"],"fullName":"groupFoRows groups by setup","status":"passed","title":"groups by setup","duration":0.11133999999992739,"failureMessages":[],"meta":{},"tags":[]},{"ancestorTitles":["groupFoRows"],"fullName":"groupFoRows groups by status","status":"passed","title":"groups by status","duration":0.13284999999996217,"failureMessages":[],"meta":{},"tags":[]},{"ancestorTitles":["groupFoRows"],"fullName":"groupFoRows groups by exit reason","status":"passed","title":"groups by exit reason","duration":0.25702799999999115,"failureMessages":[],"meta":{},"tags":[]},{"ancestorTitles":["groupFoRows"],"fullName":"groupFoRows groups by P25 status","status":"passed","title":"groups by P25 status","duration":0.19931700000006458,"failureMessages":[],"meta":{},"tags":[]},{"ancestorTitles":["groupFoRows"],"fullName":"groupFoRows groups by P&L sign","status":"passed","title":"groups by P&L sign","duration":0.14521800000011353,"failureMessages":[],"meta":{},"tags":[]},{"ancestorTitles":["time helpers"],"fullName":"time helpers getTimeInTradeMs uses exit for closed rows","status":"passed","title":"getTimeInTradeMs uses exit for closed rows","duration":0.1295549999999821,"failureMessages":[],"meta":{},"tags":[]},{"ancestorTitles":["time helpers"],"fullName":"time helpers getTimeInTradeMs uses nowMs for open rows when supplied","status":"passed","title":"getTimeInTradeMs uses nowMs for open rows when supplied","duration":0.0819309999997131,"failureMessages":[],"meta":{},"tags":[]},{"ancestorTitles":["time helpers"],"fullName":"time helpers getTimeInTradeMs returns NaN when open time missing","status":"passed","title":"getTimeInTradeMs returns NaN when open time missing","duration":0.05195800000001327,"failureMessages":[],"meta":{},"tags":[]},{"ancestorTitles":["time helpers"],"fullName":"time helpers getFoLastActivityAt returns the latest of exit/eval/open","status":"passed","title":"getFoLastActivityAt returns the latest of exit/eval/open","duration":0.10254900000018097,"failureMessages":[],"meta":{},"tags":[]},{"ancestorTitles":["time helpers"],"fullName":"time helpers isFoQuoteStale flags open rows past window and treats missing eval as stale","status":"passed","title":"isFoQuoteStale flags open rows past window and treats missing eval as stale","duration":0.11582399999997506,"failureMessages":[],"meta":{},"tags":[]},{"ancestorTitles":["empty-state and option lists"],"fullName":"empty-state and option lists deriveFoEmptyState classifies sections","status":"passed","title":"deriveFoEmptyState classifies sections","duration":0.1012350000000879,"failureMessages":[],"meta":{},"tags":[]},{"ancestorTitles":["empty-state and option lists"],"fullName":"empty-state and option lists builds sorted unique option lists","status":"passed","title":"builds sorted unique option lists","duration":0.19212100000004284,"failureMessages":[],"meta":{},"tags":[]},{"ancestorTitles":["deriveP25Headline"],"fullName":"deriveP25Headline uses the official eligible count and default threshold 20","status":"passed","title":"uses the official eligible count and default threshold 20","duration":0.17732799999976123,"failureMessages":[],"meta":{},"tags":[]},{"ancestorTitles":["deriveP25Headline"],"fullName":"deriveP25Headline baseline 5/20 → 15 remaining, gate open (official rule)","status":"passed","title":"baseline 5/20 → 15 remaining, gate open (official rule)","duration":0.08011399999986679,"failureMessages":[],"meta":{},"tags":[]},{"ancestorTitles":["deriveP25Headline"],"fullName":"deriveP25Headline never goes negative and flips to THRESHOLD_MET at/above the threshold","status":"passed","title":"never goes negative and flips to THRESHOLD_MET at/above the threshold","duration":0.10527400000000853,"failureMessages":[],"meta":{},"tags":[]},{"ancestorTitles":["deriveP25Headline"],"fullName":"deriveP25Headline treats null/undefined/NaN count as unavailable (safe placeholder, gate stays OPEN)","status":"passed","title":"treats null/undefined/NaN count as unavailable (safe placeholder, gate stays OPEN)","duration":71.24884800000018,"failureMessages":[],"meta":{},"tags":[]},{"ancestorTitles":["deriveP25Headline"],"fullName":"deriveP25Headline does NOT change the threshold of 20 by default","status":"passed","title":"does NOT change the threshold of 20 by default","duration":0.11886600000025282,"failureMessages":[],"meta":{},"tags":[]},{"ancestorTitles":["deriveP25EvidenceDetail"],"fullName":"deriveP25EvidenceDetail derives remaining from the official count and default threshold 20","status":"passed","title":"derives remaining from the official count and default threshold 20","duration":0.36482399999977133,"failureMessages":[],"meta":{},"tags":[]},{"ancestorTitles":["deriveP25EvidenceDetail"],"fullName":"deriveP25EvidenceDetail uses ONLY the official mfeAvailableCount, never a raw non-null count","status":"passed","title":"uses ONLY the official mfeAvailableCount, never a raw non-null count","duration":0.419296999999915,"failureMessages":[],"meta":{},"tags":[]},{"ancestorTitles":["deriveP25EvidenceDetail"],"fullName":"deriveP25EvidenceDetail derives excluded/not-MFE-available rows as processed − eligible, clamped to ≥ 0","status":"passed","title":"derives excluded/not-MFE-available rows as processed − eligible, clamped to ≥ 0","duration":0.17572400000017296,"failureMessages":[],"meta":{},"tags":[]},{"ancestorTitles":["deriveP25EvidenceDetail"],"fullName":"deriveP25EvidenceDetail returns null excluded count when processed or eligible is missing","status":"passed","title":"returns null excluded count when processed or eligible is missing","duration":0.4419149999998808,"failureMessages":[],"meta":{},"tags":[]},{"ancestorTitles":["deriveP25EvidenceDetail"],"fullName":"deriveP25EvidenceDetail does not crash and yields safe placeholders for missing/malformed fields","status":"passed","title":"does not crash and yields safe placeholders for missing/malformed fields","duration":1.341374000000087,"failureMessages":[],"meta":{},"tags":[]},{"ancestorTitles":["deriveP25EvidenceDetail"],"fullName":"deriveP25EvidenceDetail flips gate to THRESHOLD_MET at/above the threshold, OPEN below","status":"passed","title":"flips gate to THRESHOLD_MET at/above the threshold, OPEN below","duration":0.13494600000012724,"failureMessages":[],"meta":{},"tags":[]},{"ancestorTitles":["deriveP25EvidenceDetail"],"fullName":"deriveP25EvidenceDetail defaults threshold to 20 and honours an explicit override","status":"passed","title":"defaults threshold to 20 and honours an explicit override","duration":0.08863500000006752,"failureMessages":[],"meta":{},"tags":[]},{"ancestorTitles":["deriveP25EvidenceDetail"],"fullName":"deriveP25EvidenceDetail clamps negative remaining to zero","status":"passed","title":"clamps negative remaining to zero","duration":0.0478570000000218,"failureMessages":[],"meta":{},"tags":[]},{"ancestorTitles":["deriveP25EvidenceDetail"],"fullName":"deriveP25EvidenceDetail treats the disabled endpoint branch as unavailable (gate UNAVAILABLE)","status":"passed","title":"treats the disabled endpoint branch as unavailable (gate UNAVAILABLE)","duration":0.4369259999998576,"failureMessages":[],"meta":{},"tags":[]},{"ancestorTitles":["deriveP25EvidenceDetail"],"fullName":"deriveP25EvidenceDetail normalizes breakdown rows and tolerates malformed group entries","status":"passed","title":"normalizes breakdown rows and tolerates malformed group entries","duration":0.8432920000000195,"failureMessages":[],"meta":{},"tags":[]},{"ancestorTitles":["deriveP25EvidenceDetail"],"fullName":"deriveP25EvidenceDetail does not mutate its input","status":"passed","title":"does not mutate its input","duration":0.11867800000027273,"failureMessages":[],"meta":{},"tags":[]},{"ancestorTitles":["classifyP25PanelError"],"fullName":"classifyP25PanelError returns null when there is no error","status":"passed","title":"returns null when there is no error","duration":0.12398099999973056,"failureMessages":[],"meta":{},"tags":[]},{"ancestorTitles":["classifyP25PanelError"],"fullName":"classifyP25PanelError classifies 401/403 by HTTP status even when the message is textual","status":"passed","title":"classifies 401/403 by HTTP status even when the message is textual","duration":0.5052820000000793,"failureMessages":[],"meta":{},"tags":[]},{"ancestorTitles":["classifyP25PanelError"],"fullName":"classifyP25PanelError falls back to message text for auth when status is absent","status":"passed","title":"falls back to message text for auth when status is absent","duration":0.46056399999997666,"failureMessages":[],"meta":{},"tags":[]},{"ancestorTitles":["classifyP25PanelError"],"fullName":"classifyP25PanelError classifies non-auth failures as network","status":"passed","title":"classifies non-auth failures as network","duration":0.10329300000012154,"failureMessages":[],"meta":{},"tags":[]},{"ancestorTitles":["deriveFoFreshness + FO_SAFETY_STATIC_LINES"],"fullName":"deriveFoFreshness + FO_SAFETY_STATIC_LINES exposes the fixed compliance lines","status":"passed","title":"exposes the fixed compliance lines","duration":0.17498500000010608,"failureMessages":[],"meta":{},"tags":[]},{"ancestorTitles":["deriveFoFreshness + FO_SAFETY_STATIC_LINES"],"fullName":"deriveFoFreshness + FO_SAFETY_STATIC_LINES is healthy when the MTM sweep is recent","status":"passed","title":"is healthy when the MTM sweep is recent","duration":0.22823799999969197,"failureMessages":[],"meta":{},"tags":[]},{"ancestorTitles":["deriveFoFreshness + FO_SAFETY_STATIC_LINES"],"fullName":"deriveFoFreshness + FO_SAFETY_STATIC_LINES is stale when the MTM sweep is older than the window","status":"passed","title":"is stale when the MTM sweep is older than the window","duration":0.07813500000020213,"failureMessages":[],"meta":{},"tags":[]},{"ancestorTitles":["deriveFoFreshness + FO_SAFETY_STATIC_LINES"],"fullName":"deriveFoFreshness + FO_SAFETY_STATIC_LINES falls back to last open-eval timestamp when sweep is missing","status":"passed","title":"falls back to last open-eval timestamp when sweep is missing","duration":0.13243199999988065,"failureMessages":[],"meta":{},"tags":[]},{"ancestorTitles":["deriveFoFreshness + FO_SAFETY_STATIC_LINES"],"fullName":"deriveFoFreshness + FO_SAFETY_STATIC_LINES is unknown when no timestamp or no now (safe placeholder, never throws)","status":"passed","title":"is unknown when no timestamp or no now (safe placeholder, never throws)","duration":0.11621699999977864,"failureMessages":[],"meta":{},"tags":[]},{"ancestorTitles":["deriveFoPnlPct"],"fullName":"deriveFoPnlPct returns unrealisedPnl / capitalDeployed for an open trade","status":"passed","title":"returns unrealisedPnl / capitalDeployed for an open trade","duration":0.15096299999959228,"failureMessages":[],"meta":{},"tags":[]},{"ancestorTitles":["deriveFoPnlPct"],"fullName":"deriveFoPnlPct uses realizedPnl for a closed trade","status":"passed","title":"uses realizedPnl for a closed trade","duration":0.07473200000003999,"failureMessages":[],"meta":{},"tags":[]},{"ancestorTitles":["deriveFoPnlPct"],"fullName":"deriveFoPnlPct coerces numeric strings safely","status":"passed","title":"coerces numeric strings safely","duration":0.05724499999996624,"failureMessages":[],"meta":{},"tags":[]},{"ancestorTitles":["deriveFoPnlPct"],"fullName":"deriveFoPnlPct returns null on zero / missing / non-finite capital (no divide-by-zero)","status":"passed","title":"returns null on zero / missing / non-finite capital (no divide-by-zero)","duration":0.09005399999978181,"failureMessages":[],"meta":{},"tags":[]},{"ancestorTitles":["deriveFoPnlPct"],"fullName":"deriveFoPnlPct returns null when P&L is missing/non-finite","status":"passed","title":"returns null when P&L is missing/non-finite","duration":0.04374600000028295,"failureMessages":[],"meta":{},"tags":[]},{"ancestorTitles":["deriveFoPnlPct"],"fullName":"deriveFoPnlPct does not mutate the input row","status":"passed","title":"does not mutate the input row","duration":0.05032499999970241,"failureMessages":[],"meta":{},"tags":[]},{"ancestorTitles":["deriveP25Display"],"fullName":"deriveP25Display returns unavailable when MFE/MAE is not in the payload — even if fields happen to be present","status":"passed","title":"returns unavailable when MFE/MAE is not in the payload — even if fields happen to be present","duration":0.1635750000000371,"failureMessages":[],"meta":{},"tags":[]},{"ancestorTitles":["deriveP25Display"],"fullName":"deriveP25Display classifies eligible when MFE/MAE fields exist and are valid","status":"passed","title":"classifies eligible when MFE/MAE fields exist and are valid","duration":0.07364700000016455,"failureMessages":[],"meta":{},"tags":[]},{"ancestorTitles":["deriveP25Display"],"fullName":"deriveP25Display classifies the 0/0 MFE/MAE exclusion","status":"passed","title":"classifies the 0/0 MFE/MAE exclusion","duration":0.057255000000168366,"failureMessages":[],"meta":{},"tags":[]},{"ancestorTitles":["deriveP25Display"],"fullName":"deriveP25Display classifies missing MFE/MAE when present-but-null and the flag claims presence","status":"passed","title":"classifies missing MFE/MAE when present-but-null and the flag claims presence","duration":0.05426400000033027,"failureMessages":[],"meta":{},"tags":[]},{"ancestorTitles":["deriveP25Display"],"fullName":"deriveP25Display classifies missing exit premium","status":"passed","title":"classifies missing exit premium","duration":0.5643599999998514,"failureMessages":[],"meta":{},"tags":[]},{"ancestorTitles":["deriveP25Display"],"fullName":"deriveP25Display classifies invalid entry/quantity","status":"passed","title":"classifies invalid entry/quantity","duration":0.11105599999973492,"failureMessages":[],"meta":{},"tags":[]},{"ancestorTitles":["deriveP25Display"],"fullName":"deriveP25Display falls back to not-eligible for a still-open row when the flag claims presence","status":"passed","title":"falls back to not-eligible for a still-open row when the flag claims presence","duration":0.07305399999995643,"failureMessages":[],"meta":{},"tags":[]},{"ancestorTitles":["deriveP25Display"],"fullName":"deriveP25Display does not mutate the input row","status":"passed","title":"does not mutate the input row","duration":0.07182600000032835,"failureMessages":[],"meta":{},"tags":[]},{"ancestorTitles":["formatDurationShort"],"fullName":"formatDurationShort formats hours+minutes for >= 1h","status":"passed","title":"formats hours+minutes for >= 1h","duration":0.09491300000036063,"failureMessages":[],"meta":{},"tags":[]},{"ancestorTitles":["formatDurationShort"],"fullName":"formatDurationShort formats minutes+seconds for < 1h","status":"passed","title":"formats minutes+seconds for < 1h","duration":0.04227199999968434,"failureMessages":[],"meta":{},"tags":[]},{"ancestorTitles":["formatDurationShort"],"fullName":"formatDurationShort formats seconds-only for < 1m","status":"passed","title":"formats seconds-only for < 1m","duration":0.051921999999649415,"failureMessages":[],"meta":{},"tags":[]},{"ancestorTitles":["formatDurationShort"],"fullName":"formatDurationShort returns the dash for NaN / negative, honouring a custom dash","status":"passed","title":"returns the dash for NaN / negative, honouring a custom dash","duration":0.07813899999973728,"failureMessages":[],"meta":{},"tags":[]},{"ancestorTitles":["formatDurationShort"],"fullName":"formatDurationShort is the time-in-trade formatting basis for a closed row","status":"passed","title":"is the time-in-trade formatting basis for a closed row","duration":0.05122900000014852,"failureMessages":[],"meta":{},"tags":[]},{"ancestorTitles":["closed-trade badge derivation (payload without MFE/MAE)"],"fullName":"closed-trade badge derivation (payload without MFE/MAE) marks a profitable closed trade with closed-position, profit, paper-only, no-MFE-data and no fabricated evidence/stale badges","status":"passed","title":"marks a profitable closed trade with closed-position, profit, paper-only, no-MFE-data and no fabricated evidence/stale badges","duration":0.29427799999984927,"failureMessages":[],"meta":{},"tags":[]},{"ancestorTitles":["closed-trade badge derivation (payload without MFE/MAE)"],"fullName":"closed-trade badge derivation (payload without MFE/MAE) marks a losing closed trade with the loss badge","status":"passed","title":"marks a losing closed trade with the loss badge","duration":0.11114900000029593,"failureMessages":[],"meta":{},"tags":[]},{"ancestorTitles":["closed-trade badge derivation (payload without MFE/MAE)"],"fullName":"closed-trade badge derivation (payload without MFE/MAE) never flags a closed row as a stale quote regardless of now","status":"passed","title":"never flags a closed row as a stale quote regardless of now","duration":0.0517970000000787,"failureMessages":[],"meta":{},"tags":[]},{"ancestorTitles":["W3-P6 unique option lists (direction / optionType)"],"fullName":"W3-P6 unique option lists (direction / optionType) builds sorted unique direction and optionType lists","status":"passed","title":"builds sorted unique direction and optionType lists","duration":0.6539400000001478,"failureMessages":[],"meta":{},"tags":[]},{"ancestorTitles":["W3-P6 unique option lists (direction / optionType)"],"fullName":"W3-P6 unique option lists (direction / optionType) ignores blank/missing values","status":"passed","title":"ignores blank/missing values","duration":0.20400400000016816,"failureMessages":[],"meta":{},"tags":[]},{"ancestorTitles":["W3-P6 countActiveFoFilters"],"fullName":"W3-P6 countActiveFoFilters default filters count as zero active","status":"passed","title":"default filters count as zero active","duration":0.08973800000012488,"failureMessages":[],"meta":{},"tags":[]},{"ancestorTitles":["W3-P6 countActiveFoFilters"],"fullName":"W3-P6 countActiveFoFilters paperOnly never counts as an active narrowing filter","status":"passed","title":"paperOnly never counts as an active narrowing filter","duration":0.05100700000002689,"failureMessages":[],"meta":{},"tags":[]},{"ancestorTitles":["W3-P6 countActiveFoFilters"],"fullName":"W3-P6 countActiveFoFilters counts each narrowing constraint independently","status":"passed","title":"counts each narrowing constraint independently","duration":0.07495400000016161,"failureMessages":[],"meta":{},"tags":[]},{"ancestorTitles":["W3-P6 reset semantics"],"fullName":"W3-P6 reset semantics DEFAULT_FO_FILTERS is the canonical reset target and shows everything","status":"passed","title":"DEFAULT_FO_FILTERS is the canonical reset target and shows everything","duration":0.11323600000014267,"failureMessages":[],"meta":{},"tags":[]},{"ancestorTitles":["W3-P6 reset semantics"],"fullName":"W3-P6 reset semantics a structural clone of DEFAULT behaves identically (reset is a fresh copy)","status":"passed","title":"a structural clone of DEFAULT behaves identically (reset is a fresh copy)","duration":0.07896699999992052,"failureMessages":[],"meta":{},"tags":[]},{"ancestorTitles":["W3-P6 filter → sort → group pipeline"],"fullName":"W3-P6 filter → sort → group pipeline open-only filter then sort then group composes deterministically","status":"passed","title":"open-only filter then sort then group composes deterministically","duration":0.13852200000019366,"failureMessages":[],"meta":{},"tags":[]},{"ancestorTitles":["W3-P6 filter → sort → group pipeline"],"fullName":"W3-P6 filter → sort → group pipeline closed-only filter then sort by realised P&L desc","status":"passed","title":"closed-only filter then sort by realised P&L desc","duration":0.07052599999997256,"failureMessages":[],"meta":{},"tags":[]},{"ancestorTitles":["W3-P6 filter → sort → group pipeline"],"fullName":"W3-P6 filter → sort → group pipeline combined filter narrows before sort and group","status":"passed","title":"combined filter narrows bef
[...]
ategory","status":"passed","title":"every row carries a tracked index and category","duration":0.9018790000009176,"failureMessages":[],"meta":{},"tags":[]},{"ancestorTitles":["lookupEtfReference"],"fullName":"lookupEtfReference resolves known ETFs","status":"passed","title":"resolves known ETFs","duration":0.4505559999997786,"failureMessages":[],"meta":{},"tags":[]},{"ancestorTitles":["lookupEtfReference"],"fullName":"lookupEtfReference normalises the input symbol","status":"passed","title":"normalises the input symbol","duration":0.25231300000086776,"failureMessages":[],"meta":{},"tags":[]},{"ancestorTitles":["lookupEtfReference"],"fullName":"lookupEtfReference returns null for unknown / non-ETF symbols","status":"passed","title":"returns null for unknown / non-ETF symbols","duration":0.21291699999710545,"failureMessages":[],"meta":{},"tags":[]},{"ancestorTitles":["etfCategory"],"fullName":"etfCategory prefers the curated category","status":"passed","title":"prefers the curated category","duration":0.27552799999830313,"failureMessages":[],"meta":{},"tags":[]},{"ancestorTitles":["etfCategory"],"fullName":"etfCategory falls back to the heuristic class label when not curated","status":"passed","title":"falls back to the heuristic class label when not curated","duration":0.16390799999862793,"failureMessages":[],"meta":{},"tags":[]},{"ancestorTitles":["etfCategory"],"fullName":"etfCategory gives a readable label for a bare ETF class","status":"passed","title":"gives a readable label for a bare ETF class","duration":0.08984700000291923,"failureMessages":[],"meta":{},"tags":[]},{"ancestorTitles":["describeEtfTrend"],"fullName":"describeEtfTrend returns null when no average is available","status":"passed","title":"returns null when no average is available","duration":0.3738539999976638,"failureMessages":[],"meta":{},"tags":[]},{"ancestorTitles":["describeEtfTrend"],"fullName":"describeEtfTrend returns null when CMP is missing","status":"passed","title":"returns null when CMP is missing","duration":0.24554800000260002,"failureMessages":[],"meta":{},"tags":[]},{"ancestorTitles":["describeEtfTrend"],"fullName":"describeEtfTrend reads above both averages","status":"passed","title":"reads above both averages","duration":0.4814089999999851,"failureMessages":[],"meta":{},"tags":[]},{"ancestorTitles":["describeEtfTrend"],"fullName":"describeEtfTrend reads below both averages","status":"passed","title":"reads below both averages","duration":0.10590500000034808,"failureMessages":[],"meta":{},"tags":[]},{"ancestorTitles":["describeEtfTrend"],"fullName":"describeEtfTrend reads a position between the averages","status":"passed","title":"reads a position between the averages","duration":0.1589349999994738,"failureMessages":[],"meta":{},"tags":[]},{"ancestorTitles":["describeEtfTrend"],"fullName":"describeEtfTrend handles only one average being available","status":"passed","title":"handles only one average being available","duration":0.12921400000050198,"failureMessages":[],"meta":{},"tags":[]}],"startTime":1784035761461,"endTime":1784035761474.1292,"status":"passed","message":"","name":"/app/artifacts/scanner/src/lib/portfolio/etf.test.ts"},{"assertionResults":[{"ancestorTitles":["daysBetween"],"fullName":"daysBetween counts whole days","status":"passed","title":"counts whole days","duration":1.4454100000002654,"failureMessages":[],"meta":{},"tags":[]},{"ancestorTitles":["computeHoldingPeriods"],"fullName":"computeHoldingPeriods classifies long-term, short-term and unknown","status":"passed","title":"classifies long-term, short-term and unknown","duration":0.5604610000009416,"failureMessages":[],"meta":{},"tags":[]},{"ancestorTitles":["computeHoldingPeriods"],"fullName":"computeHoldingPeriods respects a configurable threshold","status":"passed","title":"respects a configurable threshold","duration":0.15573500000027707,"failureMessages":[],"meta":{},"tags":[]},{"ancestorTitles":["computeDividends"],"fullName":"computeDividends computes totals, yield-on-cost and total return incl dividends","status":"passed","title":"computes totals, yield-on-cost and total return incl dividends","duration":0.49211900000227615,"failureMessages":[],"meta":{},"tags":[]},{"ancestorTitles":["computeDividends"],"fullName":"computeDividends reports no dividend data when none entered","status":"passed","title":"reports no dividend data when none entered","duration":0.15012099999876227,"failureMessages":[],"meta":{},"tags":[]},{"ancestorTitles":["computeDividends"],"fullName":"computeDividends includes realised P&L in total return incl dividends","status":"passed","title":"includes realised P&L in total return incl dividends","duration":0.16854899999452755,"failureMessages":[],"meta":{},"tags":[]},{"ancestorTitles":["computeDividends"],"fullName":"computeDividends ignores realised P&L when no live capital return exists","status":"passed","title":"ignores realised P&L when no live capital return exists","duration":0.27548599999863654,"failureMessages":[],"meta":{},"tags":[]}],"startTime":1784035768952,"endTime":1784035768955.2754,"status":"passed","message":"","name":"/app/artifacts/scanner/src/lib/portfolio/holdingPeriod.test.ts"},{"assertionResults":[{"ancestorTitles":["sma"],"fullName":"sma averages the last `period` closes","status":"passed","title":"averages the last `period` closes","duration":3.5614499999974214,"failureMessages":[],"meta":{},"tags":[]},{"ancestorTitles":["sma"],"fullName":"sma returns null when there is insufficient history","status":"passed","title":"returns null when there is insufficient history","duration":0.17776500000036322,"failureMessages":[],"meta":{},"tags":[]},{"ancestorTitles":["sma"],"fullName":"sma returns null for non-positive period","status":"passed","title":"returns null for non-positive period","duration":0.19915100000071106,"failureMessages":[],"meta":{},"tags":[]},{"ancestorTitles":["sma"],"fullName":"sma returns null when a close is non-finite (never fabricates)","status":"passed","title":"returns null when a close is non-finite (never fabricates)","duration":0.11710200000015902,"failureMessages":[],"meta":{},"tags":[]},{"ancestorTitles":["rsi14"],"fullName":"rsi14 needs at least period+1 closes","status":"passed","title":"needs at least period+1 closes","duration":0.2669820000010077,"failureMessages":[],"meta":{},"tags":[]},{"ancestorTitles":["rsi14"],"fullName":"rsi14 returns 100 for a strictly rising series (no losses)","status":"passed","title":"returns 100 for a strictly rising series (no losses)","duration":0.11872299999959068,"failureMessages":[],"meta":{},"tags":[]},{"ancestorTitles":["rsi14"],"fullName":"rsi14 returns 50 for a perfectly flat series","status":"passed","title":"returns 50 for a perfectly flat series","duration":0.2929359999980079,"failureMessages":[],"meta":{},"tags":[]},{"ancestorTitles":["rsi14"],"fullName":"rsi14 returns a value in (0,100) for a mixed series","status":"passed","title":"returns a value in (0,100) for a mixed series","duration":72.28745999999956,"failureMessages":[],"meta":{},"tags":[]},{"ancestorTitles":["rsi14"],"fullName":"rsi14 returns null when any close is non-finite","status":"passed","title":"returns null when any close is non-finite","duration":0.35202399999980116,"failureMessages":[],"meta":{},"tags":[]}],"startTime":1784035767174,"endTime":1784035767251.352,"status":"passed","message":"","name":"/app/artifacts/scanner/src/lib/portfolio/indicators.test.ts"},{"assertionResults":[{"ancestorTitles":["rawToInput"],"fullName":"rawToInput uppercases the symbol and preserves user book-keeping fields","status":"passed","title":"uppercases the symbol and preserves user book-keeping fields","duration":1.4739899999985937,"failureMessages":[],"meta":{},"tags":[]},{"ancestorTitles":["rawToInput"],"fullName":"rawToInput normalises blank optional fields to null","status":"passed","title":"normalises blank optional fields to null","duration":0.19204300000274088,"failureMessages":[],"meta":{},"tags":[]},{"ancestorTitles":["rawToInput"],"fullName":"rawToInput does not persist advisory fields (target/stop)","status":"passed","title":"does not persist advisory fields (target/stop)","duration":0.28022000000055414,"failureMessages":[],"meta":{},"tags":[]},{"ancestorTitles":["holdingToRaw"],"fullName":"holdingToRaw round-trips a holding back into the working model","status":"passed","title":"round-trips a holding back into the working model","duration":0.2621579999977257,"failureMessages":[],"meta":{},"tags":[]},{"ancestorTitles":["holdingToRaw"],"fullName":"holdingToRaw falls back to symbol when name is blank","status":"passed","title":"falls back to symbol when name is blank","duration":0.23667399999976624,"failureMessages":[],"meta":{},"tags":[]},{"ancestorTitles":["manualCmp round-trip"],"fullName":"manualCmp round-trip rawToInput carries a positive manualCmp through","status":"passed","title":"rawToInput carries a positive manualCmp through","duration":0.11381800000162912,"failureMessages":[],"meta":{},"tags":[]},{"ancestorTitles":["manualCmp round-trip"],"fullName":"manualCmp round-trip rawToInput normalises an absent/invalid manualCmp to null","status":"passed","title":"rawToInput normalises an absent/invalid manualCmp to null","duration":0.2118929999996908,"failureMessages":[],"meta":{},"tags":[]},{"ancestorTitles":["manualCmp round-trip"],"fullName":"manualCmp round-trip holdingToRaw reads a persisted manualCmp back into the working model","status":"passed","title":"holdingToRaw reads a persisted manualCmp back into the working model","duration":0.09208300000318559,"failureMessages":[],"meta":{},"tags":[]}],"startTime":1784035762159,"endTime":1784035762162.212,"status":"passed","message":"","name":"/app/artifacts/scanner/src/lib/portfolio/persistence.test.ts"},{"assertionResults":[{"ancestorTitles":["returnLabel"],"fullName":"returnLabel labels a full XIRR when nothing was excluded","status":"passed","title":"labels a full XIRR when nothing was excluded","duration":1.2100419999987935,"failureMessages":[],"meta":{},"tags":[]},{"ancestorTitles":["returnLabel"],"fullName":"returnLabel labels a partial estimate when some holdings were excluded","status":"passed","title":"labels a partial estimate when some holdings were excluded","duration":0.5334659999971336,"failureMessages":[],"meta":{},"tags":[]},{"ancestorTitles":["returnLabel"],"fullName":"returnLabel labels unavailable when no XIRR was computed","status":"passed","title":"labels unavailable when no XIRR was computed","duration":0.35016600000017206,"failureMessages":[],"meta":{},"tags":[]}],"startTime":1784035753457,"endTime":1784035753459.5334,"status":"passed","message":"","name":"/app/artifacts/scanner/src/lib/portfolio/returnLabel.test.ts"},{"assertionResults":[{"ancestorTitles":["computeRiskAnalytics"],"fullName":"computeRiskAnalytics returns empty analytics for no rows","status":"passed","title":"returns empty analytics for no rows","duration":1.5346299999982875,"failureMessages":[],"meta":{},"tags":[]},{"ancestorTitles":["computeRiskAnalytics"],"fullName":"computeRiskAnalytics computes HHI and top-holding weight on current value","status":"passed","title":"computes HHI and top-holding weight on current value","duration":0.4978750000009313,"failureMessages":[],"meta":{},"tags":[]},{"ancestorTitles":["computeRiskAnalytics"],"fullName":"computeRiskAnalytics labels a diversified book","status":"passed","title":"labels a diversified book","duration":0.17573300000003655,"failureMessages":[],"meta":{},"tags":[]},{"ancestorTitles":["computeRiskAnalytics"],"fullName":"computeRiskAnalytics computes value-weighted beta over covered holdings only","status":"passed","title":"computes value-weighted beta over covered holdings only","duration":0.3218669999987469,"failureMessages":[],"meta":{},"tags":[]},{"ancestorTitles":["computeRiskAnalytics"],"fullName":"computeRiskAnalytics identifies top contributor and worst drag","status":"passed","title":"identifies top contributor and worst drag","duration":0.7406870000013441,"failureMessages":[],"meta":{},"tags":[]},{"ancestorTitles":["computeRiskAnalytics"],"fullName":"computeRiskAnalytics flags low data availability","status":"passed","title":"flags low data availability","duration":0.25343100000100094,"failureMessages":[],"meta":{},"tags":[]},{"ancestorTitles":["computeRiskAnalytics"],"fullName":"computeRiskAnalytics computes combined top-3 weight and flags when above threshold","status":"passed","title":"computes combined top-3 weight and flags when above threshold","duration":0.26347700000042096,"failureMessages":[],"meta":{},"tags":[]},{"ancestorTitles":["computeRiskAnalytics"],"fullName":"computeRiskAnalytics does not flag top-3 concentration when 3 or fewer holdings","status":"passed","title":"does not flag top-3 concentration when 3 or fewer holdings","duration":0.135826999998244,"failureMessages":[],"meta":{},"tags":[]},{"ancestorTitles":["computeRiskAnalytics"],"fullName":"computeRiskAnalytics aggregates sector weight over covered value and flags concentration","status":"passed","title":"aggregates sector weight over covered value and flags concentration","duration":0.3100819999999658,"failureMessages":[],"meta":{},"tags":[]},{"ancestorTitles":["computeRiskAnalytics"],"fullName":"computeRiskAnalytics reports sector coverage honestly when some holdings lack a sector","status":"passed","title":"reports sector coverage honestly when some holdings lack a sector","duration":0.4904029999997874,"failureMessages":[],"meta":{},"tags":[]},{"ancestorTitles":["computeRiskAnalytics"],"fullName":"computeRiskAnalytics leaves sector/top-3 unavailable when no live value","status":"passed","title":"leaves sector/top-3 unavailable when no live value","duration":0.17452399999820045,"failureMessages":[],"meta":{},"tags":[]}],"startTime":1784035756975,"endTime":1784035756980.1746,"status":"passed","message":"","name":"/app/artifacts/scanner/src/lib/portfolio/risk.test.ts"},{"assertionResults":[{"ancestorTitles":["computeAnalytics"],"fullName":"computeAnalytics returns null score + null label when there is no live data","status":"passed","title":"returns null score + null label when there is no live data","duration":2.0759840000027907,"failureMessages":[],"meta":{},"tags":[]},{"ancestorTitles":["computeAnalytics"],"fullName":"computeAnalytics scores a healthy holding as Strong Structure","status":"passed","title":"scores a healthy holding as Strong Structure","duration":0.3466819999994186,"failureMessages":[],"meta":{},"tags":[]},{"ancestorTitles":["computeAnalytics"],"fullName":"computeAnalytics labels deep weakness as Exit Review","status":"passed","title":"labels deep weakness as Exit Review","duration":0.14872699999978067,"failureMessages":[],"meta":{},"tags":[]},{"ancestorTitles":["computeAnalytics"],"fullName":"computeAnalytics labels overbought-but-strong as Avoid Fresh Buy","status":"passed","title":"labels overbought-but-strong as Avoid Fresh Buy","duration":0.2167410000001837,"failureMessages":[],"meta":{},"tags":[]},{"ancestorTitles":["computeAnalytics"],"fullName":"computeAnalytics always lists the sector valuation benchmark as unavailable (display-only fundamentals)","status":"passed","title":"always lists the sector valuation benchmark as unavailable (display-only fundamentals)","duration":0.5851020000009157,"failureMessages":[],"meta":{},"tags":[]},{"ancestorTitles":["detectRiskFlags"],"fullName":"detectRiskFlags flags single-stock and sector concentration","status":"passed","title":"flags single-stock and sector concentration","duration":0.20598299999983283,"failureMessages":[],"meta":{},"tags":[]},{"ancestorTitles":["detectRiskFlags"],"fullName":"detectRiskFlags flags below-DMA, drawdown, and RSI extremes","status":"passed","title":"flags below-DMA, drawdown, and RSI extremes","duration":0.29141399999934947,"failureMessages":[],"meta":{},"tags":[]},{"ancestorTitles":["detectRiskFlags"],"fullName":"detectRiskFlags flags missing data","status":"passed","title":"flags missing data","duration":0.1529370000025665,"failureMessages":[],"meta":{},"tags":[]}],"startTime":1784035764774,"endTime":1784035764778.1528,"status":"passed","message":"","name":"/app/artifacts/scanner/src/lib/portfolio/score.test.ts"},{"assertionResults":[{"ancestorTitles":["normalizeSymbol"],"fullName":"normalizeSymbol trims and uppercases","status":"passed","title":"trims and uppercases","duration":1.383440999998129,"failureMessages":[],"meta":{},"tags":[]},{"ancestorTitles":["normalizeSymbol"],"fullName":"normalizeSymbol strips Yahoo-style exchange suffixes (.NS/.BO/.NSE/.BSE)","status":"passed","title":"strips Yahoo-style exchange suffixes (.NS/.BO/.NSE/.BSE)","duration":0.34274699999878067,"failureMessages":[],"meta":{},"tags":[]},{"ancestorTitles":["normalizeSymbol"],"fullName":"normalizeSymbol preserves meaningful symbol characters (& and -)","status":"passed","title":"preserves meaningful symbol characters (& and -)","duration":0.28453000000081374,"failureMessages":[],"meta":{},"tags":[]},{"ancestorTitles":["normalizeSymbol"],"fullName":"normalizeSymbol does not strip a suffix that is not an exchange code","status":"passed","title":"does not strip a suffix that is not an exchange code","duration":0.09393099999942933,"failureMessages":[],"meta":{},"tags":[]},{"ancestorTitles":["normalizeSymbol"],"fullName":"normalizeSymbol handles empty / nullish input safely","status":"passed","title":"handles empty / nullish input safely","duration":0.2733809999990626,"failureMessages":[],"meta":{},"tags":[]},{"ancestorTitles":["classifyInstrument"],"fullName":"classifyInstrument classifies a plain equity","status":"passed","title":"classifies a plain equity","duration":0.2289569999993546,"failureMessages":[],"meta":{},"tags":[]},{"ancestorTitles":["classifyInstrument"],"fullName":"classifyInstrument classifies BEES family as an ETF subtype (always non-equity)","status":"passed","title":"classifies BEES family as an ETF subtype (always non-equity)","duration":0.5631910000010976,"failureMessages":[],"meta":{},"tags":[]},{"ancestorTitles":["classifyInstrument"],"fullName":"classifyInstrument classifies gold/silver ETFs","status":"passed","title":"classifies gold/silver ETFs","duration":0.09803399999873363,"failureMessages":[],"meta":{},"tags":[]},{"ancestorTitles":["classifyInstrument"],"fullName":"classifyInstrument classifies international ETFs","status":"passed","title":"classifies international ETFs","duration":0.29247400000167545,"failureMessages":[],"meta":{},"tags":[]},{"ancestorTitles":["classifyInstrument"],"fullName":"classifyInstrument classifies embedded-token ETFs whose symbol has no word boundary","status":"passed","title":"classifies embedded-token ETFs whose symbol has no word boundary","duration":0.28625300000203424,"failureMessages":[],"meta":{},"tags":[]},{"ancestorTitles":["classifyInstrument"],"fullName":"classifyInstrument classifies generic ETFs by name","status":"passed","title":"classifies generic ETFs by name","duration":0.11918100000184495,"failureMessages":[],"meta":{},"tags":[]},{"ancestorTitles":["fundamentalsApplicable / isEtfClass"],"fullName":"fundamentalsApplicable / isEtfClass fundamentals apply to equity and unknown only","status":"passed","title":"fundamentals apply to equity and unknown only","duration":0.25517199999740114,"failureMessages":[],"meta":{},"tags":[]},{"ancestorTitles":["fundamentalsApplicable / isEtfClass"],"fullName":"fundamentalsApplicable / isEtfClass isEtfClass recognises ETF subtypes","status":"passed","title":"isEtfClass recognises ETF subtypes","duration":0.08715700000175275,"failureMessages":[],"meta":{},"tags":[]},{"ancestorTitles":["alias layer"],"fullName":"alias layer contains verified aliases","status":"passed","title":"contains verified aliases","duration":1.1525519999995595,"failureMessages":[],"meta":{},"tags":[]}],"startTime":1784035759371,"endTime":1784035759377.1526,"status":"passed","message":"","name":"/app/artifacts/scanner/src/lib/portfolio/symbol.test.ts"}]}