{"numTotalTestSuites":220,"numPassedTestSuites":220,"numFailedTestSuites":0,"numPendingTestSuites":0,"numTotalTests":791,"numPassedTests":791,"numFailedTests":0,"numPendingTests":0,"numTodoTests":0,"snapshot":{"added":0,"failure":false,"filesAdded":0,"filesRemoved":0,"filesRemovedList":[],"filesUnmatched":0,"filesUpdated":0,"matched":0,"total":0,"unchecked":0,"uncheckedKeysByFile":[],"unmatched":0,"updated":0,"didUpdate":false},"startTime":1784036999196,"success":true,"testResults":[{"assertionResults":[{"ancestorTitles":["deriveBannerView"],"fullName":"deriveBannerView null/undefined readiness → hidden, no reconnect","status":"passed","title":"null/undefined readiness → hidden, no reconnect","duration":6.731051999999181,"failureMessages":[],"meta":{},"tags":[]},{"ancestorTitles":["deriveBannerView"],"fullName":"deriveBannerView KITE_OFFLINE_PREOPEN → full / critical / reconnect","status":"passed","title":"KITE_OFFLINE_PREOPEN → full / critical / reconnect","duration":0.5894459999981336,"failureMessages":[],"meta":{},"tags":[]},{"ancestorTitles":["deriveBannerView"],"fullName":"deriveBannerView KITE_OFFLINE_MARKET_HOURS → full / critical / reconnect","status":"passed","title":"KITE_OFFLINE_MARKET_HOURS → full / critical / reconnect","duration":0.2675380000000587,"failureMessages":[],"meta":{},"tags":[]},{"ancestorTitles":["deriveBannerView"],"fullName":"deriveBannerView only the two critical offline states are FULL — every other state is a chip","status":"passed","title":"only the two critical offline states are FULL — every other state is a chip","duration":0.3203799999973853,"failureMessages":[],"meta":{},"tags":[]},{"ancestorTitles":["deriveBannerView"],"fullName":"deriveBannerView KITE_CONNECTED_BUT_FEED_STALE → warn chip, no reconnect","status":"passed","title":"KITE_CONNECTED_BUT_FEED_STALE → warn chip, no reconnect","duration":3.259362000000692,"failureMessages":[],"meta":{},"tags":[]},{"ancestorTitles":["deriveBannerView"],"fullName":"deriveBannerView KITE_EXPIRED → warn chip WITH reconnect","status":"passed","title":"KITE_EXPIRED → warn chip WITH reconnect","duration":0.23617000000012922,"failureMessages":[],"meta":{},"tags":[]},{"ancestorTitles":["deriveBannerView"],"fullName":"deriveBannerView KITE_EXPIRES_SOON → info chip (amber), no reconnect","status":"passed","title":"KITE_EXPIRES_SOON → info chip (amber), no reconnect","duration":0.4827789999981178,"failureMessages":[],"meta":{},"tags":[]},{"ancestorTitles":["deriveBannerView"],"fullName":"deriveBannerView KITE_READY → ok chip, no reconnect (legacy: liveQuotes omitted)","status":"passed","title":"KITE_READY → ok chip, no reconnect (legacy: liveQuotes omitted)","duration":0.26703899999847636,"failureMessages":[],"meta":{},"tags":[]},{"ancestorTitles":["deriveBannerView"],"fullName":"deriveBannerView KITE_READY + market open + liveQuotes > 0 → ok chip 'Kite live'","status":"passed","title":"KITE_READY + market open + liveQuotes > 0 → ok chip 'Kite live'","duration":1.4203570000026957,"failureMessages":[],"meta":{},"tags":[]},{"ancestorTitles":["deriveBannerView"],"fullName":"deriveBannerView KITE_READY + market open + liveQuotes = 0 → warn chip 'Kite — waiting for ticks'","status":"passed","title":"KITE_READY + market open + liveQuotes = 0 → warn chip 'Kite — waiting for ticks'","duration":0.4502710000015213,"failureMessages":[],"meta":{},"tags":[]},{"ancestorTitles":["deriveBannerView"],"fullName":"deriveBannerView KITE_READY + market closed + liveQuotes = 0 → ok chip 'Kite — market closed'","status":"passed","title":"KITE_READY + market closed + liveQuotes = 0 → ok chip 'Kite — market closed'","duration":0.4079139999994368,"failureMessages":[],"meta":{},"tags":[]},{"ancestorTitles":["deriveBannerView"],"fullName":"deriveBannerView KITE_READY + market pre_open + liveQuotes = 0 → ok chip 'Kite — market closed'","status":"passed","title":"KITE_READY + market pre_open + liveQuotes = 0 → ok chip 'Kite — market closed'","duration":0.12719099999958416,"failureMessages":[],"meta":{},"tags":[]},{"ancestorTitles":["deriveBannerView"],"fullName":"deriveBannerView market-closed chip is NOT warn (was the contradiction: green topbar vs amber scanner)","status":"passed","title":"market-closed chip is NOT warn (was the contradiction: green topbar vs amber scanner)","duration":4.860298999999941,"failureMessages":[],"meta":{},"tags":[]},{"ancestorTitles":["deriveBannerView"],"fullName":"deriveBannerView waiting-for-ticks chip IS warn (scanner may show delayed data)","status":"passed","title":"waiting-for-ticks chip IS warn (scanner may show delayed data)","duration":0.45620599999892875,"failureMessages":[],"meta":{},"tags":[]}],"startTime":1784037027854,"endTime":1784037027873.8604,"status":"passed","message":"","name":"/app/artifacts/scanner/src/components/global-status-banner.test.ts"},{"assertionResults":[{"ancestorTitles":["getMockProviderStatus — DEV-mode key → MarketDataHealthPublic shape"],"fullName":"getMockProviderStatus — DEV-mode key → MarketDataHealthPublic shape returns null when no override is set (default)","status":"passed","title":"returns null when no override is set (default)","duration":13.707070000000385,"failureMessages":[],"meta":{},"tags":[]},{"ancestorTitles":["getMockProviderStatus — DEV-mode key → MarketDataHealthPublic shape"],"fullName":"getMockProviderStatus — DEV-mode key → MarketDataHealthPublic shape 'session' key → quoteStatus=UNAVAILABLE, sessionStatus=EXPIRED","status":"passed","title":"'session' key → quoteStatus=UNAVAILABLE, sessionStatus=EXPIRED","duration":78.22919599999841,"failureMessages":[],"meta":{},"tags":[]},{"ancestorTitles":["getMockProviderStatus — DEV-mode key → MarketDataHealthPublic shape"],"fullName":"getMockProviderStatus — DEV-mode key → MarketDataHealthPublic shape 'disconnected' key → quoteStatus=STALE, session ACTIVE","status":"passed","title":"'disconnected' key → quoteStatus=STALE, session ACTIVE","duration":10.690216000000873,"failureMessages":[],"meta":{},"tags":[]},{"ancestorTitles":["getMockProviderStatus — DEV-mode key → MarketDataHealthPublic shape"],"fullName":"getMockProviderStatus — DEV-mode key → MarketDataHealthPublic shape 'waiting' key → quoteStatus=CONNECTED_WAITING, session ACTIVE","status":"passed","title":"'waiting' key → quoteStatus=CONNECTED_WAITING, session ACTIVE","duration":2.097515999999814,"failureMessages":[],"meta":{},"tags":[]},{"ancestorTitles":["getMockProviderStatus — DEV-mode key → MarketDataHealthPublic shape"],"fullName":"getMockProviderStatus — DEV-mode key → MarketDataHealthPublic shape 'market_closed' key → quoteStatus=MARKET_CLOSED_SESSION_ACTIVE (banner should hide)","status":"passed","title":"'market_closed' key → quoteStatus=MARKET_CLOSED_SESSION_ACTIVE (banner should hide)","duration":2.016073000000688,"failureMessages":[],"meta":{},"tags":[]},{"ancestorTitles":["getMockProviderStatus — DEV-mode key → MarketDataHealthPublic shape"],"fullName":"getMockProviderStatus — DEV-mode key → MarketDataHealthPublic shape 'kite' key → quoteStatus=LIVE_TICKS (banner should hide)","status":"passed","title":"'kite' key → quoteStatus=LIVE_TICKS (banner should hide)","duration":0.9510940000000119,"failureMessages":[],"meta":{},"tags":[]},{"ancestorTitles":["getMockProviderStatus — DEV-mode key → MarketDataHealthPublic shape"],"fullName":"getMockProviderStatus — DEV-mode key → MarketDataHealthPublic shape unknown key → null (graceful fallback to real fetch)","status":"passed","title":"unknown key → null (graceful fallback to real fetch)","duration":1.1327540000002045,"failureMessages":[],"meta":{},"tags":[]},{"ancestorTitles":["getMockProviderStatus — DEV-mode key → MarketDataHealthPublic shape"],"fullName":"getMockProviderStatus — DEV-mode key → MarketDataHealthPublic shape old key 'no_creds' → null (key removed; old /provider/status shape no longer emitted)","status":"passed","title":"old key 'no_creds' → null (key removed; old /provider/status shape no longer emitted)","duration":0.8889600000002247,"failureMessages":[],"meta":{},"tags":[]},{"ancestorTitles":["getMockProviderStatus — DEV-mode key → MarketDataHealthPublic shape"],"fullName":"getMockProviderStatus — DEV-mode key → MarketDataHealthPublic shape old key 'generic' → null (key removed)","status":"passed","title":"old key 'generic' → null (key removed)","duration":1.6606330000013259,"failureMessages":[],"meta":{},"tags":[]},{"ancestorTitles":["getMockProviderStatus — clearing the override"],"fullName":"getMockProviderStatus — clearing the override '?mockProvider=off' clears a previously-set sessionStorage key","status":"passed","title":"'?mockProvider=off' clears a previously-set sessionStorage key","duration":1.174208999998882,"failureMessages":[],"meta":{},"tags":[]},{"ancestorTitles":["getMockProviderStatus — clearing the override"],"fullName":"getMockProviderStatus — clearing the override '?mockProvider=clear' is an alias for 'off'","status":"passed","title":"'?mockProvider=clear' is an alias for 'off'","duration":0.9898729999986244,"failureMessages":[],"meta":{},"tags":[]},{"ancestorTitles":["getMockProviderStatus — clearing the override"],"fullName":"getMockProviderStatus — clearing the override override survives navigation via sessionStorage even after URL param is stripped","status":"passed","title":"override survives navigation via sessionStorage even after URL param is stripped","duration":0.9347209999996267,"failureMessages":[],"meta":{},"tags":[]},{"ancestorTitles":["getMockProviderStatus — production safety (import.meta.env.DEV gate)"],"fullName":"getMockProviderStatus — production safety (import.meta.env.DEV gate) returns null in production builds even when ?mockProvider= is set in the URL","status":"passed","title":"returns null in production builds even when ?mockProvider= is set in the URL","duration":79.94898900000044,"failureMessages":[],"meta":{},"tags":[]},{"ancestorTitles":["getMockProviderStatus — production safety (import.meta.env.DEV gate)"],"fullName":"getMockProviderStatus — production safety (import.meta.env.DEV gate) returns null in production builds even when sessionStorage already has a key","status":"passed","title":"returns null in production builds even when sessionStorage already has a key","duration":0.4776239999991958,"failureMessages":[],"meta":{},"tags":[]},{"ancestorTitles":["headlineFor — backward-compat shim (deprecated but still exported)"],"fullName":"headlineFor — backward-compat shim (deprecated but still exported) session-expired text → 'Kite session expired — please re-login'","status":"passed","title":"session-expired text → 'Kite session expired — please re-login'","duration":0.5181059999995341,"failureMessages":[],"meta":{},"tags":[]},{"ancestorTitles":["headlineFor — backward-compat shim (deprecated but still exported)"],"fullName":"headlineFor — backward-compat shim (deprecated but still exported) disconnected text → 'Kite WebSocket disconnected — falling back to Yahoo'","status":"passed","title":"disconnected text → 'Kite WebSocket disconnected — falling back to Yahoo'","duration":0.3111160000007658,"failureMessages":[],"meta":{},"tags":[]},{"ancestorTitles":["headlineFor — backward-compat shim (deprecated but still exported)"],"fullName":"headlineFor — backward-compat shim (deprecated but still exported) api key text → 'Kite API credentials not configured'","status":"passed","title":"api key text → 'Kite API credentials not configured'","duration":0.29902799999945273,"failureMessages":[],"meta":{},"tags":[]},{"ancestorTitles":["headlineFor — backward-compat shim (deprecated but still exported)"],"fullName":"headlineFor — backward-compat shim (deprecated but still exported) unrecognised reason falls through to the neutral default","status":"passed","title":"unrecognised reason falls through to the neutral default","duration":0.17207999999845924,"failureMessages":[],"meta":{},"tags":[]},{"ancestorTitles":["headlineFor — backward-compat shim (deprecated but still exported)"],"fullName":"headlineFor — backward-compat shim (deprecated but still exported) empty string falls through to neutral default (never crashes)","status":"passed","title":"empty string falls through to neutral default (never crashes)","duration":0.1383880000012141,"failureMessages":[],"meta":{},"tags":[]}],"startTime":1784037011960,"endTime":1784037012158.1384,"status":"passed","message":"","name":"/app/artifacts/scanner/src/components/kite-offline-banner.test.ts"},{"assertionResults":[{"ancestorTitles":["payloadFromLegs"],"fullName":"payloadFromLegs includes only the whitelisted leg fields","status":"passed","title":"includes only the whitelisted leg fields","duration":15.156409999995958,"failureMessages":[],"meta":{},"tags":[]},{"ancestorTitles":["payloadFromLegs"],"fullName":"payloadFromLegs never carries premium / iv / Greeks / margin / P&L even if smuggled in","status":"passed","title":"never carries premium / iv / Greeks / margin / P&L even if smuggled in","duration":0.9397969999990892,"failureMessages":[],"meta":{},"tags":[]},{"ancestorTitles":["payloadFromLegs"],"fullName":"payloadFromLegs normalises lots: floors floats and clamps to >= 1","status":"passed","title":"normalises lots: floors floats and clamps to >= 1","duration":73.22529599998961,"failureMessages":[],"meta":{},"tags":[]},{"ancestorTitles":["payloadFromLegs"],"fullName":"payloadFromLegs only sends strategyName/journal when explicitly provided","status":"passed","title":"only sends strategyName/journal when explicitly provided","duration":0.40851400000974536,"failureMessages":[],"meta":{},"tags":[]}],"startTime":1784037068961,"endTime":1784037069051.4084,"status":"passed","message":"","name":"/app/artifacts/scanner/src/components/paper-combo-confirm-dialog.test.ts"},{"assertionResults":[{"ancestorTitles":["deriveTvFreshness"],"fullName":"deriveTvFreshness no webhook secret → WEBHOOK_NOT_CONFIGURED (wins even when alerts exist)","status":"passed","title":"no webhook secret → WEBHOOK_NOT_CONFIGURED (wins even when alerts exist)","duration":1.302707000009832,"failureMessages":[],"meta":{},"tags":[]},{"ancestorTitles":["deriveTvFreshness"],"fullName":"deriveTvFreshness secret configured but no alerts → NO_ALERTS_RECEIVED","status":"passed","title":"secret configured but no alerts → NO_ALERTS_RECEIVED","duration":0.2543989999976475,"failureMessages":[],"meta":{},"tags":[]},{"ancestorTitles":["deriveTvFreshness"],"fullName":"deriveTvFreshness newest within window → LIVE, with age + newest timestamp","status":"passed","title":"newest within window → LIVE, with age + newest timestamp","duration":0.21633399999700487,"failureMessages":[],"meta":{},"tags":[]},{"ancestorTitles":["deriveTvFreshness"],"fullName":"deriveTvFreshness newest older than window → STALE (2-month-old never renders LIVE)","status":"passed","title":"newest older than window → STALE (2-month-old never renders LIVE)","duration":4.8531820000062,"failureMessages":[],"meta":{},"tags":[]},{"ancestorTitles":["deriveTvFreshness"],"fullName":"deriveTvFreshness exactly at the window boundary is still LIVE (<=)","status":"passed","title":"exactly at the window boundary is still LIVE (<=)","duration":0.3319489999994403,"failureMessages":[],"meta":{},"tags":[]},{"ancestorTitles":["deriveTvFreshness"],"fullName":"deriveTvFreshness custom windowMinutes is honoured","status":"passed","title":"custom windowMinutes is honoured","duration":1.3547790000011446,"failureMessages":[],"meta":{},"tags":[]},{"ancestorTitles":["deriveTvFreshness"],"fullName":"deriveTvFreshness picks the newest among unsorted alerts","status":"passed","title":"picks the newest among unsorted alerts","duration":0.29144000000087544,"failureMessages":[],"meta":{},"tags":[]}],"startTime":1784037075656,"endTime":1784037075664.3547,"status":"passed","message":"","name":"/app/artifacts/scanner/src/components/tradingview-alerts.test.ts"},{"assertionResults":[{"ancestorTitles":["VERIFICATION_STATUS config"],"fullName":"VERIFICATION_STATUS config has unique ids","status":"passed","title":"has unique ids","duration":2.6411210000005667,"failureMessages":[],"meta":{},"tags":[]},{"ancestorTitles":["VERIFICATION_STATUS config"],"fullName":"VERIFICATION_STATUS config records the agreed human sign-off states","status":"passed","title":"records the agreed human sign-off states","duration":75.71846899999946,"failureMessages":[],"meta":{},"tags":[]},{"ancestorTitles":["VERIFICATION_STATUS config"],"fullName":"VERIFICATION_STATUS config does NOT list the live P25 gate (it is derived live, never static)","status":"passed","title":"does NOT list the live P25 gate (it is derived live, never static)","duration":6.002344000000448,"failureMessages":[],"meta":{},"tags":[]},{"ancestorTitles":["VERIFICATION_STATUS config"],"fullName":"VERIFICATION_STATUS config every entry maps to a renderable severity","status":"passed","title":"every entry maps to a renderable severity","duration":4.045509999996284,"failureMessages":[],"meta":{},"tags":[]}],"startTime":1784037045773,"endTime":1784037045861.0454,"status":"passed","message":"","name":"/app/artifacts/scanner/src/config/verificationStatus.test.ts"},{"assertionResults":[{"ancestorTitles":["computeDominantBlocker"],"fullName":"computeDominantBlocker returns null for an empty blocked array","status":"passed","title":"returns null for an empty blocked array","duration":1.2415639999962877,"failureMessages":[],"meta":{},"tags":[]},{"ancestorTitles":["computeDominantBlocker"],"fullName":"computeDominantBlocker returns null when every row has a non-positive count","status":"passed","title":"returns null when every row has a non-positive count","duration":0.16943199999514036,"failureMessages":[],"meta":{},"tags":[]},{"ancestorTitles":["computeDominantBlocker"],"fullName":"computeDominantBlocker aggregates counts across rows that share a reasonCode and reports the share","status":"passed","title":"aggregates counts across rows that share a reasonCode and reports the share","duration":0.48414300000149524,"failureMessages":[],"meta":{},"tags":[]},{"ancestorTitles":["computeDominantBlocker"],"fullName":"computeDominantBlocker classifies the minimum-risk:reward filter as a LOWER_RR relaxation","status":"passed","title":"classifies the minimum-risk:reward filter as a LOWER_RR relaxation","duration":1.9532389999949373,"failureMessages":[],"meta":{},"tags":[]},{"ancestorTitles":["computeDominantBlocker"],"fullName":"computeDominantBlocker classifies the daily trade cap as a RAISE_TRADE_CAP relaxation with no filter key","status":"passed","title":"classifies the daily trade cap as a RAISE_TRADE_CAP relaxation with no filter key","duration":0.28966599999694154,"failureMessages":[],"meta":{},"tags":[]},{"ancestorTitles":["computeDominantBlocker"],"fullName":"computeDominantBlocker treats a DATA-category block (filter key, data unavailable) as relaxable by disabling the filter","status":"passed","title":"treats a DATA-category block (filter key, data unavailable) as relaxable by disabling the filter","duration":0.16657099999429192,"failureMessages":[],"meta":{},"tags":[]},{"ancestorTitles":["computeDominantBlocker"],"fullName":"computeDominantBlocker falls back to blockedRule label and marks unknown engine reasons not relaxable","status":"passed","title":"falls back to blockedRule label and marks unknown engine reasons not relaxable","duration":0.24115499999606982,"failureMessages":[],"meta":{},"tags":[]},{"ancestorTitles":["computeDominantBlocker"],"fullName":"computeDominantBlocker falls back to blockedRule as the aggregation key when reasonCode is missing","status":"passed","title":"falls back to blockedRule as the aggregation key when reasonCode is missing","duration":0.11655099999916274,"failureMessages":[],"meta":{},"tags":[]},{"ancestorTitles":["isLikelyOverFiltered"],"fullName":"isLikelyOverFiltered is false when nothing was blocked","status":"passed","title":"is false when nothing was blocked","duration":0.34248200000001816,"failureMessages":[],"meta":{},"tags":[]},{"ancestorTitles":["isLikelyOverFiltered"],"fullName":"isLikelyOverFiltered is true on a zero-trade run with blocks","status":"passed","title":"is true on a zero-trade run with blocks","duration":0.19382900000346126,"failureMessages":[],"meta":{},"tags":[]},{"ancestorTitles":["isLikelyOverFiltered"],"fullName":"isLikelyOverFiltered is true on a near-zero run when blocks dwarf trades (≥10×)","status":"passed","title":"is true on a near-zero run when blocks dwarf trades (≥10×)","duration":0.11958400000003166,"failureMessages":[],"meta":{},"tags":[]},{"ancestorTitles":["isLikelyOverFiltered"],"fullName":"isLikelyOverFiltered is false when there are enough trades that blocking is incidental","status":"passed","title":"is false when there are enough trades that blocking is incidental","duration":0.17451099999743747,"failureMessages":[],"meta":{},"tags":[]},{"ancestorTitles":["relaxFilters"],"fullName":"relaxFilters disables the offending boolean filter and leaves the rest intact","status":"passed","title":"disables the offending boolean filter and leaves the rest intact","duration":0.17698999999993248,"failureMessages":[],"meta":{},"tags":[]},{"ancestorTitles":["relaxFilters"],"fullName":"relaxFilters zeroes the minimum risk:reward when that is the dominant blocker","status":"passed","title":"zeroes the minimum risk:reward when that is the dominant blocker","duration":3.4458099999974365,"failureMessages":[],"meta":{},"tags":[]},{"ancestorTitles":["relaxFilters"],"fullName":"relaxFilters does not mutate filters for a non-toggle (trade cap) relaxation","status":"passed","title":"does not mutate filters for a non-toggle (trade cap) relaxation","duration":0.9539789999980712,"failureMessages":[],"meta":{},"tags":[]},{"ancestorTitles":["relaxFilters"],"fullName":"relaxFilters every relaxable boolean key is a real FilterConfig key","status":"passed","title":"every relaxable boolean key is a real FilterConfig key","duration":0.17246200000226963,"failureMessages":[],"meta":{},"tags":[]}],"startTime":1784037058056,"endTime":1784037058066.1724,"status":"passed","message":"","name":"/app/artifacts/scanner/src/lib/backtestBlockers.test.ts"},{"assertionResults":[{"ancestorTitles":["summarizeRunFilters"],"fullName":"summarizeRunFilters null filters → engine-replay short label and engine-replay full tooltip","status":"passed","title":"null filters → engine-replay short label and engine-replay full tooltip","duration":78.5458350000008,"failureMessages":[],"meta":{},"tags":[]},{"ancestorTitles":["summarizeRunFilters"],"fullName":"summarizeRunFilters undefined filters are also treated as engine replay","status":"passed","title":"undefined filters are also treated as engine replay","duration":0.3290210000013758,"failureMessages":[],"meta":{},"tags":[]},{"ancestorTitles":["summarizeRunFilters"],"fullName":"summarizeRunFilters default filters → abbreviated ON-list, R:R and ≤N/day in the short summary","status":"passed","title":"default filters → abbreviated ON-list, R:R and ≤N/day in the short summary","duration":0.23115899999902467,"failureMessages":[],"meta":{},"tags":[]},{"ancestorTitles":["summarizeRunFilters"],"fullName":"summarizeRunFilters a partial config merged over defaults yields the expected abbreviated ON-list","status":"passed","title":"a partial config merged over defaults yields the expected abbreviated ON-list","duration":0.1325250000008964,"failureMessages":[],"meta":{},"tags":[]},{"ancestorTitles":["summarizeRunFilters"],"fullName":"summarizeRunFilters omits the ≤N/day part when maxTradesPerDay is not a number","status":"passed","title":"omits the ≤N/day part when maxTradesPerDay is not a number","duration":0.2952969999969355,"failureMessages":[],"meta":{},"tags":[]},{"ancestorTitles":["summarizeRunFilters"],"fullName":"summarizeRunFilters shows 'no filters' when every abbreviated toggle is off","status":"passed","title":"shows 'no filters' when every abbreviated toggle is off","duration":0.13472900000124355,"failureMessages":[],"meta":{},"tags":[]},{"ancestorTitles":["summarizeRunFilters"],"fullName":"summarizeRunFilters renders n/a when minimumRiskReward is not finite","status":"passed","title":"renders n/a when minimumRiskReward is not finite","duration":3.0480939999979455,"failureMessages":[],"meta":{},"tags":[]},{"ancestorTitles":["summarizeRunFilters"],"fullName":"summarizeRunFilters auto-disabled filters appear only in the full tooltip, never the short summary","status":"passed","title":"auto-disabled filters appear only in the full tooltip, never the short summary","duration":1.1077919999988808,"failureMessages":[],"meta":{},"tags":[]},{"ancestorTitles":["summarizeRunFilters"],"fullName":"summarizeRunFilters full tooltip lists each abbreviated toggle's on/off state plus R:R and max trades","status":"passed","title":"full tooltip lists each abbreviated toggle's on/off state plus R:R and max trades","duration":2.416623000000982,"failureMessages":[],"meta":{},"tags":[]},{"ancestorTitles":["summarizeRunFilters"],"fullName":"summarizeRunFilters a strategy's ignored filters are dropped from the active ON-list and listed as ignored","status":"passed","title":"a strategy's ignored filters are dropped from the active ON-list and listed as ignored","duration":0.2692449999995006,"failureMessages":[],"meta":{},"tags":[]},{"ancestorTitles":["summarizeRunFilters"],"fullName":"summarizeRunFilters ignored filters do not show in the ignored-tail when they were off in the run","status":"passed","title":"ignored filters do not show in the ignored-tail when they were off in the run","duration":1.7844699999986915,"failureMessages":[],"meta":{},"tags":[]},{"ancestorTitles":["summarizeRunFilters"],"fullName":"summarizeRunFilters an ignored R:R is omitted from the active summary and flagged in the ignored-tail","status":"passed","title":"an ignored R:R is omitted from the active summary and flagged in the ignored-tail","duration":0.15091100000063307,"failureMessages":[],"meta":{},"tags":[]},{"ancestorTitles":["summarizeRunFilters"],"fullName":"summarizeRunFilters full tooltip annotates ignored toggles with '(ignored by this strategy)'","status":"passed","title":"full tooltip annotates ignored toggles with '(ignored by this strategy)'","duration":0.38574900000094203,"failureMessages":[],"meta":{},"tags":[]},{"ancestorTitles":["summarizeRunFilters"],"fullName":"summarizeRunFilters an empty or undefined ignored set leaves the summary unchanged","status":"passed","title":"an empty or undefined ignored set leaves the summary unchanged","duration":2.8948640000016894,"failureMessages":[],"meta":{},"tags":[]},{"ancestorTitles":["summarizeRunFilters"],"fullName":"summarizeRunFilters ignored filters never apply to engine-replay (null) rows","status":"passed","title":"ignored filters never apply to engine-replay (null) rows","duration":0.27289699999892036,"failureMessages":[],"meta":{},"tags":[]},{"ancestorTitles":["summarizeRunFilters"],"fullName":"summarizeRunFilters adds a 'Why ignored' line to the full tooltip when a rationale is supplied","status":"passed","title":"adds a 'Why ignored' line to the full tooltip when a rationale is supplied","duration":0.27964000000065425,"failureMessages":[],"meta":{},"tags":[]},{"ancestorTitles":["summarizeRunFilters"],"fullName":"summarizeRunFilters does not add a 'Why ignored' line when the strategy ignores nothing","status":"passed","title":"does not add a 'Why ignored' line when the strategy ignores nothing","duration":0.11539400000037858,"failureMessages":[],"meta":{},"tags":[]},{"ancestorTitles":["summarizeRunFilters"],"fullName":"summarizeRunFilters does not add a 'Why ignored' line when the rationale is blank even if filters are ignored","status":"passed","title":"does not add a 'Why ignored' line when the rationale is blank even if filters are ignored","duration":0.6170710000005784,"failureMessages":[],"meta":{},"tags":[]},{"ancestorTitles":["summarizeRunFilters"],"fullName":"summarizeRunFilters never adds a rationale line to engine-replay rows","status":"passed","title":"never adds a rationale line to engine-replay rows","duration":0.1723149999997986,"failureMessages":[],"meta":{},"tags":[]}],"startTime":1784037022576,"endTime":1784037022669.6172,"status":"passed","message":"","name":"/app/artifacts/scanner/src/lib/backtestRunSummary.test.ts"},{"assertionResults":[{"ancestorTitles":["candleSourceBadge"],"fullName":"candleSourceBadge returns null when provenance is null or undefined (honest 'unavailable')","status":"passed","title":"returns null when provenance is null or undefined (honest 'unavailable')","duration":1.2642400000004272,"failureMessages":[],"meta":{},"tags":[]},{"ancestorTitles":["candleSourceBadge"],"fullName":"candleSourceBadge kite-dominant + fresh → Kite source, delayed (EOD), no fallback","status":"passed","title":"kite-dominant + fresh → Kite source, delayed (EOD), no fallback","duration":5.716185000001133,"failureMessages":[],"meta":{},"tags":[]},{"ancestorTitles":["candleSourceBadge"],"fullName":"candleSourceBadge yahoo-dominant → Yahoo source with fallback flagged","status":"passed","title":"yahoo-dominant → Yahoo source with fallback flagged","duration":0.6376410000011674,"failureMessages":[],"meta":{},"tags":[]},{"ancestorTitles":["candleSourceBadge"],"fullName":"candleSourceBadge mixed → mixed source, fallback flagged, counts in note","status":"passed","title":"mixed → mixed source, fallback flagged, counts in note","duration":0.25278999999864027,"failureMessages":[],"meta":{},"tags":[]},{"ancestorTitles":["candleSourceBadge"],"fullName":"candleSourceBadge not fresh → stale status + stale note suffix (honest, never silently 'delayed')","status":"passed","title":"not fresh → stale status + stale note suffix (honest, never silently 'delayed')","duration":0.2936359999985143,"failureMessages":[],"meta":{},"tags":[]},{"ancestorTitles":["candleSourceBadge"],"fullName":"candleSourceBadge stale carries over to the yahoo fallback path too","status":"passed","title":"stale carries over to the yahoo fallback path too","duration":0.16460199999710312,"failureMessages":[],"meta":{},"tags":[]},{"ancestorTitles":["candleSourceBadge"],"fullName":"candleSourceBadge none → unknown source, down status, never fabricated","status":"passed","title":"none → unknown source, down status, never fabricated","duration":0.4809339999992517,"failureMessages":[],"meta":{},"tags":[]}],"startTime":1784037028259,"endTime":1784037028268.481,"status":"passed","message":"","name":"/app/artifacts/scanner/src/lib/candleSourceBadge.test.ts"},{"assertionResults":[{"ancestorTitles":["deriveFnoEmptyReason — cause priority"],"fullName":"deriveFnoEmptyReason — cause priority market closed (marketStatus.marketOpen=false) wins over everything (even when Kite is offline)","status":"passed","title":"market closed (marketStatus.marketOpen=false) wins over everything (even when Kite is offline)","duration":2.739808999998786,"failureMessages":[],"meta":{},"tags":[]},{"ancestorTitles":["deriveFnoEmptyReason — cause priority"],"fullName":"deriveFnoEmptyReason — cause priority pre_open (marketStatus.marketOpen=false, reason=PRE_OPEN) is treated as market closed","status":"passed","title":"pre_open (marketStatus.marketOpen=false, reason=PRE_OPEN) is treated as market closed","duration":0.17774199999985285,"failureMessages":[],"meta":{},"tags":[]},{"ancestorTitles":["deriveFnoEmptyReason — cause priority"],"fullName":"deriveFnoEmptyReason — cause priority stale cache: marketState=closed with NO marketStatus → floor message (not market-closed)","status":"passed","title":"stale cache: marketState=closed with NO marketStatus → floor message (not market-closed)","duration":0.14339200000176788,"failureMessages":[],"meta":{},"tags":[]},{"ancestorTitles":["deriveFnoEmptyReason — cause priority"],"fullName":"deriveFnoEmptyReason — cause priority market open + Kite session invalid → Kite offline message","status":"passed","title":"market open + Kite session invalid → Kite offline message","duration":0.22195799999826704,"failureMessages":[],"meta":{},"tags":[]},{"ancestorTitles":["deriveFnoEmptyReason — cause priority"],"fullName":"deriveFnoEmptyReason — cause priority market open + feed disconnected → Kite offline message","status":"passed","title":"market open + feed disconnected → Kite offline message","duration":0.22456099999908474,"failureMessages":[],"meta":{},"tags":[]},{"ancestorTitles":["deriveFnoEmptyReason — cause priority"],"fullName":"deriveFnoEmptyReason — cause priority market open + Kite ok + option-chain suppression → option chain message","status":"passed","title":"market open + Kite ok + option-chain suppression → option chain message","duration":0.21115199999985634,"failureMessages":[],"meta":{},"tags":[]},{"ancestorTitles":["deriveFnoEmptyReason — cause priority"],"fullName":"deriveFnoEmptyReason — cause priority market open + Kite ok + only floor/veto reasons → floor message","status":"passed","title":"market open + Kite ok + only floor/veto reasons → floor message","duration":2.5945210000027146,"failureMessages":[],"meta":{},"tags":[]},{"ancestorTitles":["deriveFnoEmptyReason — cause priority"],"fullName":"deriveFnoEmptyReason — cause priority undefined data + null readiness → floor message (safe default)","status":"passed","title":"undefined data + null readiness → floor message (safe default)","duration":0.19883800000025076,"failureMessages":[],"meta":{},"tags":[]},{"ancestorTitles":["deriveFnoEmptyReason — cause priority"],"fullName":"deriveFnoEmptyReason — cause priority marketStatus.marketOpen=false wins over stale marketState (prefer new field)","status":"passed","title":"marketStatus.marketOpen=false wins over stale marketState (prefer new field)","duration":0.33540499999799067,"failureMessages":[],"meta":{},"tags":[]},{"ancestorTitles":["deriveFnoEmptyReason — cause priority"],"fullName":"deriveFnoEmptyReason — cause priority marketStatus.marketOpen=true → does NOT say market is closed even when marketState=closed (stale cache fix)","status":"passed","title":"marketStatus.marketOpen=true → does NOT say market is closed even when marketState=closed (stale cache fix)","duration":0.3805500000016764,"failureMessages":[],"meta":{},"tags":[]},{"ancestorTitles":["deriveFnoEmptyReason — cause priority"],"fullName":"deriveFnoEmptyReason — cause priority marketStatus.marketOpen=true + Kite offline → Kite message (not market closed)","status":"passed","title":"marketStatus.marketOpen=true + Kite offline → Kite message (not market closed)","duration":0.22043399999893154,"failureMessages":[],"meta":{},"tags":[]},{"ancestorTitles":["deriveFnoEmptyReason — cause priority"],"fullName":"deriveFnoEmptyReason — cause priority no marketStatus and no marketState → floor message (safe when both absent)","status":"passed","title":"no marketStatus and no marketState → floor message (safe when both absent)","duration":0.08312399999704212,"failureMessages":[],"meta":{},"tags":[]},{"ancestorTitles":["buildFnoIndexRows"],"fullName":"buildFnoIndexRows always returns exactly the 3 F&O indices in order","status":"passed","title":"always returns exactly the 3 F&O indices in order","duration":0.8107130000025791,"failureMessages":[],"meta":{},"tags":[]},{"ancestorTitles":["buildFnoIndexRows"],"fullName":"buildFnoIndexRows null readiness → liveKiteData is honest '—' (never a fake Live)","status":"passed","title":"null readiness → liveKiteData is honest '—' (never a fake Live)","duration":0.4598610000030021,"failureMessages":[],"meta":{},"tags":[]},{"ancestorTitles":["buildFnoIndexRows"],"fullName":"buildFnoIndexRows ready readiness → Live; offline → Offline","status":"passed","title":"ready readiness → Live; offline → Offline","duration":0.3279069999989588,"failureMessages":[],"meta":{},"tags":[]},{"ancestorTitles":["buildFnoIndexRows"],"fullName":"buildFnoIndexRows candidate count + Option Chain Available when signals exist for the index","status":"passed","title":"candidate count + Option Chain Available when signals exist for the index","duration":0.32277999999860185,"failureMessages":[],"meta":{},"tags":[]},{"ancestorTitles":["buildFnoIndexRows"],"fullName":"buildFnoIndexRows Option Chain Unavailable when a suppression reason names the chain","status":"passed","title":"Option Chain Unavailable when a suppression reason names the chain","duration":0.1948240000019723,"failureMessages":[],"meta":{},"tags":[]},{"ancestorTitles":["buildFnoIndexRows"],"fullName":"buildFnoIndexRows Option Chain '—' when neither signals nor a chain reason exist","status":"passed","title":"Option Chain '—' when neither signals nor a chain reason exist","duration":0.16352000000188127,"failureMessages":[],"meta":{},"tags":[]},{"ancestorTitles":["buildFnoIndexRows"],"fullName":"buildFnoIndexRows reason joins suppressed reasons; '—' when none and no signals","status":"passed","title":"reason joins suppressed reasons; '—' when none and no signals","duration":0.1996130000006815,"failureMessages":[],"meta":{},"tags":[]},{"ancestorTitles":["buildFnoIndexRows"],"fullName":"buildFnoIndexRows reason is 'Setups live' when the index has signals but no suppression","status":"passed","title":"reason is 'Setups live' when the index has signals but no suppression","duration":0.33903099999952246,"failureMessages":[],"meta":{},"tags":[]},{"ancestorTitles":["buildFnoIndexRows"],"fullName":"buildFnoIndexRows state label reflects marketState","status":"passed","title":"state label reflects marketState","duration":0.1685940000024857,"failureMessages":[],"meta":{},"tags":[]},{"ancestorTitles":["buildFnoIndexRows"],"fullName":"buildFnoIndexRows state label prefers marketStatus.marketOpen=true over stale marketState=closed","status":"passed","title":"state label prefers marketStatus.marketOpen=true over stale marketState=closed","duration":0.08548499999960768,"failureMessages":[],"meta":{},"tags":[]},{"ancestorTitles":["buildFnoIndexRows"],"fullName":"buildFnoIndexRows state label from marketStatus: closed→Closed, PRE_OPEN→Pre-open","status":"passed","title":"state label from marketStatus: closed→Closed, PRE_OPEN→Pre-open","duration":0.0925119999992603,"failureMessages":[],"meta":{},"tags":[]},{"ancestorTitles":["deriveSessionBannerState"],"fullName":"deriveSessionBannerState returns show:false when readiness is null (non-owner)","status":"passed","title":"returns show:false when readiness is null (non-owner)","duration":0.15604499999972177,"failureMessages":[],"meta":{},"tags":[]},{"ancestorTitles":["deriveSessionBannerState"],"fullName":"deriveSessionBannerState returns show:false when market is closed (marketStatus.marketOpen=false)","status":"passed","title":"returns show:false when market is closed (marketStatus.marketOpen=false)","duration":0.09410599999682745,"failureMessages":[],"meta":{},"tags":[]},{"ancestorTitles":["deriveSessionBannerState"],"fullName":"deriveSessionBannerState returns show:false when data is undefined/null","status":"passed","title":"returns show:false when data is undefined/null","duration":0.052169999999023275,"failureMessages":[],"meta":{},"tags":[]},{"ancestorTitles":["deriveSessionBannerState"],"fullName":"deriveSessionBannerState returns show:false when fewer than 3 indices are suppressed","status":"passed","title":"returns show:false when fewer than 3 indices are suppressed","duration":0.06294799999886891,"failureMessages":[],"meta":{},"tags":[]},{"ancestorTitles":["deriveSessionBannerState"],"fullName":"deriveSessionBannerState returns show:false when at least one index has a live signal","status":"passed","title":"returns show:false when at least one index has a live signal","duration":0.06047799999942072,"failureMessages":[],"meta":{},"tags":[]},{"ancestorTitles":["deriveSessionBannerState"],"fullName":"deriveSessionBannerState classifies KITE_SESSION_EXPIRED when all 3 suppressed with no_live_kite_intraday","status":"passed","title":"classifies KITE_SESSION_EXPIRED when all 3 suppressed with no_live_kite_intraday","duration":0.13470699999743374,"failureMessages":[],"meta":{},"tags":[]},{"ancestorTitles":["deriveSessionBannerState"],"fullName":"deriveSessionBannerState classifies FNO_DATA_WARMING_UP when all 3 suppressed with daily_history_warmup","status":"passed","title":"classifies FNO_DATA_WARMING_UP when all 3 suppressed with daily_history_warmup","duration":0.11074599999847123,"failureMessages":[],"meta":{},"tags":[]},{"ancestorTitles":["deriveSessionBannerState"],"fullName":"deriveSessionBannerState classifies FNO_ALL_SUPPRESSED for non-data reasons (not marked isDataIssue)","status":"passed","title":"classifies FNO_ALL_SUPPRESSED for non-data reasons (not marked isDataIssue)","duration":0.09698700000080862,"failureMessages":[],"meta":{},"tags":[]},{"ancestorTitles":["deriveSessionBannerState"],"fullName":"deriveSessionBannerState KITE_SESSION_EXPIRED takes precedence over DAILY_HISTORY_WARMUP in mixed reasons","status":"passed","title":"KITE_SESSION_EXPIRED takes precedence over DAILY_HISTORY_WARMUP in mixed reasons","duration":0.1312050000015006,"failureMessages":[],"meta":{},"tags":[]},{"ancestorTitles":["deriveSessionBannerState"],"fullName":"deriveSessionBannerState passes through gapTradingDays=null when not provided","status":"passed","title":"passes through gapTradingDays=null when not provided","duration":0.1416109999991022,"failureMessages":[],"meta":{},"tags":[]},{"ancestorTitles":["deriveSessionBannerState"],"fullName":"deriveSessionBannerState returns show:false when marketStatus.marketOpen=false (prefers new field over marketState)","status":"passed","title":"returns show:false when marketStatus.marketOpen=false (prefers new field over marketState)","duration":0.11851100000058068,"failureMessages":[],"meta":{},"tags":[]},{"ancestorTitles":["deriveSessionBannerState"],"fullName":"deriveSessionBannerState shows banner when marketStatus.marketOpen=true even if marketState=closed (stale cache fix)","status":"passed","title":"shows banner when marketStatus.marketOpen=true even if marketState=closed (stale cache fix)","duration":0.13388099999792757,"failureMessages":[],"meta":{},"tags":[]}],"startTime":1784037015662,"endTime":1784037015674.1416,"status":"passed","message":"","name":"/app/artifacts/scanner/src/lib/fnoEmptyState.test.ts"},{"assertionResults":[{"ancestorTitles":["G classifyFnoReason"],"fullName":"G classifyFnoReason routes Kite session expired → DATA_FAILURE","status":"passed","title":"routes Kite session expired → DATA_FAILURE","duration":1.7723839999998745,"failureMessages":[],"meta":{},"tags":[]},{"ancestorTitles":["G classifyFnoReason"],"fullName":"G classifyFnoReason routes market gates → MARKET_CLOSED","status":"passed","title":"routes market gates → MARKET_CLOSED","duration":3.2420009999987087,"failureMessages":[],"meta":{},"tags":[]},{"ancestorTitles":["G classifyFnoReason"],"fullName":"G classifyFnoReason routes broker off → BROKER_DISABLED","status":"passed","title":"routes broker off → BROKER_DISABLED","duration":0.3496949999971548,"failureMessages":[],"meta":{},"tags":[]},{"ancestorTitles":["G classifyFnoReason"],"fullName":"G classifyFnoReason routes free-cash gates → CAPITAL_BLOCK","status":"passed","title":"routes free-cash gates → CAPITAL_BLOCK","duration":0.5513299999984156,"failureMessages":[],"meta":{},"tags":[]},{"ancestorTitles":["G classifyFnoReason"],"fullName":"G classifyFnoReason routes risk-management gates → RISK_VETO","status":"passed","title":"routes risk-management gates → RISK_VETO","duration":1.8816760000008799,"failureMessages":[],"meta":{},"tags":[]},{"ancestorTitles":["G classifyFnoReason"],"fullName":"G classifyFnoReason routes confidence/demote → SIGNAL_QUALITY","status":"passed","title":"routes confidence/demote → SIGNAL_QUALITY","duration":83.32503300000099,"failureMessages":[],"meta":{},"tags":[]},{"ancestorTitles":["G classifyFnoReason"],"fullName":"G classifyFnoReason routes no-fire → NO_SETUP","status":"passed","title":"routes no-fire → NO_SETUP","duration":6.8111620000017865,"failureMessages":[],"meta":{},"tags":[]},{"ancestorTitles":["G classifyFnoReason"],"fullName":"G classifyFnoReason falls back to OTHER for unknown text","status":"passed","title":"falls back to OTHER for unknown text","duration":0.38288200000170036,"failureMessages":[],"meta":{},"tags":[]},{"ancestorTitles":["G classifyFnoReason"],"fullName":"G classifyFnoReason has a label for every category","status":"passed","title":"has a label for every category","duration":7.743439000001672,"failureMessages":[],"meta":{},"tags":[]},{"ancestorTitles":["G summarizeFnoReasons"],"fullName":"G summarizeFnoReasons groups and counts by category, preserving stable order","status":"passed","title":"groups and counts by category, preserving stable order","duration":7.0748380000004545,"failureMessages":[],"meta":{},"tags":[]},{"ancestorTitles":["G summarizeFnoReasons"],"fullName":"G summarizeFnoReasons caps samples[] to 3","status":"passed","title":"caps samples[] to 3","duration":8.65574099999867,"failureMessages":[],"meta":{},"tags":[]},{"ancestorTitles":["G summarizeFnoReasons"],"fullName":"G summarizeFnoReasons returns empty array for empty input","status":"passed","title":"returns empty array for empty input","duration":0.6655109999992419,"failureMessages":[],"meta":{},"tags":[]}],"startTime":1784037017364,"endTime":1784037017488.6655,"status":"passed","message":"","name":"/app/artifacts/scanner/src/lib/fnoReasonCategories.test.ts"},{"assertionResults":[{"ancestorTitles":["safe primitives"],"fullName":"safe primitives toNum parses numbers, numeric strings, and rejects junk","status":"passed","title":"toNum parses numbers, numeric strings, and rejects junk","duration":1.6086919999997917,"failureMessages":[],"meta":{},"tags":[]},{"ancestorTitles":["safe primitives"],"fullName":"safe primitives parseTs parses ISO and rejects junk","status":"passed","title":"parseTs parses ISO and rejects junk","duration":0.2880769999992481,"failureMessages":[],"meta":{},"tags":[]},{"ancestorTitles":["safe primitives"],"fullName":"safe primitives getQuantity multiplies lots × lotSize and guards missing","status":"passed","title":"getQuantity multiplies lots × lotSize and guards missing","duration":0.25396900000123424,"failureMessages":[],"meta":{},"tags":[]},{"ancestorTitles":["safe primitives"],"fullName":"safe primitives effectivePnl picks realised for closed, unrealised for open","status":"passed","title":"effectivePnl picks realised for closed, unrealised for open","duration":0.19604400000025635,"failureMessages":[],"meta":{},"tags":[]},{"ancestorTitles":["safe primitives"],"fullName":"safe primitives hasMfeMaeEvidence rejects missing and 0/0","status":"passed","title":"hasMfeMaeEvidence rejects missing and 0/0","duration":0.30823599999894213,"failureMessages":[],"meta":{},"tags":[]},{"ancestorTitles":["P25 official eligibility"],"fullName":"P25 official eligibility eligible closed trade with non-zero MFE/MAE passes","status":"passed","title":"eligible closed trade with non-zero MFE/MAE passes","duration":0.19707800000105635,"failureMessages":[],"meta":{},"tags":[]},{"ancestorTitles":["P25 official eligibility"],"fullName":"P25 official eligibility closed trade with maxRunup=0 AND maxDrawdown=0 is excluded","status":"passed","title":"closed trade with maxRunup=0 AND maxDrawdown=0 is excluded","duration":0.22400000000016007,"failureMessages":[],"meta":{},"tags":[]},{"ancestorTitles":["P25 official eligibility"],"fullName":"P25 official eligibility non-zero on only one side still counts (NOT a 0/0 placeholder)","status":"passed","title":"non-zero on only one side still counts (NOT a 0/0 placeholder)","duration":0.14685800000006566,"failureMessages":[],"meta":{},"tags":[]},{"ancestorTitles":["P25 official eligibility"],"fullName":"P25 official eligibility raw non-null MFE/MAE is NOT sufficient — 0/0 present but non-null is excluded","status":"passed","title":"raw non-null MFE/MAE is NOT sufficient — 0/0 present but non-null is excluded","duration":0.4592740000007325,"failureMessages":[],"meta":{},"tags":[]},{"ancestorTitles":["P25 official eligibility"],"fullName":"P25 official eligibility open trade is excluded (not_closed)","status":"passed","title":"open trade is excluded (not_closed)","duration":0.24493000000074971,"failureMessages":[],"meta":{},"tags":[]},{"ancestorTitles":["P25 official eligibility"],"fullName":"P25 official eligibility missing exit premium excluded","status":"passed","title":"missing exit premium excluded","duration":0.09699000000000524,"failureMessages":[],"meta":{},"tags":[]},{"ancestorTitles":["P25 official eligibility"],"fullName":"P25 official eligibility invalid entry premium excluded (zero / negative / missing)","status":"passed","title":"invalid entry premium excluded (zero / negative / missing)","duration":0.7897549999997864,"failureMessages":[],"meta":{},"tags":[]},{"ancestorTitles":["P25 official eligibility"],"fullName":"P25 official eligibility invalid quantity excluded (lots or lotSize missing / zero)","status":"passed","title":"invalid quantity excluded (lots or lotSize missing / zero)","duration":0.21424300000035146,"failureMessages":[],"meta":{},"tags":[]},{"ancestorTitles":["P25 official eligibility"],"fullName":"P25 official eligibility missing MFE/MAE excluded","status":"passed","title":"missing MFE/MAE excluded","duration":0.44183799999882467,"failureMessages":[],"meta":{},"tags":[]},{"ancestorTitles":["P25 official eligibility"],"fullName":"P25 official eligibility official summary count uses only eligible trades; remaining = threshold - count","status":"passed","title":"official summary count uses only eligible trades; remaining = threshold - count","duration":0.7356129999989207,"failureMessages":[],"meta":{},"tags":[]},{"ancestorTitles":["P25 official eligibility"],"fullName":"P25 official eligibility gate closes when eligible count reaches the threshold","status":"passed","title":"gate closes when eligible count reaches the threshold","duration":0.3438979999991716,"failureMessages":[],"meta":{},"tags":[]},{"ancestorTitles":["P25 official eligibility"],"fullName":"P25 official eligibility lastEligible is the most recently exited eligible trade","status":"passed","title":"lastEligible is the most recently exited eligible trade","duration":0.13414499999998952,"failureMessages":[],"meta":{},"tags":[]},{"ancestorTitles":["P25 official eligibility"],"fullName":"P25 official eligibility deriveP25Summary does not mutate input","status":"passed","title":"deriveP25Summary does not mutate input","duration":0.11120500000106404,"failureMessages":[],"meta":{},"tags":[]},{"ancestorTitles":["summarizeFoCockpit"],"fullName":"summarizeFoCockpit aggregates counts, P&L, win/loss, averages, extrema","status":"passed","title":"aggregates counts, P&L, win/loss, averages, extrema","duration":0.43177900000046066,"failureMessages":[],"meta":{},"tags":[]},{"ancestorTitles":["summarizeFoCockpit"],"fullName":"summarizeFoCockpit avg MFE/MAE exclude 0/0 placeholder rows (honesty — never counted as zero)","status":"passed","title":"avg MFE/MAE exclude 0/0 placeholder rows (honesty — never counted as zero)","duration":0.2869859999991604,"failureMessages":[],"meta":{},"tags":[]},{"ancestorTitles":["summarizeFoCockpit"],"fullName":"summarizeFoCockpit avg MFE/MAE are null with evidence count 0 when no closed trade has a recorded path","status":"passed","title":"avg MFE/MAE are null with evidence count 0 when no closed trade has a recorded path","duration":0.22004299999935029,"failureMessages":[],"meta":{},"tags":[]},{"ancestorTitles":["summarizeFoCockpit"],"fullName":"summarizeFoCockpit closedTodayCount is null without a date, and filters by exit date when supplied","status":"passed","title":"closedTodayCount is null without a date, and filters by exit date when supplied","duration":0.2176419999996142,"failureMessages":[],"meta":{},"tags":[]},{"ancestorTitles":["summarizeFoCockpit"],"fullName":"summarizeFoCockpit last open / evaluation timestamps are the latest seen","status":"passed","title":"last open / evaluation timestamps are the latest seen","duration":0.11793000000034226,"failureMessages":[],"meta":{},"tags":[]},{"ancestorTitles":["summarizeFoCockpit"],"fullName":"summarizeFoCockpit P25 fields reflect only eligible closed trades","status":"passed","title":"P25 fields reflect only eligible closed trades","duration":0.2928360000005341,"failureMessages":[],"meta":{},"tags":[]},{"ancestorTitles":["summarizeFoCockpit"],"fullName":"summarizeFoCockpit handles empty arrays without throwing","status":"passed","title":"handles empty arrays without throwing","duration":0.31473000000005413,"failureMessages":[],"meta":{},"tags":[]},{"ancestorTitles":["summarizeFoCockpit"],"fullName":"summarizeFoCockpit ignores non-finite P&L when summing","status":"passed","title":"ignores non-finite P&L when summing","duration":0.1770120000001043,"failureMessages":[],"meta":{},"tags":[]},{"ancestorTitles":["deriveFoRiskBadges"],"fullName":"deriveFoRiskBadges always tags paper-only","status":"passed","title":"always tags paper-only","duration":0.865008000000671,"failureMessages":[],"meta":{},"tags":[]},{"ancestorTitles":["deriveFoRiskBadges"],"fullName":"deriveFoRiskBadges tags open/closed position status","status":"passed","title":"tags open/closed position status","duration":0.3069259999992937,"failureMessages":[],"meta":{},"tags":[]},{"ancestorTitles":["deriveFoRiskBadges"],"fullName":"deriveFoRiskBadges tags profit and loss from effective P&L","status":"passed","title":"tags profit and loss from effective P&L","duration":0.7695370000001276,"failureMessages":[],"meta":{},"tags":[]},{"ancestorTitles":["deriveFoRiskBadges"],"fullName":"deriveFoRiskBadges tags evidence-eligible and evidence-excluded-0/0","status":"passed","title":"tags evidence-eligible and evidence-excluded-0/0","duration":0.22273999999924854,"failureMessages":[],"meta":{},"tags":[]},{"ancestorTitles":["deriveFoRiskBadges"],"fullName":"deriveFoRiskBadges tags no-MFE-data when MFE/MAE missing","status":"passed","title":"tags no-MFE-data when MFE/MAE missing","duration":0.1989690000009432,"failureMessages":[],"meta":{},"tags":[]},{"ancestorTitles":["deriveFoRiskBadges"],"fullName":"deriveFoRiskBadges tags high-drawdown relative to deployed capital","status":"passed","title":"tags high-drawdown relative to deployed capital","duration":0.23540200000024925,"failureMessages":[],"meta":{},"tags":[]},{"ancestorTitles":["deriveFoRiskBadges"],"fullName":"deriveFoRiskBadges tags exit type from exitReason","status":"passed","title":"tags exit type from exitReason","duration":0.18893000000025495,"failureMessages":[],"meta":{},"tags":[]},{"ancestorTitles":["deriveFoRiskBadges"],"fullName":"deriveFoRiskBadges tags stale-quote only for open rows past the window","status":"passed","title":"tags stale-quote only for open rows past the window","duration":0.17993100000057893,"failureMessages":[],"meta":{},"tags":[]},{"ancestorTitles":["deriveFoRiskBadges"],"fullName":"deriveFoRiskBadges tags snapshot-missing and low-sample-warning from options","status":"passed","title":"tags snapshot-missing and low-sample-warning from options","duration":0.23818600000049628,"failureMessages":[],"meta":{},"tags":[]},{"ancestorTitles":["applyFoFilters"],"fullName":"applyFoFilters default filters keep everything","status":"passed","title":"default filters keep everything","duration":1.4881860000004963,"failureMessages":[],"meta":{},"tags":[]},{"ancestorTitles":["applyFoFilters"],"fullName":"applyFoFilters filters by index","status":"passed","title":"filters by index","duration":0.21119399999952293,"failureMessages":[],"meta":{},"tags":[]},{"ancestorTitles":["applyFoFilters"],"fullName":"applyFoFilters filters by setup","status":"passed","title":"filters by setup","duration":0.11511099999916041,"failureMessages":[],"meta":{},"tags":[]},{"ancestorTitles":["applyFoFilters"],"fullName":"applyFoFilters filters by direction and option type","status":"passed","title":"filters by direction and option type","duration":0.9801569999999629,"failureMessages":[],"meta":{},"tags":[]},{"ancestorTitles":["applyFoFilters"],"fullName":"applyFoFilters filters by status","status":"passed","title":"filters by status","duration":0.22944600000118953,"failureMessages":[],"meta":{},"tags":[]},{"ancestorTitles":["applyFoFilters"],"fullName":"applyFoFilters filters by P&L sign using effective P&L","status":"passed","title":"filters by P&L sign using effective P&L","duration":75.00295499999993,"failureMessages":[],"meta":{},"tags":[]},{"ancestorTitles":["applyFoFilters"],"fullName":"applyFoFilters filters by P25 eligibility","status":"passed","title":"filters by P25 eligibility","duration":0.19065299999965646,"failureMessages":[],"meta":{},"tags":[]},{"ancestorTitles":["applyFoFilters"],"fullName":"applyFoFilters filters by exit reason","status":"passed","title":"filters by exit reason","duration":0.8458730000002106,"failureMessages":[],"meta":{},"tags":[]},{"ancestorTitles":["applyFoFilters"],"fullName":"applyFoFilters filters by evidence available","status":"passed","title":"filters by evidence available","duration":0.8751790000005712,"failureMessages":[],"meta":{},"tags":[]},{"ancestorTitles":["applyFoFilters"],"fullName":"applyFoFilters filters by date range (inclusive) on signalDate","status":"passed","title":"filters by date range (inclusive) on signalDate","duration":0.712573999999222,"failureMessages":[],"meta":{},"tags":[]},{"ancestorTitles":["applyFoFilters"],"fullName":"applyFoFilters combines multiple filters","status":"passed","title":"combines multiple filters","duration":1.050876999999673,"failureMessages":[],"meta":{},"tags":[]},{"ancestorTitles":["applyFoFilters"],"fullName":"applyFoFilters paperOnly never removes rows","status":"passed","title":"paperOnly never removes rows","duration":0.39766299999973853,"failureMessages":[],"meta":{},"tags":[]},{"ancestorTitles":["applyFoFilters"],"fullName":"applyFoFilters does not mutate the input array","status":"passed","title":"does not mutate the input array","duration":0.33074200000010023,"failureMessages":[],"meta":{},"tags":[]},{"ancestorTitles":["sortFoRows"],"fullName":"sortFoRows sorts by realised P&L asc and desc","status":"passed","title":"sorts by realised P&L asc and desc","duration":0.8306100000008882,"failureMessages":[],"meta":{},"tags":[]},{"ancestorTitles":["sortFoRows"],"fullName":"sortFoRows sorts by unrealised P&L","status":"passed","title":"sorts by unrealised P&L","duration":0.25650599999971746,"failureMessages":[],"meta":{},"tags":[]},{"ancestorTitles":["sortFoRows"],"fullName":"sortFoRows sorts by MFE and MAE","status":"passed","title":"sorts by MFE and MAE","duration":0.6887760000008711,"failureMessages":[],"meta":{},"tags":[]},{"ancestorTitles":["sortFoRows"],"fullName":"sortFoRows sorts by entry time and exit time","status":"passed","title":"sorts by entry time and exit time","duration":0.5435189999989234,"failureMessages":[],"meta":{},"tags":[]},{"ancestorTitles":["sortFoRows"],"fullName":"sortFoRows sorts by time in trade","status":"passed","title":"sorts by time in trade","duration":0.16624200000114797,"failureMessages":[],"meta":{},"tags":[]},{"ancestorTitles":["sortFoRows"],"fullName":"sortFoRows sorts by symbol alphabetically","status":"passed","title":"sorts by symbol alphabetically","duration":0.23985200000061013,"failureMessages":[],"meta":{},"tags":[]},{"ancestorTitles":["sortFoRows"],"fullName":"sortFoRows puts NaN/null values last regardless of direction","status":"passed","title":"puts NaN/null values last regardless of direction","duration":2.500866999998834,"failureMessages":[],"meta":{},"tags":[]},{"ancestorTitles":["sortFoRows"],"fullName":"sortFoRows does not mutate the input array","status":"passed","title":"does not mutate the input array","duration":0.14295700000002398,"failureMessages":[],"meta":{},"tags":[]},{"ancestorTitles":["groupFoRows"],"fullName":"groupFoRows none returns a single All group","status":"passed","title":"none returns a single All group","duration":0.7711999999992258,"failureMessages":[],"meta":{},"tags":[]},{"ancestorTitles":["groupFoRows"],"fullName":"groupFoRows groups by index","status":"passed","title":"groups by index","duration":0.25484700000015437,"failureMessages":[],"meta":{},"tags":[]},{"ancestorTitles":["groupFoRows"],"fullName":"groupFoRows groups by setup","status":"passed","title":"groups by setup","duration":0.10087399999974878,"failureMessages":[],"meta":{},"tags":[]},{"ancestorTitles":["groupFoRows"],"fullName":"groupFoRows groups by status","status":"passed","title":"groups by status","duration":0.12895799999932933,"failureMessages":[],"meta":{},"tags":[]},{"ancestorTitles":["groupFoRows"],"fullName":"groupFoRows groups by exit reason","status":"passed","title":"groups by exit reason","duration":9.18331500000022,"failureMessages":[],"meta":{},"tags":[]},{"ancestorTitles":["groupFoRows"],"fullName":"groupFoRows groups by P25 status","status":"passed","title":"groups by P25 status","duration":0.8396719999982452,"failureMessages":[],"meta":{},"tags":[]},{"ancestorTitles":["groupFoRows"],"fullName":"groupFoRows groups by P&L sign","status":"passed","title":"groups by P&L sign","duration":0.7250129999993078,"failureMessages":[],"meta":{},"tags":[]},{"ancestorTitles":["time helpers"],"fullName":"time helpers getTimeInTradeMs uses exit for closed rows","status":"passed","title":"getTimeInTradeMs uses exit for closed rows","duration":0.12478499999997439,"failureMessages":[],"meta":{},"tags":[]},{"ancestorTitles":["time helpers"],"fullName":"time helpers getTimeInTradeMs uses nowMs for open rows when supplied","status":"passed","title":"getTimeInTradeMs uses nowMs for open rows when supplied","duration":0.06943399999909161,"failureMessages":[],"meta":{},"tags":[]},{"ancestorTitles":["time helpers"],"fullName":"time helpers getTimeInTradeMs returns NaN when open time missing","status":"passed","title":"getTimeInTradeMs returns NaN when open time missing","duration":0.051390999999057385,"failureMessages":[],"meta":{},"tags":[]},{"ancestorTitles":["time helpers"],"fullName":"time helpers getFoLastActivityAt returns the latest of exit/eval/open","status":"passed","title":"getFoLastActivityAt returns the latest of exit/eval/open","duration":0.10879100000056496,"failureMessages":[],"meta":{},"tags":[]},{"ancestorTitles":["time helpers"],"fullName":"time helpers isFoQuoteStale flags open rows past window and treats missing eval as stale","status":"passed","title":"isFoQuoteStale flags open rows past window and treats missing eval as stale","duration":0.12059499999850232,"failureMessages":[],"meta":{},"tags":[]},{"ancestorTitles":["empty-state and option lists"],"fullName":"empty-state and option lists deriveFoEmptyState classifies sections","status":"passed","title":"deriveFoEmptyState classifies sections","duration":0.13301099999989674,"failureMessages":[],"meta":{},"tags":[]},{"ancestorTitles":["empty-state and option lists"],"fullName":"empty-state and option lists builds sorted unique option lists","status":"passed","title":"builds sorted unique option lists","duration":0.19888200000059442,"failureMessages":[],"meta":{},"tags":[]},{"ancestorTitles":["deriveP25Headline"],"fullName":"deriveP25Headline uses the official eligible count and default threshold 20","status":"passed","title":"uses the official eligible count and default threshold 20","duration":0.19463899999936984,"failureMessages":[],"meta":{},"tags":[]},{"ancestorTitles":["deriveP25Headline"],"fullName":"deriveP25Headline baseline 5/20 → 15 remaining, gate open (official rule)","status":"passed","title":"baseline 5/20 → 15 remaining, gate open (official rule)","duration":0.0924349999986589,"failureMessages":[],"meta":{},"tags":[]},{"ancestorTitles":["deriveP25Headline"],"fullName":"deriveP25Headline never goes negative and flips to THRESHOLD_MET at/above the threshold","status":"passed","title":"never goes negative and flips to THRESHOLD_MET at/above the threshold","duration":0.1100590000005468,"failureMessages":[],"meta":{},"tags":[]},{"ancestorTitles":["deriveP25Headline"],"fullName":"deriveP25Headline treats null/undefined/NaN count as unavailable (safe placeholder, gate stays OPEN)","status":"passed","title":"treats null/undefined/NaN count as unavailable (safe placeholder, gate stays OPEN)","duration":0.2497110000003886,"failureMessages":[],"meta":{},"tags":[]},{"ancestorTitles":["deriveP25Headline"],"fullName":"deriveP25Headline does NOT change the threshold of 20 by default","status":"passed","title":"does NOT change the threshold of 20 by default","duration":74.10199999999895,"failureMessages":[],"meta":{},"tags":[]},{"ancestorTitles":["deriveP25EvidenceDetail"],"fullName":"deriveP25EvidenceDetail derives remaining from the official count and default threshold 20","status":"passed","title":"derives remaining from the official count and default threshold 20","duration":0.3899970000002213,"failureMessages":[],"meta":{},"tags":[]},{"ancestorTitles":["deriveP25EvidenceDetail"],"fullName":"deriveP25EvidenceDetail uses ONLY the official mfeAvailableCount, never a raw non-null count","status":"passed","title":"uses ONLY the official mfeAvailableCount, never a raw non-null count","duration":0.3351299999994808,"failureMessages":[],"meta":{},"tags":[]},{"ancestorTitles":["deriveP25EvidenceDetail"],"fullName":"deriveP25EvidenceDetail derives excluded/not-MFE-available rows as processed − eligible, clamped to ≥ 0","status":"passed","title":"derives excluded/not-MFE-available rows as processed − eligible, clamped to ≥ 0","duration":3.2062540000006265,"failureMessages":[],"meta":{},"tags":[]},{"ancestorTitles":["deriveP25EvidenceDetail"],"fullName":"deriveP25EvidenceDetail returns null excluded count when processed or eligible is missing","status":"passed","title":"returns null excluded count when processed or eligible is missing","duration":0.6813720000009198,"failureMessages":[],"meta":{},"tags":[]},{"ancestorTitles":["deriveP25EvidenceDetail"],"fullName":"deriveP25EvidenceDetail does not crash and yields safe placeholders for missing/malformed fields","status":"passed","title":"does not crash and yields safe placeholders for missing/malformed fields","duration":3.3920650000000023,"failureMessages":[],"meta":{},"tags":[]},{"ancestorTitles":["deriveP25EvidenceDetail"],"fullName":"deriveP25EvidenceDetail flips gate to THRESHOLD_MET at/above the threshold, OPEN below","status":"passed","title":"flips gate to THRESHOLD_MET at/above the threshold, OPEN below","duration":0.13769499999943946,"failureMessages":[],"meta":{},"tags":[]},{"ancestorTitles":["deriveP25EvidenceDetail"],"fullName":"deriveP25EvidenceDetail defaults threshold to 20 and honours an explicit override","status":"passed","title":"defaults threshold to 20 and honours an explicit override","duration":0.09338799999932235,"failureMessages":[],"meta":{},"tags":[]},{"ancestorTitles":["deriveP25EvidenceDetail"],"fullName":"deriveP25EvidenceDetail clamps negative remaining to zero","status":"passed","title":"clamps negative remaining to zero","duration":0.06438299999899755,"failureMessages":[],"meta":{},"tags":[]},{"ancestorTitles":["deriveP25EvidenceDetail"],"fullName":"deriveP25EvidenceDetail treats the disabled endpoint branch as unavailable (gate UNAVAILABLE)","status":"passed","title":"treats the disabled endpoint branch as unavailable (gate UNAVAILABLE)","duration":0.09246499999972002,"failureMessages":[],"meta":{},"tags":[]},{"ancestorTitles":["deriveP25EvidenceDetail"],"fullName":"deriveP25EvidenceDetail normalizes breakdown rows and tolerates malformed group entries","status":"passed","title":"normalizes breakdown rows and tolerates malformed group entries","duration":0.24469799999860697,"failureMessages":[],"meta":{},"tags":[]},{"ancestorTitles":["deriveP25EvidenceDetail"],"fullName":"deriveP25EvidenceDetail does not mutate its input","status":"passed","title":"does not mutate its input","duration":0.0960800000011659,"failureMessages":[],"meta":{},"tags":[]},{"ancestorTitles":["classifyP25PanelError"],"fullName":"classifyP25PanelError returns null when there is no error","status":"passed","title":"returns null when there is no error","duration":2.5153339999997115,"failureMessages":[],"meta":{},"tags":[]},{"ancestorTitles":["classifyP25PanelError"],"fullName":"classifyP25PanelError classifies 401/403 by HTTP status even when the message is textual","status":"passed","title":"classifies 401/403 by HTTP status even when the message is textual","duration":1.1404550000006566,"failureMessages":[],"meta":{},"tags":[]},{"ancestorTitles":["classifyP25PanelError"],"fullName":"classifyP25PanelError falls back to message text for auth when status is absent","status":"passed","title":"falls back to message text for auth when status is absent","duration":0.3726909999986674,"failureMessages":[],"meta":{},"tags":[]},{"ancestorTitles":["classifyP25PanelError"],"fullName":"classifyP25PanelError classifies non-auth failures as network","status":"passed","title":"classifies non-auth failures as network","duration":0.10870299999987765,"failureMessages":[],"meta":{},"tags":[]},{"ancestorTitles":["deriveFoFreshness + FO_SAFETY_STATIC_LINES"],"fullName":"deriveFoFreshness + FO_SAFETY_STATIC_LINES exposes the fixed compliance lines","status":"passed","title":"exposes the fixed compliance lines","duration":0.16346800000064832,"failureMessages":[],"meta":{},"tags":[]},{"ancestorTitles":["deriveFoFreshness + FO_SAFETY_STATIC_LINES"],"fullName":"deriveFoFreshness + FO_SAFETY_STATIC_LINES is healthy when the MTM sweep is recent","status":"passed","title":"is healthy when the MTM sweep is recent","duration":0.16126600000097824,"failureMessages":[],"meta":{},"tags":[]},{"ancestorTitles":["deriveFoFreshness + FO_SAFETY_STATIC_LINES"],"fullName":"deriveFoFreshness + FO_SAFETY_STATIC_LINES is stale when the MTM sweep is older than the window","status":"passed","title":"is stale when the MTM sweep is older than the window","duration":0.0662030000003142,"failureMessages":[],"meta":{},"tags":[]},{"ancestorTitles":["deriveFoFreshness + FO_SAFETY_STATIC_LINES"],"fullName":"deriveFoFreshness + FO_SAFETY_STATIC_LINES falls back to last open-eval timestamp when sweep is missing","status":"passed","title":"falls back to last open-eval timestamp when sweep is missing","duration":0.055997999999817694,"failureMessages":[],"meta":{},"tags":[]},{"ancestorTitles":["deriveFoFreshness + FO_SAFETY_STATIC_LINES"],"fullName":"deriveFoFreshness + FO_SAFETY_STATIC_LINES is unknown when no timestamp or no now (safe placeholder, never throws)","status":"passed","title":"is unknown when no timestamp or no now (safe placeholder, never throws)","duration":0.09310099999856902,"failureMessages":[],"meta":{},"tags":[]},{"ancestorTitles":["deriveFoPnlPct"],"fullName":"deriveFoPnlPct returns unrealisedPnl / capitalDeployed for an open trade","status":"passed","title":"returns unrealisedPnl / capitalDeployed for an open trade","duration":0.1714749999991909,"failureMessages":[],"meta":{},"tags":[]},{"ancestorTitles":["deriveFoPnlPct"],"fullName":"deriveFoPnlPct uses realizedPnl for a closed trade","status":"passed","title":"uses realizedPnl for a closed trade","duration":0.06616199999916716,"failureMessages":[],"meta":{},"tags":[]},{"ancestorTitles":["deriveFoPnlPct"],"fullName":"deriveFoPnlPct coerces numeric strings safely","status":"passed","title":"coerces numeric strings safely","duration":0.048901000000114436,"failureMessages":[],"meta":{},"tags":[]},{"ancestorTitles":["deriveFoPnlPct"],"fullName":"deriveFoPnlPct returns null on zero / missing / non-finite capital (no divide-by-zero)","status":"passed","title":"returns null on zero / missing / non-finite capital (no divide-by-zero)","duration":0.08601400000043213,"failureMessages":[],"meta":{},"tags":[]},{"ancestorTitles":["deriveFoPnlPct"],"fullName":"deriveFoPnlPct returns null when P&L is missing/non-finite","status":"passed","title":"returns null when P&L is missing/non-finite","duration":0.04532900000049267,"failureMessages":[],"meta":{},"tags":[]},{"ancestorTitles":["deriveFoPnlPct"],"fullName":"deriveFoPnlPct does not mutate the input row","status":"passed","title":"does not mutate the input row","duration":0.06840399999964575,"failureMessages":[],"meta":{},"tags":[]},{"ancestorTitles":["deriveP25Display"],"fullName":"deriveP25Display returns unavailable when MFE/MAE is not in the payload — even if fields happen to be present","status":"passed","title":"returns unavailable when MFE/MAE is not in the payload — even if fields happen to be present","duration":0.1612250000016502,"failureMessages":[],"meta":{},"tags":[]},{"ancestorTitles":["deriveP25Display"],"fullName":"deriveP25Display classifies eligible when MFE/MAE fields exist and are valid","status":"passed","title":"classifies eligible when MFE/MAE fields exist and are valid","duration":0.0730729999995674,"failureMessages":[],"meta":{},"tags":[]},{"ancestorTitles":["deriveP25Display"],"fullName":"deriveP25Display classifies the 0/0 MFE/MAE exclusion","status":"passed","title":"classifies the 0/0 MFE/MAE exclusion","duration":0.055394999999407446,"failureMessages":[],"meta":{},"tags":[]},{"ancestorTitles":["deriveP25Display"],"fullName":"deriveP25Display classifies missing MFE/MAE when present-but-null and the flag claims presence","status":"passed","title":"classifies missing MFE/MAE when present-but-null and the flag claims presence","duration":0.054052000001320266,"failureMessages":[],"meta":{},"tags":[]},{"ancestorTitles":["deriveP25Display"],"fullName":"deriveP25Display classifies missing exit premium","status":"passed","title":"classifies missing exit premium","duration":4.703274999999849,"failureMessages":[],"meta":{},"tags":[]},{"ancestorTitles":["deriveP25Display"],"fullName":"deriveP25Display classifies invalid entry/quantity","status":"passed","title":"classifies invalid entry/quantity","duration":0.10885099999904924,"failureMessages":[],"meta":{},"tags":[]},{"ancestorTitles":["deriveP25Display"],"fullName":"deriveP25Display falls back to not-eligible for a still-open row when the flag claims presence","status":"passed","title":"falls back to not-eligible for a still-open row when the flag claims presence","duration":0.06866300000001502,"failureMessages":[],"meta":{},"tags":[]},{"ancestorTitles":["deriveP25Display"],"fullName":"deriveP25Display does not mutate the input row","status":"passed","title":"does not mutate the input row","duration":0.07439100000010512,"failureMessages":[],"meta":{},"tags":[]},{"ancestorTitles":["formatDurationShort"],"fullName":"formatDurationShort formats hours+minutes for >= 1h","status":"passed","title":"formats hours+minutes for >= 1h","duration":0.10004200000003038,"failureMessages":[],"meta":{},"tags":[]},{"ancestorTitles":["formatDurationShort"],"fullName":"formatDurationShort formats minutes+seconds for < 1h","status":"passed","title":"formats minutes+seconds for < 1h","duration":0.047093999999560765,"failureMessages":[],"meta":{},"tags":[]},{"ancestorTitles":["formatDurationShort"],"fullName":"formatDurationShort formats seconds-only for < 1m","status":"passed","title":"formats seconds-only for < 1m","duration":0.06866199999967648,"failureMessages":[],"meta":{},"tags":[]},{"ancestorTitles":["formatDurationShort"],"fullName":"formatDurationShort returns the dash for NaN / negative, honouring a custom dash","status":"passed","title":"returns the dash for NaN / negative, honouring a custom dash","duration":0.08085399999981746,"failureMessages":[],"meta":{},"tags":[]},{"ancestorTitles":["formatDurationShort"],"fullName":"formatDurationShort is the time-in-trade formatting basis for a closed row","status":"passed","title":"is the time-in-trade formatting basis for a closed row","duration":0.050094000000171945,"failureMessages":[],"meta":{},"tags":[]},{"ancestorTitles":["closed-trade badge derivation (payload without MFE/MAE)"],"fullName":"closed-trade badge derivation (payload without MFE/MAE) marks a profitable closed trade with closed-position, profit, paper-only, no-MFE-data and no fabricated evidence/stale badges","status":"passed","title":"marks a profitable closed trade with closed-position, profit, paper-only, no-MFE-data and no fabricated evidence/stale badges","duration":1.9448900000006688,"failureMessages":[],"meta":{},"tags":[]},{"ancestorTitles":["closed-trade badge derivation (payload without MFE/MAE)"],"fullName":"closed-trade badge derivation (payload without MFE/MAE) marks a losing closed trade with the loss badge","status":"passed","title":"marks a losing closed trade with the loss badge","duration":0.17099400000006426,"failureMessages":[],"meta":{},"tags":[]},{"ancestorTitles":["closed-trade badge derivation (payload without MFE/MAE)"],"fullName":"closed-trade badge derivation (payload without MFE/MAE) never flags a closed row as a stale quote regardless of now","status":"passed","title":"never flags a closed row as a stale quote regardless of now","duration":0.06164599999829079,"failureMessages":[],"meta":{},"tags":[]},{"ancestorTitles":["W3-P6 unique option lists (direction / optionType)"],"fullName":"W3-P6 unique option lists (direction / optionType) builds sorted unique direction and optionType lists","status":"passed","title":"builds sorted unique direction and optionType lists","duration":0.15405699999973876,"failureMessages":[],"meta":{},"tags":[]},{"ancestorTitles":["W3-P6 unique option lists (direction / optionType)"],"fullName":"W3-P6 unique option lists (direction / optionType) ignores blank/missing values","status":"passed","title":"ignores blank/missing values","duration":0.18180200000097102,"failureMessages":[],"meta":{},"tags":[]},{"ancestorTitles":["W3-P6 countActiveFoFilters"],"fullName":"W3-P6 countActiveFoFilters default filters count as zero active","status":"passed","title":"default filters count as zero active","duration":0.08745900000030815,"failureMessages":[],"meta":{},"tags":[]},{"ancestorTitles":["W3-P6 countActiveFoFilters"],"fullName":"W3-P6 countActiveFoFilters paperOnly never counts as an active narrowing filter","status":"passed","title":"paperOnly never counts as an active narrowing filter","duration":0.057608999999501975,"failureMessages":[],"meta":{},"tags":[]},{"ancestorTitles":["W3-P6 countActiveFoFilters"],"fullName":"W3-P6 countActiveFoFilters counts each narrowing constraint independently","status":"passed","title":"counts each narrowing constraint independently","duration":1.099513000001025,"failureMessages":[],"meta":{},"tags":[]},{"ancestorTitles":["W3-P6 reset semantics"],"fullName":"W3-P6 reset semantics DEFAULT_FO_FILTERS is the canonical reset target and shows everything","status":"passed","title":"DEFAULT_FO_FILTERS is the canonical reset target and shows everything","duration":0.18239899999935005,"failureMessages":[],"meta":{},"tags":[]},{"ancestorTitles":["W3-P6 reset semantics"],"fullName":"W3-P6 reset semantics a structural clone of DEFAULT behaves identically (reset is a fresh copy)","status":"passed","title":"a structural clone of DEFAULT behaves identically (reset is a fresh copy)","duration":0.09679999999934807,"failureMessages":[],"meta":{},"tags":[]},{"ancestorTitles":["W3-P6 filter → sort → group pipeline"],"fullName":"W3-P6 filter → sort → group pipeline open-only filter then sort then group composes deterministically","status":"passed","title":"open-only filter then sort then group composes deterministically","duration":0.16753500000049826,"failureMessages":[],"meta":{},"tags":[]},{"ancestorTitles":["W3-P6 filter → sort → group pipeline"],"fullName":"W3-P6 filter → sort → group pipeline closed-only filter then sort by realised P&L desc","status":"passed","title":"closed-only filter then sort by realised P&L desc","duration":0.07325499999933527,"failureMessages":[],"meta":{},"tags":[]},{"ancestorTitles":["W3-P6 filter → sort → group pipeline"],"fullName":"W3-P6 filter → sort → group pipeline combined filter narrows before sort and group","status":"passed","title":"combined filter narrows before sort
[...]
y row carries a tracked index and category","status":"passed","title":"every row carries a tracked index and category","duration":11.584634999999253,"failureMessages":[],"meta":{},"tags":[]},{"ancestorTitles":["lookupEtfReference"],"fullName":"lookupEtfReference resolves known ETFs","status":"passed","title":"resolves known ETFs","duration":0.5227589999994962,"failureMessages":[],"meta":{},"tags":[]},{"ancestorTitles":["lookupEtfReference"],"fullName":"lookupEtfReference normalises the input symbol","status":"passed","title":"normalises the input symbol","duration":5.686229999999341,"failureMessages":[],"meta":{},"tags":[]},{"ancestorTitles":["lookupEtfReference"],"fullName":"lookupEtfReference returns null for unknown / non-ETF symbols","status":"passed","title":"returns null for unknown / non-ETF symbols","duration":0.315335999999661,"failureMessages":[],"meta":{},"tags":[]},{"ancestorTitles":["etfCategory"],"fullName":"etfCategory prefers the curated category","status":"passed","title":"prefers the curated category","duration":0.2399230000009993,"failureMessages":[],"meta":{},"tags":[]},{"ancestorTitles":["etfCategory"],"fullName":"etfCategory falls back to the heuristic class label when not curated","status":"passed","title":"falls back to the heuristic class label when not curated","duration":11.809198999995715,"failureMessages":[],"meta":{},"tags":[]},{"ancestorTitles":["etfCategory"],"fullName":"etfCategory gives a readable label for a bare ETF class","status":"passed","title":"gives a readable label for a bare ETF class","duration":0.1510649999981979,"failureMessages":[],"meta":{},"tags":[]},{"ancestorTitles":["describeEtfTrend"],"fullName":"describeEtfTrend returns null when no average is available","status":"passed","title":"returns null when no average is available","duration":2.619472999998834,"failureMessages":[],"meta":{},"tags":[]},{"ancestorTitles":["describeEtfTrend"],"fullName":"describeEtfTrend returns null when CMP is missing","status":"passed","title":"returns null when CMP is missing","duration":0.8240990000049351,"failureMessages":[],"meta":{},"tags":[]},{"ancestorTitles":["describeEtfTrend"],"fullName":"describeEtfTrend reads above both averages","status":"passed","title":"reads above both averages","duration":3.0178499999965425,"failureMessages":[],"meta":{},"tags":[]},{"ancestorTitles":["describeEtfTrend"],"fullName":"describeEtfTrend reads below both averages","status":"passed","title":"reads below both averages","duration":0.18224300000292715,"failureMessages":[],"meta":{},"tags":[]},{"ancestorTitles":["describeEtfTrend"],"fullName":"describeEtfTrend reads a position between the averages","status":"passed","title":"reads a position between the averages","duration":55.37882600000012,"failureMessages":[],"meta":{},"tags":[]},{"ancestorTitles":["describeEtfTrend"],"fullName":"describeEtfTrend handles only one average being available","status":"passed","title":"handles only one average being available","duration":0.27168299999902956,"failureMessages":[],"meta":{},"tags":[]}],"startTime":1784037039178,"endTime":1784037039355.379,"status":"passed","message":"","name":"/app/artifacts/scanner/src/lib/portfolio/etf.test.ts"},{"assertionResults":[{"ancestorTitles":["daysBetween"],"fullName":"daysBetween counts whole days","status":"passed","title":"counts whole days","duration":3.3991729999979725,"failureMessages":[],"meta":{},"tags":[]},{"ancestorTitles":["computeHoldingPeriods"],"fullName":"computeHoldingPeriods classifies long-term, short-term and unknown","status":"passed","title":"classifies long-term, short-term and unknown","duration":0.558764000001247,"failureMessages":[],"meta":{},"tags":[]},{"ancestorTitles":["computeHoldingPeriods"],"fullName":"computeHoldingPeriods respects a configurable threshold","status":"passed","title":"respects a configurable threshold","duration":0.7162129999924218,"failureMessages":[],"meta":{},"tags":[]},{"ancestorTitles":["computeDividends"],"fullName":"computeDividends computes totals, yield-on-cost and total return incl dividends","status":"passed","title":"computes totals, yield-on-cost and total return incl dividends","duration":0.8929750000097556,"failureMessages":[],"meta":{},"tags":[]},{"ancestorTitles":["computeDividends"],"fullName":"computeDividends reports no dividend data when none entered","status":"passed","title":"reports no dividend data when none entered","duration":0.1613950000028126,"failureMessages":[],"meta":{},"tags":[]},{"ancestorTitles":["computeDividends"],"fullName":"computeDividends includes realised P&L in total return incl dividends","status":"passed","title":"includes realised P&L in total return incl dividends","duration":2.9312229999923147,"failureMessages":[],"meta":{},"tags":[]},{"ancestorTitles":["computeDividends"],"fullName":"computeDividends ignores realised P&L when no live capital return exists","status":"passed","title":"ignores realised P&L when no live capital return exists","duration":1.2053759999980684,"failureMessages":[],"meta":{},"tags":[]}],"startTime":1784037068270,"endTime":1784037068356.2053,"status":"passed","message":"","name":"/app/artifacts/scanner/src/lib/portfolio/holdingPeriod.test.ts"},{"assertionResults":[{"ancestorTitles":["sma"],"fullName":"sma averages the last `period` closes","status":"passed","title":"averages the last `period` closes","duration":4.992243000000599,"failureMessages":[],"meta":{},"tags":[]},{"ancestorTitles":["sma"],"fullName":"sma returns null when there is insufficient history","status":"passed","title":"returns null when there is insufficient history","duration":0.27915800000118907,"failureMessages":[],"meta":{},"tags":[]},{"ancestorTitles":["sma"],"fullName":"sma returns null for non-positive period","status":"passed","title":"returns null for non-positive period","duration":0.26498500000161584,"failureMessages":[],"meta":{},"tags":[]},{"ancestorTitles":["sma"],"fullName":"sma returns null when a close is non-finite (never fabricates)","status":"passed","title":"returns null when a close is non-finite (never fabricates)","duration":0.11120300000038696,"failureMessages":[],"meta":{},"tags":[]},{"ancestorTitles":["rsi14"],"fullName":"rsi14 needs at least period+1 closes","status":"passed","title":"needs at least period+1 closes","duration":0.27370999999766354,"failureMessages":[],"meta":{},"tags":[]},{"ancestorTitles":["rsi14"],"fullName":"rsi14 returns 100 for a strictly rising series (no losses)","status":"passed","title":"returns 100 for a strictly rising series (no losses)","duration":0.12350199999855249,"failureMessages":[],"meta":{},"tags":[]},{"ancestorTitles":["rsi14"],"fullName":"rsi14 returns 50 for a perfectly flat series","status":"passed","title":"returns 50 for a perfectly flat series","duration":0.2500529999997525,"failureMessages":[],"meta":{},"tags":[]},{"ancestorTitles":["rsi14"],"fullName":"rsi14 returns a value in (0,100) for a mixed series","status":"passed","title":"returns a value in (0,100) for a mixed series","duration":1.383337000002939,"failureMessages":[],"meta":{},"tags":[]},{"ancestorTitles":["rsi14"],"fullName":"rsi14 returns null when any close is non-finite","status":"passed","title":"returns null when any close is non-finite","duration":0.3210780000008526,"failureMessages":[],"meta":{},"tags":[]}],"startTime":1784037027465,"endTime":1784037027473.3833,"status":"passed","message":"","name":"/app/artifacts/scanner/src/lib/portfolio/indicators.test.ts"},{"assertionResults":[{"ancestorTitles":["rawToInput"],"fullName":"rawToInput uppercases the symbol and preserves user book-keeping fields","status":"passed","title":"uppercases the symbol and preserves user book-keeping fields","duration":9.38422300000093,"failureMessages":[],"meta":{},"tags":[]},{"ancestorTitles":["rawToInput"],"fullName":"rawToInput normalises blank optional fields to null","status":"passed","title":"normalises blank optional fields to null","duration":3.1555150000058347,"failureMessages":[],"meta":{},"tags":[]},{"ancestorTitles":["rawToInput"],"fullName":"rawToInput does not persist advisory fields (target/stop)","status":"passed","title":"does not persist advisory fields (target/stop)","duration":0.6994899999990594,"failureMessages":[],"meta":{},"tags":[]},{"ancestorTitles":["holdingToRaw"],"fullName":"holdingToRaw round-trips a holding back into the working model","status":"passed","title":"round-trips a holding back into the working model","duration":64.85896300000604,"failureMessages":[],"meta":{},"tags":[]},{"ancestorTitles":["holdingToRaw"],"fullName":"holdingToRaw falls back to symbol when name is blank","status":"passed","title":"falls back to symbol when name is blank","duration":0.4582620000001043,"failureMessages":[],"meta":{},"tags":[]},{"ancestorTitles":["manualCmp round-trip"],"fullName":"manualCmp round-trip rawToInput carries a positive manualCmp through","status":"passed","title":"rawToInput carries a positive manualCmp through","duration":0.15191399998730049,"failureMessages":[],"meta":{},"tags":[]},{"ancestorTitles":["manualCmp round-trip"],"fullName":"manualCmp round-trip rawToInput normalises an absent/invalid manualCmp to null","status":"passed","title":"rawToInput normalises an absent/invalid manualCmp to null","duration":0.25340900001174305,"failureMessages":[],"meta":{},"tags":[]},{"ancestorTitles":["manualCmp round-trip"],"fullName":"manualCmp round-trip holdingToRaw reads a persisted manualCmp back into the working model","status":"passed","title":"holdingToRaw reads a persisted manualCmp back into the working model","duration":0.1199590000032913,"failureMessages":[],"meta":{},"tags":[]}],"startTime":1784037072672,"endTime":1784037072751.2534,"status":"passed","message":"","name":"/app/artifacts/scanner/src/lib/portfolio/persistence.test.ts"},{"assertionResults":[{"ancestorTitles":["returnLabel"],"fullName":"returnLabel labels a full XIRR when nothing was excluded","status":"passed","title":"labels a full XIRR when nothing was excluded","duration":7.860324000008404,"failureMessages":[],"meta":{},"tags":[]},{"ancestorTitles":["returnLabel"],"fullName":"returnLabel labels a partial estimate when some holdings were excluded","status":"passed","title":"labels a partial estimate when some holdings were excluded","duration":1.5449839999928372,"failureMessages":[],"meta":{},"tags":[]},{"ancestorTitles":["returnLabel"],"fullName":"returnLabel labels unavailable when no XIRR was computed","status":"passed","title":"labels unavailable when no XIRR was computed","duration":0.29443900000478607,"failureMessages":[],"meta":{},"tags":[]}],"startTime":1784037074358,"endTime":1784037074368.2944,"status":"passed","message":"","name":"/app/artifacts/scanner/src/lib/portfolio/returnLabel.test.ts"},{"assertionResults":[{"ancestorTitles":["computeRiskAnalytics"],"fullName":"computeRiskAnalytics returns empty analytics for no rows","status":"passed","title":"returns empty analytics for no rows","duration":4.30267399999866,"failureMessages":[],"meta":{},"tags":[]},{"ancestorTitles":["computeRiskAnalytics"],"fullName":"computeRiskAnalytics computes HHI and top-holding weight on current value","status":"passed","title":"computes HHI and top-holding weight on current value","duration":0.5428209999954561,"failureMessages":[],"meta":{},"tags":[]},{"ancestorTitles":["computeRiskAnalytics"],"fullName":"computeRiskAnalytics labels a diversified book","status":"passed","title":"labels a diversified book","duration":0.18161599999439204,"failureMessages":[],"meta":{},"tags":[]},{"ancestorTitles":["computeRiskAnalytics"],"fullName":"computeRiskAnalytics computes value-weighted beta over covered holdings only","status":"passed","title":"computes value-weighted beta over covered holdings only","duration":0.2725549999959185,"failureMessages":[],"meta":{},"tags":[]},{"ancestorTitles":["computeRiskAnalytics"],"fullName":"computeRiskAnalytics identifies top contributor and worst drag","status":"passed","title":"identifies top contributor and worst drag","duration":6.246027999994112,"failureMessages":[],"meta":{},"tags":[]},{"ancestorTitles":["computeRiskAnalytics"],"fullName":"computeRiskAnalytics flags low data availability","status":"passed","title":"flags low data availability","duration":4.5794759999989765,"failureMessages":[],"meta":{},"tags":[]},{"ancestorTitles":["computeRiskAnalytics"],"fullName":"computeRiskAnalytics computes combined top-3 weight and flags when above threshold","status":"passed","title":"computes combined top-3 weight and flags when above threshold","duration":72.4559339999978,"failureMessages":[],"meta":{},"tags":[]},{"ancestorTitles":["computeRiskAnalytics"],"fullName":"computeRiskAnalytics does not flag top-3 concentration when 3 or fewer holdings","status":"passed","title":"does not flag top-3 concentration when 3 or fewer holdings","duration":0.22437799999897834,"failureMessages":[],"meta":{},"tags":[]},{"ancestorTitles":["computeRiskAnalytics"],"fullName":"computeRiskAnalytics aggregates sector weight over covered value and flags concentration","status":"passed","title":"aggregates sector weight over covered value and flags concentration","duration":0.3718250000019907,"failureMessages":[],"meta":{},"tags":[]},{"ancestorTitles":["computeRiskAnalytics"],"fullName":"computeRiskAnalytics reports sector coverage honestly when some holdings lack a sector","status":"passed","title":"reports sector coverage honestly when some holdings lack a sector","duration":1.3609579999974812,"failureMessages":[],"meta":{},"tags":[]},{"ancestorTitles":["computeRiskAnalytics"],"fullName":"computeRiskAnalytics leaves sector/top-3 unavailable when no live value","status":"passed","title":"leaves sector/top-3 unavailable when no live value","duration":0.24021599999832688,"failureMessages":[],"meta":{},"tags":[]}],"startTime":1784037062261,"endTime":1784037062353.2402,"status":"passed","message":"","name":"/app/artifacts/scanner/src/lib/portfolio/risk.test.ts"},{"assertionResults":[{"ancestorTitles":["computeAnalytics"],"fullName":"computeAnalytics returns null score + null label when there is no live data","status":"passed","title":"returns null score + null label when there is no live data","duration":24.306182000000263,"failureMessages":[],"meta":{},"tags":[]},{"ancestorTitles":["computeAnalytics"],"fullName":"computeAnalytics scores a healthy holding as Strong Structure","status":"passed","title":"scores a healthy holding as Strong Structure","duration":8.537448999995831,"failureMessages":[],"meta":{},"tags":[]},{"ancestorTitles":["computeAnalytics"],"fullName":"computeAnalytics labels deep weakness as Exit Review","status":"passed","title":"labels deep weakness as Exit Review","duration":0.24004099999729078,"failureMessages":[],"meta":{},"tags":[]},{"ancestorTitles":["computeAnalytics"],"fullName":"computeAnalytics labels overbought-but-strong as Avoid Fresh Buy","status":"passed","title":"labels overbought-but-strong as Avoid Fresh Buy","duration":10.823720000000321,"failureMessages":[],"meta":{},"tags":[]},{"ancestorTitles":["computeAnalytics"],"fullName":"computeAnalytics always lists the sector valuation benchmark as unavailable (display-only fundamentals)","status":"passed","title":"always lists the sector valuation benchmark as unavailable (display-only fundamentals)","duration":47.77504800000315,"failureMessages":[],"meta":{},"tags":[]},{"ancestorTitles":["detectRiskFlags"],"fullName":"detectRiskFlags flags single-stock and sector concentration","status":"passed","title":"flags single-stock and sector concentration","duration":0.27570099999866216,"failureMessages":[],"meta":{},"tags":[]},{"ancestorTitles":["detectRiskFlags"],"fullName":"detectRiskFlags flags below-DMA, drawdown, and RSI extremes","status":"passed","title":"flags below-DMA, drawdown, and RSI extremes","duration":4.8718989999979385,"failureMessages":[],"meta":{},"tags":[]},{"ancestorTitles":["detectRiskFlags"],"fullName":"detectRiskFlags flags missing data","status":"passed","title":"flags missing data","duration":0.15440099999977974,"failureMessages":[],"meta":{},"tags":[]}],"startTime":1784037063161,"endTime":1784037063262.8718,"status":"passed","message":"","name":"/app/artifacts/scanner/src/lib/portfolio/score.test.ts"},{"assertionResults":[{"ancestorTitles":["normalizeSymbol"],"fullName":"normalizeSymbol trims and uppercases","status":"passed","title":"trims and uppercases","duration":1.370667000002868,"failureMessages":[],"meta":{},"tags":[]},{"ancestorTitles":["normalizeSymbol"],"fullName":"normalizeSymbol strips Yahoo-style exchange suffixes (.NS/.BO/.NSE/.BSE)","status":"passed","title":"strips Yahoo-style exchange suffixes (.NS/.BO/.NSE/.BSE)","duration":0.3003969999990659,"failureMessages":[],"meta":{},"tags":[]},{"ancestorTitles":["normalizeSymbol"],"fullName":"normalizeSymbol preserves meaningful symbol characters (& and -)","status":"passed","title":"preserves meaningful symbol characters (& and -)","duration":0.25482999999803724,"failureMessages":[],"meta":{},"tags":[]},{"ancestorTitles":["normalizeSymbol"],"fullName":"normalizeSymbol does not strip a suffix that is not an exchange code","status":"passed","title":"does not strip a suffix that is not an exchange code","duration":0.0895920000039041,"failureMessages":[],"meta":{},"tags":[]},{"ancestorTitles":["normalizeSymbol"],"fullName":"normalizeSymbol handles empty / nullish input safely","status":"passed","title":"handles empty / nullish input safely","duration":0.2809400000041933,"failureMessages":[],"meta":{},"tags":[]},{"ancestorTitles":["classifyInstrument"],"fullName":"classifyInstrument classifies a plain equity","status":"passed","title":"classifies a plain equity","duration":0.2404339999993681,"failureMessages":[],"meta":{},"tags":[]},{"ancestorTitles":["classifyInstrument"],"fullName":"classifyInstrument classifies BEES family as an ETF subtype (always non-equity)","status":"passed","title":"classifies BEES family as an ETF subtype (always non-equity)","duration":1.2538080000012997,"failureMessages":[],"meta":{},"tags":[]},{"ancestorTitles":["classifyInstrument"],"fullName":"classifyInstrument classifies gold/silver ETFs","status":"passed","title":"classifies gold/silver ETFs","duration":1.3104069999972126,"failureMessages":[],"meta":{},"tags":[]},{"ancestorTitles":["classifyInstrument"],"fullName":"classifyInstrument classifies international ETFs","status":"passed","title":"classifies international ETFs","duration":0.3875499999994645,"failureMessages":[],"meta":{},"tags":[]},{"ancestorTitles":["classifyInstrument"],"fullName":"classifyInstrument classifies embedded-token ETFs whose symbol has no word boundary","status":"passed","title":"classifies embedded-token ETFs whose symbol has no word boundary","duration":0.33449600000312785,"failureMessages":[],"meta":{},"tags":[]},{"ancestorTitles":["classifyInstrument"],"fullName":"classifyInstrument classifies generic ETFs by name","status":"passed","title":"classifies generic ETFs by name","duration":0.13272899999719812,"failureMessages":[],"meta":{},"tags":[]},{"ancestorTitles":["fundamentalsApplicable / isEtfClass"],"fullName":"fundamentalsApplicable / isEtfClass fundamentals apply to equity and unknown only","status":"passed","title":"fundamentals apply to equity and unknown only","duration":0.41823899999872083,"failureMessages":[],"meta":{},"tags":[]},{"ancestorTitles":["fundamentalsApplicable / isEtfClass"],"fullName":"fundamentalsApplicable / isEtfClass isEtfClass recognises ETF subtypes","status":"passed","title":"isEtfClass recognises ETF subtypes","duration":0.09710500000073807,"failureMessages":[],"meta":{},"tags":[]},{"ancestorTitles":["alias layer"],"fullName":"alias layer contains verified aliases","status":"passed","title":"contains verified aliases","duration":2.186343000001216,"failureMessages":[],"meta":{},"tags":[]}],"startTime":1784037052760,"endTime":1784037052769.1863,"status":"passed","message":"","name":"/app/artifacts/scanner/src/lib/portfolio/symbol.test.ts"}]}