{"numTotalTestSuites":682,"numPassedTestSuites":600,"numFailedTestSuites":82,"numPendingTestSuites":0,"numTotalTests":2149,"numPassedTests":2117,"numFailedTests":17,"numPendingTests":15,"numTodoTests":0,"snapshot":{"added":0,"failure":false,"filesAdded":0,"filesRemoved":0,"filesRemovedList":[],"filesUnmatched":0,"filesUpdated":0,"matched":0,"total":0,"unchecked":0,"uncheckedKeysByFile":[],"unmatched":0,"updated":0,"didUpdate":false},"startTime":1784022697139,"success":false,"testResults":[{"assertionResults":[{"ancestorTitles":["kiteCrypto: parseKeyMaterial / encryptWithKey / decryptWithKey"],"fullName":"kiteCrypto: parseKeyMaterial / encryptWithKey / decryptWithKey parseKeyMaterial accepts a 64-char hex string","status":"passed","title":"parseKeyMaterial accepts a 64-char hex string","duration":1.26069699999789,"failureMessages":[],"meta":{},"tags":[]},{"ancestorTitles":["kiteCrypto: parseKeyMaterial / encryptWithKey / decryptWithKey"],"fullName":"kiteCrypto: parseKeyMaterial / encryptWithKey / decryptWithKey parseKeyMaterial accepts a base64-encoded 32-byte key","status":"passed","title":"parseKeyMaterial accepts a base64-encoded 32-byte key","duration":0.17590100000234088,"failureMessages":[],"meta":{},"tags":[]},{"ancestorTitles":["kiteCrypto: parseKeyMaterial / encryptWithKey / decryptWithKey"],"fullName":"kiteCrypto: parseKeyMaterial / encryptWithKey / decryptWithKey parseKeyMaterial accepts base64url (no padding)","status":"passed","title":"parseKeyMaterial accepts base64url (no padding)","duration":0.150154000002658,"failureMessages":[],"meta":{},"tags":[]},{"ancestorTitles":["kiteCrypto: parseKeyMaterial / encryptWithKey / decryptWithKey"],"fullName":"kiteCrypto: parseKeyMaterial / encryptWithKey / decryptWithKey parseKeyMaterial rejects empty input","status":"passed","title":"parseKeyMaterial rejects empty input","duration":0.8374610000028042,"failureMessages":[],"meta":{},"tags":[]},{"ancestorTitles":["kiteCrypto: parseKeyMaterial / encryptWithKey / decryptWithKey"],"fullName":"kiteCrypto: parseKeyMaterial / encryptWithKey / decryptWithKey parseKeyMaterial rejects a too-short string","status":"passed","title":"parseKeyMaterial rejects a too-short string","duration":0.35499200000049314,"failureMessages":[],"meta":{},"tags":[]},{"ancestorTitles":["kiteCrypto: parseKeyMaterial / encryptWithKey / decryptWithKey"],"fullName":"kiteCrypto: parseKeyMaterial / encryptWithKey / decryptWithKey parseKeyMaterial rejects a 31-byte payload","status":"passed","title":"parseKeyMaterial rejects a 31-byte payload","duration":0.20900199999596225,"failureMessages":[],"meta":{},"tags":[]},{"ancestorTitles":["kiteCrypto: parseKeyMaterial / encryptWithKey / decryptWithKey"],"fullName":"kiteCrypto: parseKeyMaterial / encryptWithKey / decryptWithKey parseKeyMaterial rejects a 33-byte payload","status":"passed","title":"parseKeyMaterial rejects a 33-byte payload","duration":0.16052900000067893,"failureMessages":[],"meta":{},"tags":[]},{"ancestorTitles":["kiteCrypto: parseKeyMaterial / encryptWithKey / decryptWithKey"],"fullName":"kiteCrypto: parseKeyMaterial / encryptWithKey / decryptWithKey encryptWithKey + decryptWithKey round-trip","status":"passed","title":"encryptWithKey + decryptWithKey round-trip","duration":85.88783199999307,"failureMessages":[],"meta":{},"tags":[]},{"ancestorTitles":["kiteCrypto: parseKeyMaterial / encryptWithKey / decryptWithKey"],"fullName":"kiteCrypto: parseKeyMaterial / encryptWithKey / decryptWithKey decryptWithKey FAILS with the wrong key","status":"passed","title":"decryptWithKey FAILS with the wrong key","duration":0.8371359999946435,"failureMessages":[],"meta":{},"tags":[]},{"ancestorTitles":["kiteCrypto: parseKeyMaterial / encryptWithKey / decryptWithKey"],"fullName":"kiteCrypto: parseKeyMaterial / encryptWithKey / decryptWithKey encryptWithKey refuses to double-wrap a v1 envelope","status":"passed","title":"encryptWithKey refuses to double-wrap a v1 envelope","duration":0.595169000000169,"failureMessages":[],"meta":{},"tags":[]},{"ancestorTitles":["kiteCrypto: parseKeyMaterial / encryptWithKey / decryptWithKey"],"fullName":"kiteCrypto: parseKeyMaterial / encryptWithKey / decryptWithKey decryptWithKey refuses legacy plaintext input","status":"passed","title":"decryptWithKey refuses legacy plaintext input","duration":0.26182300000073155,"failureMessages":[],"meta":{},"tags":[]},{"ancestorTitles":["kiteCrypto: parseKeyMaterial / encryptWithKey / decryptWithKey"],"fullName":"kiteCrypto: parseKeyMaterial / encryptWithKey / decryptWithKey encryptWithKey rejects empty plaintext","status":"passed","title":"encryptWithKey rejects empty plaintext","duration":0.19294500000250991,"failureMessages":[],"meta":{},"tags":[]},{"ancestorTitles":["kiteCrypto: parseKeyMaterial / encryptWithKey / decryptWithKey"],"fullName":"kiteCrypto: parseKeyMaterial / encryptWithKey / decryptWithKey encryptWithKey rejects a wrong-length key","status":"passed","title":"encryptWithKey rejects a wrong-length key","duration":0.2752279999986058,"failureMessages":[],"meta":{},"tags":[]},{"ancestorTitles":["rotateKiteTokenEncKey: classifyColumn"],"fullName":"rotateKiteTokenEncKey: classifyColumn classifies null/empty as NULL","status":"passed","title":"classifies null/empty as NULL","duration":0.3677559999996447,"failureMessages":[],"meta":{},"tags":[]},{"ancestorTitles":["rotateKiteTokenEncKey: classifyColumn"],"fullName":"rotateKiteTokenEncKey: classifyColumn classifies legacy plaintext as PLAINTEXT","status":"passed","title":"classifies legacy plaintext as PLAINTEXT","duration":0.25912699999753386,"failureMessages":[],"meta":{},"tags":[]},{"ancestorTitles":["rotateKiteTokenEncKey: classifyColumn"],"fullName":"rotateKiteTokenEncKey: classifyColumn classifies v1 envelope as ENCRYPTED","status":"passed","title":"classifies v1 envelope as ENCRYPTED","duration":0.07326800000009825,"failureMessages":[],"meta":{},"tags":[]},{"ancestorTitles":["rotateKiteTokenEncKey: keyFingerprint"],"fullName":"rotateKiteTokenEncKey: keyFingerprint is 8 hex chars","status":"passed","title":"is 8 hex chars","duration":0.3928070000038133,"failureMessages":[],"meta":{},"tags":[]},{"ancestorTitles":["rotateKiteTokenEncKey: keyFingerprint"],"fullName":"rotateKiteTokenEncKey: keyFingerprint is deterministic for the same key","status":"passed","title":"is deterministic for the same key","duration":0.15126900000177557,"failureMessages":[],"meta":{},"tags":[]},{"ancestorTitles":["rotateKiteTokenEncKey: keyFingerprint"],"fullName":"rotateKiteTokenEncKey: keyFingerprint differs for different keys","status":"passed","title":"differs for different keys","duration":0.4278330000015558,"failureMessages":[],"meta":{},"tags":[]},{"ancestorTitles":["rotateKiteTokenEncKey: parseArgs"],"fullName":"rotateKiteTokenEncKey: parseArgs dry-run by default","status":"passed","title":"dry-run by default","duration":0.28512400000181515,"failureMessages":[],"meta":{},"tags":[]},{"ancestorTitles":["rotateKiteTokenEncKey: parseArgs"],"fullName":"rotateKiteTokenEncKey: parseArgs --apply flips apply=true","status":"passed","title":"--apply flips apply=true","duration":0.15835099999821978,"failureMessages":[],"meta":{},"tags":[]},{"ancestorTitles":["rotateKiteTokenEncKey: parseArgs"],"fullName":"rotateKiteTokenEncKey: parseArgs --commit also flips apply=true (alias)","status":"passed","title":"--commit also flips apply=true (alias)","duration":0.07190699999773642,"failureMessages":[],"meta":{},"tags":[]},{"ancestorTitles":["rotateKiteTokenEncKey: parseArgs"],"fullName":"rotateKiteTokenEncKey: parseArgs -h / --help","status":"passed","title":"-h / --help","duration":0.07032400000025518,"failureMessages":[],"meta":{},"tags":[]},{"ancestorTitles":["rotateKiteTokenEncKey: rotateRow (happy path)"],"fullName":"rotateKiteTokenEncKey: rotateRow (happy path) re-encrypts every column with the NEW key","status":"passed","title":"re-encrypts every column with the NEW key","duration":0.6026400000046124,"failureMessages":[],"meta":{},"tags":[]},{"ancestorTitles":["rotateKiteTokenEncKey: rotateRow (happy path)"],"fullName":"rotateKiteTokenEncKey: rotateRow (happy path) output ciphertexts no longer decrypt with OLD key","status":"passed","title":"output ciphertexts no longer decrypt with OLD key","duration":0.7613109999947483,"failureMessages":[],"meta":{},"tags":[]},{"ancestorTitles":["rotateKiteTokenEncKey: rotateRow (happy path)"],"fullName":"rotateKiteTokenEncKey: rotateRow (happy path) output ciphertexts NEVER contain the plaintext token","status":"passed","title":"output ciphertexts NEVER contain the plaintext token","duration":0.2762849999999162,"failureMessages":[],"meta":{},"tags":[]},{"ancestorTitles":["rotateKiteTokenEncKey: rotateRow (happy path)"],"fullName":"rotateKiteTokenEncKey: rotateRow (happy path) output ciphertexts differ from input ciphertexts (fresh IVs)","status":"passed","title":"output ciphertexts differ from input ciphertexts (fresh IVs)","duration":0.4215020000046934,"failureMessages":[],"meta":{},"tags":[]},{"ancestorTitles":["rotateKiteTokenEncKey: rotateRow (happy path)"],"fullName":"rotateKiteTokenEncKey: rotateRow (happy path) handles a NULL public_token without erroring","status":"passed","title":"handles a NULL public_token without erroring","duration":0.21739499999966938,"failureMessages":[],"meta":{},"tags":[]},{"ancestorTitles":["rotateKiteTokenEncKey: rotateRow (failure paths — fail-closed)"],"fullName":"rotateKiteTokenEncKey: rotateRow (failure paths — fail-closed) throws when OLD key is wrong (real ciphertext from a different key)","status":"passed","title":"throws when OLD key is wrong (real ciphertext from a different key)","duration":0.4078099999969709,"failureMessages":[],"meta":{},"tags":[]},{"ancestorTitles":["rotateKiteTokenEncKey: rotateRow (failure paths — fail-closed)"],"fullName":"rotateKiteTokenEncKey: rotateRow (failure paths — fail-closed) throws when error message contains NEITHER plaintext NOR raw key bytes","status":"passed","title":"throws when error message contains NEITHER plaintext NOR raw key bytes","duration":0.39270500000566244,"failureMessages":[],"meta":{},"tags":[]},{"ancestorTitles":["rotateKiteTokenEncKey: rotateRow (failure paths — fail-closed)"],"fullName":"rotateKiteTokenEncKey: rotateRow (failure paths — fail-closed) passes plaintext columns through unchanged (operator decides)","status":"passed","title":"passes plaintext columns through unchanged (operator decides)","duration":0.24135000000387663,"failureMessages":[],"meta":{},"tags":[]},{"ancestorTitles":["rotateKiteTokenEncKey: CLI env validation (fail-closed before any DB call)"],"fullName":"rotateKiteTokenEncKey: CLI env validation (fail-closed before any DB call) exits 2 when KITE_TOKEN_ENC_KEY_OLD is missing — no DB calls","status":"passed","title":"exits 2 when KITE_TOKEN_ENC_KEY_OLD is missing — no DB calls","duration":0.897899999996298,"failureMessages":[],"meta":{},"tags":[]},{"ancestorTitles":["rotateKiteTokenEncKey: CLI env validation (fail-closed before any DB call)"],"fullName":"rotateKiteTokenEncKey: CLI env validation (fail-closed before any DB call) exits 2 when KITE_TOKEN_ENC_KEY_NEW is missing — no DB calls","status":"passed","title":"exits 2 when KITE_TOKEN_ENC_KEY_NEW is missing — no DB calls","duration":0.4118319999979576,"failureMessages":[],"meta":{},"tags":[]},{"ancestorTitles":["rotateKiteTokenEncKey: CLI env validation (fail-closed before any DB call)"],"fullName":"rotateKiteTokenEncKey: CLI env validation (fail-closed before any DB call) exits 2 when KITE_TOKEN_ENC_KEY_OLD is malformed — no DB calls","status":"passed","title":"exits 2 when KITE_TOKEN_ENC_KEY_OLD is malformed — no DB calls","duration":0.4827359999981127,"failureMessages":[],"meta":{},"tags":[]},{"ancestorTitles":["rotateKiteTokenEncKey: CLI env validation (fail-closed before any DB call)"],"fullName":"rotateKiteTokenEncKey: CLI env validation (fail-closed before any DB call) exits 2 when KITE_TOKEN_ENC_KEY_NEW is malformed — no DB calls","status":"passed","title":"exits 2 when KITE_TOKEN_ENC_KEY_NEW is malformed — no DB calls","duration":0.7982990000018617,"failureMessages":[],"meta":{},"tags":[]},{"ancestorTitles":["rotateKiteTokenEncKey: CLI env validation (fail-closed before any DB call)"],"fullName":"rotateKiteTokenEncKey: CLI env validation (fail-closed before any DB call) exits 2 when OLD === NEW — no DB calls","status":"passed","title":"exits 2 when OLD === NEW — no DB calls","duration":0.39986599999974715,"failureMessages":[],"meta":{},"tags":[]},{"ancestorTitles":["rotateKiteTokenEncKey: CLI dry-run vs apply boundary (DB write proof)"],"fullName":"rotateKiteTokenEncKey: CLI dry-run vs apply boundary (DB write proof) DRY-RUN: reads but never updates / opens a transaction","status":"passed","title":"DRY-RUN: reads but never updates / opens a transaction","duration":90.95622600000206,"failureMessages":[],"meta":{},"tags":[]},{"ancestorTitles":["rotateKiteTokenEncKey: CLI dry-run vs apply boundary (DB write proof)"],"fullName":"rotateKiteTokenEncKey: CLI dry-run vs apply boundary (DB write proof) APPLY: opens a transaction and issues the update","status":"passed","title":"APPLY: opens a transaction and issues the update","duration":1.2560989999983576,"failureMessages":[],"meta":{},"tags":[]},{"ancestorTitles":["rotateKiteTokenEncKey: CLI dry-run vs apply boundary (DB write proof)"],"fullName":"rotateKiteTokenEncKey: CLI dry-run vs apply boundary (DB write proof) DRY-RUN with wrong OLD key: aborts before any update / transaction","status":"passed","title":"DRY-RUN with wrong OLD key: aborts before any update / transaction","duration":1.0375029999995604,"failureMessages":[],"meta":{},"tags":[]},{"ancestorTitles":["rotateKiteTokenEncKey: CLI dry-run vs apply boundary (DB write proof)"],"fullName":"rotateKiteTokenEncKey: CLI dry-run vs apply boundary (DB write proof) Stdout never contains plaintext tokens or full key material","status":"passed","title":"Stdout never contains plaintext tokens or full key material","duration":1.676103999998304,"failureMessages":[],"meta":{},"tags":[]}],"startTime":1784022737927,"endTime":1784022738122.676,"status":"passed","message":"","name":"/app/artifacts/api-server/src/scripts/rotateKiteTokenEncKey.test.ts"},{"assertionResults":[{"ancestorTitles":["getTelegramStatus — config detection"],"fullName":"getTelegramStatus — config detection returns TELEGRAM_DISABLED_MISSING_CONFIG when both secrets absent","status":"passed","title":"returns TELEGRAM_DISABLED_MISSING_CONFIG when both secrets absent","duration":1.4944660000037402,"failureMessages":[],"meta":{},"tags":[]},{"ancestorTitles":["getTelegramStatus — config detection"],"fullName":"getTelegramStatus — config detection returns TELEGRAM_DISABLED_MISSING_TOKEN when only CHAT_ID set","status":"passed","title":"returns TELEGRAM_DISABLED_MISSING_TOKEN when only CHAT_ID set","duration":0.307265000003099,"failureMessages":[],"meta":{},"tags":[]},{"ancestorTitles":["getTelegramStatus — config detection"],"fullName":"getTelegramStatus — config detection returns TELEGRAM_DISABLED_MISSING_CHAT_ID when only BOT_TOKEN set","status":"passed","title":"returns TELEGRAM_DISABLED_MISSING_CHAT_ID when only BOT_TOKEN set","duration":0.2996679999996559,"failureMessages":[],"meta":{},"tags":[]},{"ancestorTitles":["getTelegramStatus — config detection"],"fullName":"getTelegramStatus — config detection returns TELEGRAM_ENABLED when both secrets are set","status":"passed","title":"returns TELEGRAM_ENABLED when both secrets are set","duration":0.35937099999864586,"failureMessages":[],"meta":{},"tags":[]},{"ancestorTitles":["alertOwner — dedup prevents spam"],"fullName":"alertOwner — dedup prevents spam does not call fetch twice for the same event within dedup window","status":"passed","title":"does not call fetch twice for the same event within dedup window","duration":51.492205000002286,"failureMessages":[],"meta":{},"tags":[]},{"ancestorTitles":["alertOwner — dedup prevents spam"],"fullName":"alertOwner — dedup prevents spam fires for different event keys independently","status":"passed","title":"fires for different event keys independently","duration":137.23961299999792,"failureMessages":[],"meta":{},"tags":[]},{"ancestorTitles":["alertOwner — dedup prevents spam"],"fullName":"alertOwner — dedup prevents spam passes (dedupKey, windowMs, family) to the DB claim layer for cross-process dedup","status":"passed","title":"passes (dedupKey, windowMs, family) to the DB claim layer for cross-process dedup","duration":20.8554409999997,"failureMessages":[],"meta":{},"tags":[]},{"ancestorTitles":["alertOwner — dedup prevents spam"],"fullName":"alertOwner — dedup prevents spam does not send Telegram when the DB claim layer reports another worker already claimed it","status":"passed","title":"does not send Telegram when the DB claim layer reports another worker already claimed it","duration":79.5208169999969,"failureMessages":[],"meta":{},"tags":[]},{"ancestorTitles":["alertOwner — dedup prevents spam"],"fullName":"alertOwner — dedup prevents spam records a skipped-alert stat when the DB claim layer reports another worker already claimed it","status":"passed","title":"records a skipped-alert stat when the DB claim layer reports another worker already claimed it","duration":100.64700200000516,"failureMessages":[],"meta":{},"tags":[]},{"ancestorTitles":["alertOwner — dedup prevents spam"],"fullName":"alertOwner — dedup prevents spam does not record a skipped-alert stat on a successful (claimed) send","status":"passed","title":"does not record a skipped-alert stat on a successful (claimed) send","duration":98.5787879999989,"failureMessages":[],"meta":{},"tags":[]},{"ancestorTitles":["sendTestTelegramMessage"],"fullName":"sendTestTelegramMessage returns STUB_NO_CONFIG when secrets are missing","status":"passed","title":"returns STUB_NO_CONFIG when secrets are missing","duration":0.33735499999602325,"failureMessages":[],"meta":{},"tags":[]},{"ancestorTitles":["sendTestTelegramMessage"],"fullName":"sendTestTelegramMessage returns SENT when fetch succeeds","status":"passed","title":"returns SENT when fetch succeeds","duration":0.42803599999751896,"failureMessages":[],"meta":{},"tags":[]},{"ancestorTitles":["sendTestTelegramMessage"],"fullName":"sendTestTelegramMessage handles timeout without throwing","status":"passed","title":"handles timeout without throwing","duration":0.5467070000013337,"failureMessages":[],"meta":{},"tags":[]},{"ancestorTitles":["sendTestTelegramMessage"],"fullName":"sendTestTelegramMessage handles HTTP failure without throwing","status":"passed","title":"handles HTTP failure without throwing","duration":0.6292259999972885,"failureMessages":[],"meta":{},"tags":[]},{"ancestorTitles":["doSendTelegramMessage — retry logic"],"fullName":"doSendTelegramMessage — retry logic does not retry on 4xx (invalid token/chat_id)","status":"passed","title":"does not retry on 4xx (invalid token/chat_id)","duration":0.6094759999978123,"failureMessages":[],"meta":{},"tags":[]},{"ancestorTitles":["doSendTelegramMessage — retry logic"],"fullName":"doSendTelegramMessage — retry logic retries once on 5xx server error","status":"passed","title":"retries once on 5xx server error","duration":0.4698500000013155,"failureMessages":[],"meta":{},"tags":[]},{"ancestorTitles":["doSendTelegramMessage — retry logic"],"fullName":"doSendTelegramMessage — retry logic retries once on network error","status":"passed","title":"retries once on network error","duration":0.23489900000276975,"failureMessages":[],"meta":{},"tags":[]},{"ancestorTitles":["alertOwner — no secrets in log arguments"],"fullName":"alertOwner — no secrets in log arguments does not include bot token or chat_id in logger.warn arguments","status":"passed","title":"does not include bot token or chat_id in logger.warn arguments","duration":98.54104999999981,"failureMessages":[],"meta":{},"tags":[]},{"ancestorTitles":["alertOwner — F&O cycle safety"],"fullName":"alertOwner — F&O cycle safety does not throw even when fetch rejects unexpectedly","status":"passed","title":"does not throw even when fetch rejects unexpectedly","duration":0.7773849999939557,"failureMessages":[],"meta":{},"tags":[]},{"ancestorTitles":["getLastAlertRecord"],"fullName":"getLastAlertRecord returns null before any alert fires","status":"passed","title":"returns null before any alert fires","duration":0.23978799999895273,"failureMessages":[],"meta":{},"tags":[]},{"ancestorTitles":["getLastAlertRecord"],"fullName":"getLastAlertRecord records SENT status after successful delivery","status":"passed","title":"records SENT status after successful delivery","duration":97.00168200000189,"failureMessages":[],"meta":{},"tags":[]},{"ancestorTitles":["getLastAlertRecord"],"fullName":"getLastAlertRecord records STUB_NO_CONFIG when secrets are missing","status":"passed","title":"records STUB_NO_CONFIG when secrets are missing","duration":100.02173000000039,"failureMessages":[],"meta":{},"tags":[]}],"startTime":1784022729624,"endTime":1784022730416.0217,"status":"passed","message":"","name":"/app/artifacts/api-server/src/lib/alerting.test.ts"},{"assertionResults":[],"startTime":1784022697139,"endTime":1784022697139,"status":"failed","message":"DATABASE_URL must be set. Did you forget to provision a database?","name":"/app/artifacts/api-server/src/lib/backboneHealth.test.ts"},{"assertionResults":[],"startTime":1784022697139,"endTime":1784022697139,"status":"failed","message":"DATABASE_URL must be set. Did you forget to provision a database?","name":"/app/artifacts/api-server/src/lib/bootScheduler.test.ts"},{"assertionResults":[{"ancestorTitles":["getBuildInfo()"],"fullName":"getBuildInfo() returns an object with all required top-level fields","status":"passed","title":"returns an object with all required top-level fields","duration":1.8625670000037644,"failureMessages":[],"meta":{},"tags":[]},{"ancestorTitles":["getBuildInfo()"],"fullName":"getBuildInfo() app is 'marketscanner'","status":"passed","title":"app is 'marketscanner'","duration":0.18939599999430357,"failureMessages":[],"meta":{},"tags":[]},{"ancestorTitles":["getBuildInfo()"],"fullName":"getBuildInfo() environment is 'production' or 'development'","status":"passed","title":"environment is 'production' or 'development'","duration":0.528654000001552,"failureMessages":[],"meta":{},"tags":[]},{"ancestorTitles":["getBuildInfo()"],"fullName":"getBuildInfo() all string fields are non-empty (either a value or 'unknown')","status":"passed","title":"all string fields are non-empty (either a value or 'unknown')","duration":0.33198100000299746,"failureMessages":[],"meta":{},"tags":[]},{"ancestorTitles":["getBuildInfo()"],"fullName":"getBuildInfo() bootTime is a valid ISO 8601 string","status":"passed","title":"bootTime is a valid ISO 8601 string","duration":0.7818879999977071,"failureMessages":[],"meta":{},"tags":[]},{"ancestorTitles":["getBuildInfo()"],"fullName":"getBuildInfo() in test/dev (no esbuild pass), build-time constants return 'unknown'","status":"passed","title":"in test/dev (no esbuild pass), build-time constants return 'unknown'","duration":0.22429299999930663,"failureMessages":[],"meta":{},"tags":[]},{"ancestorTitles":["getBuildInfo()"],"fullName":"getBuildInfo() contains all 7 required checkpoint markers, all set to true","status":"passed","title":"contains all 7 required checkpoint markers, all set to true","duration":0.3177030000006198,"failureMessages":[],"meta":{},"tags":[]},{"ancestorTitles":["getBuildInfo()"],"fullName":"getBuildInfo() does NOT expose any secret-pattern keys in the response JSON","status":"passed","title":"does NOT expose any secret-pattern keys in the response JSON","duration":0.3371929999993881,"failureMessages":[],"meta":{},"tags":[]},{"ancestorTitles":["getBuildInfo()"],"fullName":"getBuildInfo() bootTime is captured once (singleton, stable across calls)","status":"passed","title":"bootTime is captured once (singleton, stable across calls)","duration":0.47566599999845494,"failureMessages":[],"meta":{},"tags":[]}],"startTime":1784022741017,"endTime":1784022741021.4756,"status":"passed","message":"","name":"/app/artifacts/api-server/src/lib/buildInfo.test.ts"},{"assertionResults":[],"startTime":1784022697139,"endTime":1784022697139,"status":"failed","message":"DATABASE_URL must be set. Did you forget to provision a database?","name":"/app/artifacts/api-server/src/lib/candleWarehouseIngestor.test.ts"},{"assertionResults":[],"startTime":1784022697139,"endTime":1784022697139,"status":"failed","message":"DATABASE_URL must be set. Did you forget to provision a database?","name":"/app/artifacts/api-server/src/lib/canonicalDataParity.test.ts"},{"assertionResults":[],"startTime":1784022697139,"endTime":1784022697139,"status":"failed","message":"DATABASE_URL must be set. Did you forget to provision a database?","name":"/app/artifacts/api-server/src/lib/canonicalFnoReadiness.test.ts"},{"assertionResults":[{"ancestorTitles":["Chart candle provenance contract","Kite authoritative data"],"fullName":"Chart candle provenance contract Kite authoritative data marks sourceProvider as kite","status":"passed","title":"marks sourceProvider as kite","duration":1.2110729999985779,"failureMessages":[],"meta":{},"tags":[]},{"ancestorTitles":["Chart candle provenance contract","Kite authoritative data"],"fullName":"Chart candle provenance contract Kite authoritative data marks sourceTier as authoritative","status":"passed","title":"marks sourceTier as authoritative","duration":0.1468040000036126,"failureMessages":[],"meta":{},"tags":[]},{"ancestorTitles":["Chart candle provenance contract","Kite authoritative data"],"fullName":"Chart candle provenance contract Kite authoritative data is not visualOnly","status":"passed","title":"is not visualOnly","duration":0.21768600000359584,"failureMessages":[],"meta":{},"tags":[]},{"ancestorTitles":["Chart candle provenance contract","Kite authoritative data"],"fullName":"Chart candle provenance contract Kite authoritative data is live and not delayed","status":"passed","title":"is live and not delayed","duration":0.25300699999934295,"failureMessages":[],"meta":{},"tags":[]},{"ancestorTitles":["Chart candle provenance contract","Yahoo secondary data"],"fullName":"Chart candle provenance contract Yahoo secondary data marks sourceProvider as yahoo","status":"passed","title":"marks sourceProvider as yahoo","duration":0.10632900000200607,"failureMessages":[],"meta":{},"tags":[]},{"ancestorTitles":["Chart candle provenance contract","Yahoo secondary data"],"fullName":"Chart candle provenance contract Yahoo secondary data marks sourceTier as secondary","status":"passed","title":"marks sourceTier as secondary","duration":0.09565900000598049,"failureMessages":[],"meta":{},"tags":[]},{"ancestorTitles":["Chart candle provenance contract","Yahoo secondary data"],"fullName":"Chart candle provenance contract Yahoo secondary data IS visualOnly — not for signals","status":"passed","title":"IS visualOnly — not for signals","duration":0.2000019999977667,"failureMessages":[],"meta":{},"tags":[]},{"ancestorTitles":["Chart candle provenance contract","Yahoo secondary data"],"fullName":"Chart candle provenance contract Yahoo secondary data is delayed and not live","status":"passed","title":"is delayed and not live","duration":0.11223600000084843,"failureMessages":[],"meta":{},"tags":[]},{"ancestorTitles":["Chart candle provenance contract","Yahoo secondary data"],"fullName":"Chart candle provenance contract Yahoo secondary data has fallbackUsed = true","status":"passed","title":"has fallbackUsed = true","duration":0.2795890000052168,"failureMessages":[],"meta":{},"tags":[]},{"ancestorTitles":["Chart candle provenance contract","Yahoo secondary data"],"fullName":"Chart candle provenance contract Yahoo secondary data has warnings about trade-grade usage","status":"passed","title":"has warnings about trade-grade usage","duration":0.24410599999828264,"failureMessages":[],"meta":{},"tags":[]},{"ancestorTitles":["Chart candle provenance contract","Index futures volume proxy"],"fullName":"Chart candle provenance contract Index futures volume proxy marks volumeSource as futures_proxy","status":"passed","title":"marks volumeSource as futures_proxy","duration":0.11555100000259699,"failureMessages":[],"meta":{},"tags":[]},{"ancestorTitles":["Chart candle provenance contract","Index futures volume proxy"],"fullName":"Chart candle provenance contract Index futures volume proxy includes volumeSourceInstrument name","status":"passed","title":"includes volumeSourceInstrument name","duration":0.289571999994223,"failureMessages":[],"meta":{},"tags":[]},{"ancestorTitles":["Chart candle provenance contract","Index futures volume proxy"],"fullName":"Chart candle provenance contract Index futures volume proxy is still authoritative (Kite candles are real)","status":"passed","title":"is still authoritative (Kite candles are real)","duration":0.10239900000306079,"failureMessages":[],"meta":{},"tags":[]},{"ancestorTitles":["Chart candle provenance contract","visualOnly and notForSignals consistency"],"fullName":"Chart candle provenance contract visualOnly and notForSignals consistency Yahoo data must always be visualOnly=true","status":"passed","title":"Yahoo data must always be visualOnly=true","duration":0.3940089999960037,"failureMessages":[],"meta":{},"tags":[]},{"ancestorTitles":["Chart candle provenance contract","visualOnly and notForSignals consistency"],"fullName":"Chart candle provenance contract visualOnly and notForSignals consistency Kite data is never visualOnly","status":"passed","title":"Kite data is never visualOnly","duration":0.2499450000032084,"failureMessages":[],"meta":{},"tags":[]},{"ancestorTitles":["Chart candle provenance contract","visualOnly and notForSignals consistency"],"fullName":"Chart candle provenance contract visualOnly and notForSignals consistency futures proxy with Kite is not visualOnly","status":"passed","title":"futures proxy with Kite is not visualOnly","duration":0.07896500000060769,"failureMessages":[],"meta":{},"tags":[]},{"ancestorTitles":["Chart visible range per timeframe"],"fullName":"Chart visible range per timeframe all timeframes have a defined bar count","status":"passed","title":"all timeframes have a defined bar count","duration":0.4457239999974263,"failureMessages":[],"meta":{},"tags":[]},{"ancestorTitles":["Chart visible range per timeframe"],"fullName":"Chart visible range per timeframe intraday timeframes show fewer bars (more zoomed in)","status":"passed","title":"intraday timeframes show fewer bars (more zoomed in)","duration":0.1211440000042785,"failureMessages":[],"meta":{},"tags":[]},{"ancestorTitles":["Chart visible range per timeframe"],"fullName":"Chart visible range per timeframe daily timeframe shows approximately 1 year (252 trading days)","status":"passed","title":"daily timeframe shows approximately 1 year (252 trading days)","duration":0.06180100000347011,"failureMessages":[],"meta":{},"tags":[]},{"ancestorTitles":["Chart visible range per timeframe"],"fullName":"Chart visible range per timeframe defaults to 200 for unknown timeframe","status":"passed","title":"defaults to 200 for unknown timeframe","duration":0.1413029999966966,"failureMessages":[],"meta":{},"tags":[]},{"ancestorTitles":["Methodology drawer"],"fullName":"Methodology drawer default state is collapsed (methodologyOpen=false)","status":"passed","title":"default state is collapsed (methodologyOpen=false)","duration":0.07279699999344302,"failureMessages":[],"meta":{},"tags":[]},{"ancestorTitles":["Methodology drawer"],"fullName":"Methodology drawer toggles to open","status":"passed","title":"toggles to open","duration":0.05946099999709986,"failureMessages":[],"meta":{},"tags":[]},{"ancestorTitles":["Source badge rendering logic"],"fullName":"Source badge rendering logic Kite live → 'KITE LIVE'","status":"passed","title":"Kite live → 'KITE LIVE'","duration":0.06918100000621052,"failureMessages":[],"meta":{},"tags":[]},{"ancestorTitles":["Source badge rendering logic"],"fullName":"Source badge rendering logic Kite stale → 'KITE STALE'","status":"passed","title":"Kite stale → 'KITE STALE'","duration":0.12851599999703467,"failureMessages":[],"meta":{},"tags":[]},{"ancestorTitles":["Source badge rendering logic"],"fullName":"Source badge rendering logic Kite historical → 'KITE HISTORICAL'","status":"passed","title":"Kite historical → 'KITE HISTORICAL'","duration":0.07469199999468401,"failureMessages":[],"meta":{},"tags":[]},{"ancestorTitles":["Source badge rendering logic"],"fullName":"Source badge rendering logic Yahoo visual-only → 'YAHOO DELAYED · VISUAL ONLY'","status":"passed","title":"Yahoo visual-only → 'YAHOO DELAYED · VISUAL ONLY'","duration":0.06272200000239536,"failureMessages":[],"meta":{},"tags":[]},{"ancestorTitles":["Source badge rendering logic"],"fullName":"Source badge rendering logic Yahoo without visual-only flag → 'YAHOO DELAYED'","status":"passed","title":"Yahoo without visual-only flag → 'YAHOO DELAYED'","duration":0.055769999999029096,"failureMessages":[],"meta":{},"tags":[]},{"ancestorTitles":["Source badge rendering logic"],"fullName":"Source badge rendering logic null provider → 'DATA UNAVAILABLE'","status":"passed","title":"null provider → 'DATA UNAVAILABLE'","duration":0.05256599999847822,"failureMessages":[],"meta":{},"tags":[]},{"ancestorTitles":["Volume source badge logic"],"fullName":"Volume source badge logic futures proxy → 'VOL · NIFTY FUT'","status":"passed","title":"futures proxy → 'VOL · NIFTY FUT'","duration":0.06480400000145892,"failureMessages":[],"meta":{},"tags":[]},{"ancestorTitles":["Volume source badge logic"],"fullName":"Volume source badge logic unavailable → 'NO REAL VOLUME'","status":"passed","title":"unavailable → 'NO REAL VOLUME'","duration":0.28366600000299513,"failureMessages":[],"meta":{},"tags":[]},{"ancestorTitles":["Volume source badge logic"],"fullName":"Volume source badge logic actual → 'VOL · ACTUAL'","status":"passed","title":"actual → 'VOL · ACTUAL'","duration":0.05744100000447361,"failureMessages":[],"meta":{},"tags":[]}],"startTime":1784022741919,"endTime":1784022741926.0574,"status":"passed","message":"","name":"/app/artifacts/api-server/src/lib/chart.provenance.test.ts"},{"assertionResults":[{"ancestorTitles":["Chart datafeed Indian segment Yahoo gate"],"fullName":"Chart datafeed Indian segment Yahoo gate Indian equity/index segment does NOT fall through to Yahoo","status":"passed","title":"Indian equity/index segment does NOT fall through to Yahoo","duration":87.33683299999393,"failureMessages":[],"meta":{},"tags":[]},{"ancestorTitles":["Chart datafeed Indian segment Yahoo gate"],"fullName":"Chart datafeed Indian segment Yahoo gate global segment allows Yahoo fallback","status":"passed","title":"global segment allows Yahoo fallback","duration":0.26892299999599345,"failureMessages":[],"meta":{},"tags":[]},{"ancestorTitles":["Chart datafeed Indian segment Yahoo gate"],"fullName":"Chart datafeed Indian segment Yahoo gate Indian unavailable chart returns correct message","status":"passed","title":"Indian unavailable chart returns correct message","duration":0.1507500000006985,"failureMessages":[],"meta":{},"tags":[]},{"ancestorTitles":["Chart datafeed Indian segment Yahoo gate"],"fullName":"Chart datafeed Indian segment Yahoo gate unavailable chart returns source=none with empty candles","status":"passed","title":"unavailable chart returns source=none with empty candles","duration":0.2152459999997518,"failureMessages":[],"meta":{},"tags":[]},{"ancestorTitles":["Chart datafeed Indian segment Yahoo gate"],"fullName":"Chart datafeed Indian segment Yahoo gate Indian unavailable chart carries Kite-required warning","status":"passed","title":"Indian unavailable chart carries Kite-required warning","duration":0.18967800000245916,"failureMessages":[],"meta":{},"tags":[]},{"ancestorTitles":["Chart datafeed Indian segment Yahoo gate"],"fullName":"Chart datafeed Indian segment Yahoo gate none-path provenance fields are complete (Sprint 1 fix)","status":"passed","title":"none-path provenance fields are complete (Sprint 1 fix)","duration":0.22336100000393344,"failureMessages":[],"meta":{},"tags":[]},{"ancestorTitles":["Scanner provenance honesty"],"fullName":"Scanner provenance honesty scanner.ts buildRow sets provider to yahoo","status":"passed","title":"scanner.ts buildRow sets provider to yahoo","duration":0.4459199999982957,"failureMessages":[],"meta":{},"tags":[]},{"ancestorTitles":["Scanner provenance honesty"],"fullName":"Scanner provenance honesty scannerProvenance shouldDemoteSignal demotes Yahoo","status":"passed","title":"scannerProvenance shouldDemoteSignal demotes Yahoo","duration":0.20659799999702955,"failureMessages":[],"meta":{},"tags":[]},{"ancestorTitles":["Scanner provenance honesty"],"fullName":"Scanner provenance honesty swingSignals carries levelsSource field","status":"passed","title":"swingSignals carries levelsSource field","duration":0.4796870000063791,"failureMessages":[],"meta":{},"tags":[]},{"ancestorTitles":["Provider guard structural checks"],"fullName":"Provider guard structural checks optionChain.ts does not import from ./yahoo","status":"passed","title":"optionChain.ts does not import from ./yahoo","duration":0.5235850000026403,"failureMessages":[],"meta":{},"tags":[]},{"ancestorTitles":["Provider guard structural checks"],"fullName":"Provider guard structural checks F&O trade paths do not import Yahoo runtime","status":"passed","title":"F&O trade paths do not import Yahoo runtime","duration":1.7238129999968805,"failureMessages":[],"meta":{},"tags":[]},{"ancestorTitles":["Provider guard structural checks"],"fullName":"Provider guard structural checks chart Indian official mode blocks Yahoo","status":"passed","title":"chart Indian official mode blocks Yahoo","duration":0.4539100000038161,"failureMessages":[],"meta":{},"tags":[]},{"ancestorTitles":["Provider guard structural checks"],"fullName":"Provider guard structural checks missing data never becomes fake 0","status":"passed","title":"missing data never becomes fake 0","duration":0.22719399999914458,"failureMessages":[],"meta":{},"tags":[]}],"startTime":1784022745529,"endTime":1784022745622.2273,"status":"passed","message":"","name":"/app/artifacts/api-server/src/lib/chartDatafeed.segment.test.ts"},{"assertionResults":[],"startTime":1784022697139,"endTime":1784022697139,"status":"failed","message":"DATABASE_URL must be set. Did you forget to provision a database?","name":"/app/artifacts/api-server/src/lib/chartDatafeed.test.ts"},{"assertionResults":[{"ancestorTitles":["equityYahooTicker"],"fullName":"equityYahooTicker appends .NS and uppercases","status":"passed","title":"appends .NS and uppercases","duration":1.1901530000031926,"failureMessages":[],"meta":{},"tags":[]},{"ancestorTitles":["equityYahooTicker"],"fullName":"equityYahooTicker applies rename overrides (e.g. ZOMATO → ETERNAL)","status":"passed","title":"applies rename overrides (e.g. ZOMATO → ETERNAL)","duration":0.5335380000033183,"failureMessages":[],"meta":{},"tags":[]},{"ancestorTitles":["searchInstruments"],"fullName":"searchInstruments returns default indices+globals (no equities) for empty query","status":"passed","title":"returns default indices+globals (no equities) for empty query","duration":0.41390700000192737,"failureMessages":[],"meta":{},"tags":[]},{"ancestorTitles":["searchInstruments"],"fullName":"searchInstruments matches an index by symbol prefix","status":"passed","title":"matches an index by symbol prefix","duration":0.5347379999948316,"failureMessages":[],"meta":{},"tags":[]},{"ancestorTitles":["searchInstruments"],"fullName":"searchInstruments ranks exact symbol match first","status":"passed","title":"ranks exact symbol match first","duration":0.43416000000433996,"failureMessages":[],"meta":{},"tags":[]},{"ancestorTitles":["searchInstruments"],"fullName":"searchInstruments honours segment filter","status":"passed","title":"honours segment filter","duration":0.1410150000010617,"failureMessages":[],"meta":{},"tags":[]},{"ancestorTitles":["searchInstruments"],"fullName":"searchInstruments finds equities only when a query is present","status":"passed","title":"finds equities only when a query is present","duration":0.44996399999945424,"failureMessages":[],"meta":{},"tags":[]},{"ancestorTitles":["searchInstruments"],"fullName":"searchInstruments never leaks the internal yahoo ticker","status":"passed","title":"never leaks the internal yahoo ticker","duration":0.5877489999984391,"failureMessages":[],"meta":{},"tags":[]},{"ancestorTitles":["resolveInstrument"],"fullName":"resolveInstrument resolves a curated index","status":"passed","title":"resolves a curated index","duration":84.32311299999856,"failureMessages":[],"meta":{},"tags":[]},{"ancestorTitles":["resolveInstrument"],"fullName":"resolveInstrument resolves a curated global","status":"passed","title":"resolves a curated global","duration":0.2862109999987297,"failureMessages":[],"meta":{},"tags":[]},{"ancestorTitles":["resolveInstrument"],"fullName":"resolveInstrument returns null when the symbol does not exist","status":"passed","title":"returns null when the symbol does not exist","duration":0.3536480000038864,"failureMessages":[],"meta":{},"tags":[]},{"ancestorTitles":["resolveInstrument"],"fullName":"resolveInstrument does not cross segments (index symbol with equity hint)","status":"passed","title":"does not cross segments (index symbol with equity hint)","duration":0.20089500000176486,"failureMessages":[],"meta":{},"tags":[]},{"ancestorTitles":["registries"],"fullName":"registries curated indices and globals are non-empty and well-formed","status":"passed","title":"curated indices and globals are non-empty and well-formed","duration":2.955822999996599,"failureMessages":[],"meta":{},"tags":[]},{"ancestorTitles":["registries"],"fullName":"registries equity instruments exclude inactive symbols","status":"passed","title":"equity instruments exclude inactive symbols","duration":0.7671550000013667,"failureMessages":[],"meta":{},"tags":[]},{"ancestorTitles":["searchInstruments tags curated provenance"],"fullName":"searchInstruments tags curated provenance every curated result carries source='curated'","status":"passed","title":"every curated result carries source='curated'","duration":0.5147040000010747,"failureMessages":[],"meta":{},"tags":[]},{"ancestorTitles":["mergeMasterHits (autocomplete dedupe + provenance)"],"fullName":"mergeMasterHits (autocomplete dedupe + provenance) drops a master hit whose symbol already appears in curated","status":"passed","title":"drops a master hit whose symbol already appears in curated","duration":0.789690999998129,"failureMessages":[],"meta":{},"tags":[]},{"ancestorTitles":["mergeMasterHits (autocomplete dedupe + provenance)"],"fullName":"mergeMasterHits (autocomplete dedupe + provenance) collapses the same symbol listed on NSE and BSE to a single (first/NSE) row","status":"passed","title":"collapses the same symbol listed on NSE and BSE to a single (first/NSE) row","duration":0.20088000000396278,"failureMessages":[],"meta":{},"tags":[]},{"ancestorTitles":["mergeMasterHits (autocomplete dedupe + provenance)"],"fullName":"mergeMasterHits (autocomplete dedupe + provenance) keeps a BSE-only symbol that no curated/NSE row shadows","status":"passed","title":"keeps a BSE-only symbol that no curated/NSE row shadows","duration":0.13931700000102865,"failureMessages":[],"meta":{},"tags":[]},{"ancestorTitles":["mergeMasterHits (autocomplete dedupe + provenance)"],"fullName":"mergeMasterHits (autocomplete dedupe + provenance) tags master rows with source='kite_master' and curated stays first","status":"passed","title":"tags master rows with source='kite_master' and curated stays first","duration":0.11047900000266964,"failureMessages":[],"meta":{},"tags":[]},{"ancestorTitles":["mergeMasterHits (autocomplete dedupe + provenance)"],"fullName":"mergeMasterHits (autocomplete dedupe + provenance) never emits duplicate symbols and respects the limit","status":"passed","title":"never emits duplicate symbols and respects the limit","duration":0.24606300000596093,"failureMessages":[],"meta":{},"tags":[]}],"startTime":1784022742527,"endTime":1784022742622.246,"status":"passed","message":"","name":"/app/artifacts/api-server/src/lib/chartInstruments.test.ts"},{"assertionResults":[],"startTime":1784022697139,"endTime":1784022697139,"status":"failed","message":"DATABASE_URL must be set. Did you forget to provision a database?","name":"/app/artifacts/api-server/src/lib/clockDrift.test.ts"},{"assertionResults":[{"ancestorTitles":["per-signal scoring anchors"],"fullName":"per-signal scoring anchors GIFT clamps and interpolates","status":"passed","title":"GIFT clamps and interpolates","duration":1.4387150000038673,"failureMessages":[],"meta":{},"tags":[]},{"ancestorTitles":["per-signal scoring anchors"],"fullName":"per-signal scoring anchors cash scores symmetric around zero band","status":"passed","title":"cash scores symmetric around zero band","duration":0.35711799999990035,"failureMessages":[],"meta":{},"tags":[]},{"ancestorTitles":["per-signal scoring anchors"],"fullName":"per-signal scoring anchors FII fut LSR: <20% strong bear, >70% strong bull, 40-50 neutral","status":"passed","title":"FII fut LSR: <20% strong bear, >70% strong bull, 40-50 neutral","duration":0.2869009999994887,"failureMessages":[],"meta":{},"tags":[]},{"ancestorTitles":["per-signal scoring anchors"],"fullName":"per-signal scoring anchors PCR contrarian: low bearish, high bullish, 0.9-1.1 neutral","status":"passed","title":"PCR contrarian: low bearish, high bullish, 0.9-1.1 neutral","duration":0.24871600000187755,"failureMessages":[],"meta":{},"tags":[]},{"ancestorTitles":["per-signal scoring anchors"],"fullName":"per-signal scoring anchors VIX asymmetric: falling bullish, rising bearish","status":"passed","title":"VIX asymmetric: falling bullish, rising bearish","duration":0.3145500000027823,"failureMessages":[],"meta":{},"tags":[]},{"ancestorTitles":["labelForScore bands"],"fullName":"labelForScore bands maps each band","status":"passed","title":"maps each band","duration":0.2134250000017346,"failureMessages":[],"meta":{},"tags":[]},{"ancestorTitles":["labelForScore bands"],"fullName":"labelForScore bands boundaries are inclusive on the upper side","status":"passed","title":"boundaries are inclusive on the upper side","duration":0.2658039999951143,"failureMessages":[],"meta":{},"tags":[]},{"ancestorTitles":["computeCompositeBias"],"fullName":"computeCompositeBias all-neutral inputs → 0 and NEUTRAL","status":"passed","title":"all-neutral inputs → 0 and NEUTRAL","duration":0.40252099999634083,"failureMessages":[],"meta":{},"tags":[]},{"ancestorTitles":["computeCompositeBias"],"fullName":"computeCompositeBias max-bull inputs map to +10","status":"passed","title":"max-bull inputs map to +10","duration":0.28782199999841396,"failureMessages":[],"meta":{},"tags":[]},{"ancestorTitles":["computeCompositeBias"],"fullName":"computeCompositeBias max-bear inputs map to -10","status":"passed","title":"max-bear inputs map to -10","duration":0.33177900000009686,"failureMessages":[],"meta":{},"tags":[]},{"ancestorTitles":["computeCompositeBias"],"fullName":"computeCompositeBias worked-example direction (19 May 2026): bearish tilt","status":"passed","title":"worked-example direction (19 May 2026): bearish tilt","duration":0.6439040000041132,"failureMessages":[],"meta":{},"tags":[]},{"ancestorTitles":["computeCompositeBias"],"fullName":"computeCompositeBias excludes null signals from numerator AND denominator","status":"passed","title":"excludes null signals from numerator AND denominator","duration":0.32678000000305474,"failureMessages":[],"meta":{},"tags":[]},{"ancestorTitles":["computeCompositeBias"],"fullName":"computeCompositeBias all-null inputs → 0 score, zero completeness, never throws","status":"passed","title":"all-null inputs → 0 score, zero completeness, never throws","duration":0.35850899999786634,"failureMessages":[],"meta":{},"tags":[]},{"ancestorTitles":["computeCompositeBias"],"fullName":"computeCompositeBias is deterministic","status":"passed","title":"is deterministic","duration":1.3392040000035195,"failureMessages":[],"meta":{},"tags":[]},{"ancestorTitles":["computeCompositeBias"],"fullName":"computeCompositeBias FII fut OI carries the heaviest weight","status":"passed","title":"FII fut OI carries the heaviest weight","duration":0.4231710000021849,"failureMessages":[],"meta":{},"tags":[]}],"startTime":1784022742316,"endTime":1784022742324.423,"status":"passed","message":"","name":"/app/artifacts/api-server/src/lib/compositeBias.test.ts"},{"assertionResults":[{"ancestorTitles":["scoreConfluence — vwapAvailable=false guard"],"fullName":"scoreConfluence — vwapAvailable=false guard returns VWAP factor with weight=0 and polarity=neutral when vwapAvailable=false","status":"passed","title":"returns VWAP factor with weight=0 and polarity=neutral when vwapAvailable=false","duration":1.4275629999974626,"failureMessages":[],"meta":{},"tags":[]},{"ancestorTitles":["scoreConfluence — vwapAvailable=false guard"],"fullName":"scoreConfluence — vwapAvailable=false guard VWAP factor detail mentions 'zero volume' when unavailable","status":"passed","title":"VWAP factor detail mentions 'zero volume' when unavailable","duration":0.20250300000043353,"failureMessages":[],"meta":{},"tags":[]},{"ancestorTitles":["scoreConfluence — vwapAvailable=false guard"],"fullName":"scoreConfluence — vwapAvailable=false guard does NOT add VWAP factor weight to adjustedConfidence when unavailable","status":"passed","title":"does NOT add VWAP factor weight to adjustedConfidence when unavailable","duration":0.2819810000000871,"failureMessages":[],"meta":{},"tags":[]},{"ancestorTitles":["scoreConfluence — vwapAvailable=false guard"],"fullName":"scoreConfluence — vwapAvailable=false guard does not spuriously boost confidence for spot==vwap when unavailable (no free bullish driver)","status":"passed","title":"does not spuriously boost confidence for spot==vwap when unavailable (no free bullish driver)","duration":0.17415699999401113,"failureMessages":[],"meta":{},"tags":[]},{"ancestorTitles":["scoreConfluence — vwapAvailable=false guard"],"fullName":"scoreConfluence — vwapAvailable=false guard with vwapAvailable=true and spot clearly above vwap, VWAP factor is positive","status":"passed","title":"with vwapAvailable=true and spot clearly above vwap, VWAP factor is positive","duration":0.297935000002326,"failureMessages":[],"meta":{},"tags":[]},{"ancestorTitles":["scoreConfluence — vwapAvailable=false guard"],"fullName":"scoreConfluence — vwapAvailable=false guard produces a valid factors array in both vwapAvailable states","status":"passed","title":"produces a valid factors array in both vwapAvailable states","duration":0.4180890000061481,"failureMessages":[],"meta":{},"tags":[]},{"ancestorTitles":["scoreConfluence — vwapAvailable=false guard"],"fullName":"scoreConfluence — vwapAvailable=false guard VWAP factor is undefined (not in factors) when vwapAvailable omitted — backward compat","status":"passed","title":"VWAP factor is undefined (not in factors) when vwapAvailable omitted — backward compat","duration":0.2859089999983553,"failureMessages":[],"meta":{},"tags":[]}],"startTime":1784022743824,"endTime":1784022743827.418,"status":"passed","message":"","name":"/app/artifacts/api-server/src/lib/confluenceEngine.vwapGuard.test.ts"},{"assertionResults":[],"startTime":1784022697139,"endTime":1784022697139,"status":"failed","message":"DATABASE_URL must be set. Did you forget to provision a database?","name":"/app/artifacts/api-server/src/lib/contractMasterFact.test.ts"},{"assertionResults":[],"startTime":1784022697139,"endTime":1784022697139,"status":"failed","message":"DATABASE_URL must be set. Did you forget to provision a database?","name":"/app/artifacts/api-server/src/lib/dailyAnalysisDryRun.test.ts"},{"assertionResults":[{"ancestorTitles":["gatherPostMarketData — INDEX PERFORMANCE wiring (Checkpoint 2.5)"],"fullName":"gatherPostMarketData — INDEX PERFORMANCE wiring (Checkpoint 2.5) populates indexPerformance rows when the report-grade facade returns usable data","status":"passed","title":"populates indexPerformance rows when the report-grade facade returns usable data","duration":2.484179999999469,"failureMessages":[],"meta":{},"tags":[]},{"ancestorTitles":["gatherPostMarketData — INDEX PERFORMANCE wiring (Checkpoint 2.5)"],"fullName":"gatherPostMarketData — INDEX PERFORMANCE wiring (Checkpoint 2.5) collapses indexPerformance to null when the facade reports every index unavailable","status":"passed","title":"collapses indexPerformance to null when the facade reports every index unavailable","duration":0.6173840000046766,"failureMessages":[],"meta":{},"tags":[]},{"ancestorTitles":["gatherPostMarketData — INDEX PERFORMANCE wiring (Checkpoint 2.5)"],"fullName":"gatherPostMarketData — INDEX PERFORMANCE wiring (Checkpoint 2.5) skips a row missing changePct rather than fabricating one, while keeping other valid rows","status":"passed","title":"skips a row missing changePct rather than fabricating one, while keeping other valid rows","duration":0.9637609999990673,"failureMessages":[],"meta":{},"tags":[]},{"ancestorTitles":["gatherPostMarketData — INDEX PERFORMANCE wiring (Checkpoint 2.5)"],"fullName":"gatherPostMarketData — INDEX PERFORMANCE wiring (Checkpoint 2.5) does not crash and still returns indexPerformance when unrelated DB-backed sections fail","status":"passed","title":"does not crash and still returns indexPerformance when unrelated DB-backed sections fail","duration":0.564340999997512,"failureMessages":[],"meta":{},"tags":[]}],"startTime":1784022749523,"endTime":1784022749527.5645,"status":"passed","message":"","name":"/app/artifacts/api-server/src/lib/dailyReports.gatherPostMarket.integration.test.ts"},{"assertionResults":[],"startTime":1784022697139,"endTime":1784022697139,"status":"failed","message":"DATABASE_URL must be set. Did you forget to provision a database?","name":"/app/artifacts/api-server/src/lib/dailyReports.test.ts"},{"assertionResults":[{"ancestorTitles":["multi-worker DB dedup — tryClaimScheduledReport"],"fullName":"multi-worker DB dedup — tryClaimScheduledReport worker-1 claims when DB INSERT returns a row","status":"passed","title":"worker-1 claims when DB INSERT returns a row","duration":1.523202999997011,"failureMessages":[],"meta":{},"tags":[]},{"ancestorTitles":["multi-worker DB dedup — tryClaimScheduledReport"],"fullName":"multi-worker DB dedup — tryClaimScheduledReport worker-2 is skipped when DB INSERT returns no rows and existing row is not FAILED","status":"passed","title":"worker-2 is skipped when DB INSERT returns no rows and existing row is not FAILED","duration":0.326640999999654,"failureMessages":[],"meta":{},"tags":[]},{"ancestorTitles":["multi-worker DB dedup — tryClaimScheduledReport"],"fullName":"multi-worker DB dedup — tryClaimScheduledReport two simulated workers: exactly one claims, one is skipped","status":"passed","title":"two simulated workers: exactly one claims, one is skipped","duration":0.3397320000003674,"failureMessages":[],"meta":{},"tags":[]},{"ancestorTitles":["multi-worker DB dedup — tryClaimScheduledReport"],"fullName":"multi-worker DB dedup — tryClaimScheduledReport retries a FAILED row (transient Telegram TIMEOUT) — resets error fields and returns true","status":"passed","title":"retries a FAILED row (transient Telegram TIMEOUT) — resets error fields and returns true","duration":0.19783199999801582,"failureMessages":[],"meta":{},"tags":[]},{"ancestorTitles":["multi-worker DB dedup — tryClaimScheduledReport"],"fullName":"multi-worker DB dedup — tryClaimScheduledReport does NOT retry a SENT row — a successfully sent report stays permanently deduped","status":"passed","title":"does NOT retry a SENT row — a successfully sent report stays permanently deduped","duration":0.46034099999815226,"failureMessages":[],"meta":{},"tags":[]},{"ancestorTitles":["multi-worker DB dedup — tryClaimScheduledReport"],"fullName":"multi-worker DB dedup — tryClaimScheduledReport different (report_type, ist_date) pairs are independent — both can claim","status":"passed","title":"different (report_type, ist_date) pairs are independent — both can claim","duration":0.32571200000529643,"failureMessages":[],"meta":{},"tags":[]},{"ancestorTitles":["multi-worker DB dedup — tryClaimScheduledReport"],"fullName":"multi-worker DB dedup — tryClaimScheduledReport fail-open: DB error allows send to proceed (returns true)","status":"passed","title":"fail-open: DB error allows send to proceed (returns true)","duration":0.240352000000712,"failureMessages":[],"meta":{},"tags":[]},{"ancestorTitles":["multi-worker DB dedup — tryClaimScheduledReport"],"fullName":"multi-worker DB dedup — tryClaimScheduledReport manual test bypass: tryClaimScheduledReport is NOT called by isManualTest=true path","status":"passed","title":"manual test bypass: tryClaimScheduledReport is NOT called by isManualTest=true path","duration":0.27141600000322796,"failureMessages":[],"meta":{},"tags":[]},{"ancestorTitles":["ensureDailyReportRunsTable — schema contract"],"fullName":"ensureDailyReportRunsTable — schema contract is exported and callable","status":"passed","title":"is exported and callable","duration":0.20916399999987334,"failureMessages":[],"meta":{},"tags":[]},{"ancestorTitles":["ensureDailyReportRunsTable — schema contract"],"fullName":"ensureDailyReportRunsTable — schema contract is idempotent via tableReady latch — DB is not re-queried once ready","status":"passed","title":"is idempotent via tableReady latch — DB is not re-queried once ready","duration":0.6161649999994552,"failureMessages":[],"meta":{},"tags":[]},{"ancestorTitles":["ensureDailyReportRunsTable — schema contract"],"fullName":"ensureDailyReportRunsTable — schema contract UNIQUE constraint documents the dedup key (report_type, ist_date)","status":"passed","title":"UNIQUE constraint documents the dedup key (report_type, ist_date)","duration":0.12336199999845121,"failureMessages":[],"meta":{},"tags":[]},{"ancestorTitles":["DAILY_ANALYSIS_COVERAGE — all required sections"],"fullName":"DAILY_ANALYSIS_COVERAGE — all required sections has all 13 pre-market section keys","status":"passed","title":"has all 13 pre-market section keys","duration":0.5524860000004992,"failureMessages":[],"meta":{},"tags":[]},{"ancestorTitles":["DAILY_ANALYSIS_COVERAGE — all required sections"],"fullName":"DAILY_ANALYSIS_COVERAGE — all required sections has all 9 post-market section keys","status":"passed","title":"has all 9 post-market section keys","duration":0.37062799999694107,"failureMessages":[],"meta":{},"tags":[]},{"ancestorTitles":["DAILY_ANALYSIS_COVERAGE — all required sections"],"fullName":"DAILY_ANALYSIS_COVERAGE — all required sections total coverage sections = 22 (13 pre + 9 post)","status":"passed","title":"total coverage sections = 22 (13 pre + 9 post)","duration":0.17122000000381377,"failureMessages":[],"meta":{},"tags":[]},{"ancestorTitles":["DAILY_ANALYSIS_COVERAGE — all required sections"],"fullName":"DAILY_ANALYSIS_COVERAGE — all required sections every entry has status, source (string|null), and note (string)","status":"passed","title":"every entry has status, source (string|null), and note (string)","duration":87.47210700000142,"failureMessages":[],"meta":{},"tags":[]},{"ancestorTitles":["DAILY_ANALYSIS_COVERAGE — all required sections"],"fullName":"DAILY_ANALYSIS_COVERAGE — all required sections SOURCE_NOT_INTEGRATED entries have null source (no fake provider)","status":"passed","title":"SOURCE_NOT_INTEGRATED entries have null source (no fake provider)","duration":0.36849200000142446,"failureMessages":[],"meta":{},"tags":[]},{"ancestorTitles":["DAILY_ANALYSIS_COVERAGE — all required sections"],"fullName":"DAILY_ANALYSIS_COVERAGE — all required sections no section has fake zero / empty note (source-honesty contract)","status":"passed","title":"no section has fake zero / empty note (source-honesty contract)","duration":1.0030160000023898,"failureMessages":[],"meta":{},"tags":[]},{"ancestorTitles":["DAILY_ANALYSIS_COVERAGE — all required sections"],"fullName":"DAILY_ANALYSIS_COVERAGE — all required sections PREPOST secrets config: no token or chatId value in coverage entries","status":"passed","title":"PREPOST secrets config: no token or chatId value in coverage entries","duration":0.17300400000385707,"failureMessages":[],"meta":{},"tags":[]},{"ancestorTitles":["DAILY_ANALYSIS_COVERAGE — all required sections"],"fullName":"DAILY_ANALYSIS_COVERAGE — all required sections overnightGlobalCues is INFO_ONLY (yahoo, not trade-grade)","status":"passed","title":"overnightGlobalCues is INFO_ONLY (yahoo, not trade-grade)","duration":0.15708299999823794,"failureMessages":[],"meta":{},"tags":[]},{"ancestorTitles":["DAILY_ANALYSIS_COVERAGE — all required sections"],"fullName":"DAILY_ANALYSIS_COVERAGE — all required sections giftNifty is SOURCE_NOT_INTEGRATED with null source","status":"passed","title":"giftNifty is SOURCE_NOT_INTEGRATED with null source","duration":0.08404000000155065,"failureMessages":[],"meta":{},"tags":[]},{"ancestorTitles":["DAILY_ANALYSIS_COVERAGE — all required sections"],"fullName":"DAILY_ANALYSIS_COVERAGE — all required sections keyLevelsOhlc is AVAILABLE (kite)","status":"passed","title":"keyLevelsOhlc is AVAILABLE (kite)","duration":0.06201800000417279,"failureMessages":[],"meta":{},"tags":[]},{"ancestorTitles":["DAILY_ANALYSIS_COVERAGE — all required sections"],"fullName":"DAILY_ANALYSIS_COVERAGE — all required sections tradeJournal is AVAILABLE (db — paper trades)","status":"passed","title":"tradeJournal is AVAILABLE (db — paper trades)","duration":0.05669599999964703,"failureMessages":[],"meta":{},"tags":[]},{"ancestorTitles":["DAILY_ANALYSIS_COVERAGE — all required sections"],"fullName":"DAILY_ANALYSIS_COVERAGE — all required sections indiaVix is SOURCE_NOT_INTEGRATED (not in Kite feed separately)","status":"passed","title":"indiaVix is SOURCE_NOT_INTEGRATED (not in Kite feed separately)","duration":0.056203999993158504,"failureMessages":[],"meta":{},"tags":[]}],"startTime":1784022746523,"endTime":1784022746618.173,"status":"passed","message":"","name":"/app/artifacts/api-server/src/lib/dailyReportsDedupContract.test.ts"},{"assertionResults":[],"startTime":1784022697139,"endTime":1784022697139,"status":"failed","message":"DATABASE_URL must be set. Did you forget to provision a database?","name":"/app/artifacts/api-server/src/lib/deepscan.honesty.test.ts"},{"assertionResults":[],"startTime":1784022697139,"endTime":1784022697139,"status":"failed","message":"DATABASE_URL must be set. Did you forget to provision a database?","name":"/app/artifacts/api-server/src/lib/equitySizingHelper.test.ts"},{"assertionResults":[{"ancestorTitles":["parseAmfiNav"],"fullName":"parseAmfiNav parses real ETF NAV rows keyed by ISIN","status":"passed","title":"parses real ETF NAV rows keyed by ISIN","duration":2.063450000001467,"failureMessages":[],"meta":{},"tags":[]},{"ancestorTitles":["parseAmfiNav"],"fullName":"parseAmfiNav indexes both ISINs of a dual-ISIN scheme to the same NAV","status":"passed","title":"indexes both ISINs of a dual-ISIN scheme to the same NAV","duration":0.5567469999950845,"failureMessages":[],"meta":{},"tags":[]},{"ancestorTitles":["parseAmfiNav"],"fullName":"parseAmfiNav drops non-numeric and non-positive NAVs (never fabricated)","status":"passed","title":"drops non-numeric and non-positive NAVs (never fabricated)","duration":0.18731599999591708,"failureMessages":[],"meta":{},"tags":[]},{"ancestorTitles":["parseAmfiNav"],"fullName":"parseAmfiNav ignores header/banner/blank lines","status":"passed","title":"ignores header/banner/blank lines","duration":0.08831900000222959,"failureMessages":[],"meta":{},"tags":[]},{"ancestorTitles":["isValidIsin"],"fullName":"isValidIsin accepts well-formed ISINs and rejects junk","status":"passed","title":"accepts well-formed ISINs and rejects junk","duration":0.38668399999733083,"failureMessages":[],"meta":{},"tags":[]},{"ancestorTitles":["resolveEtfIsin"],"fullName":"resolveEtfIsin resolves curated symbols","status":"passed","title":"resolves curated symbols","duration":0.2247879999995348,"failureMessages":[],"meta":{},"tags":[]},{"ancestorTitles":["resolveEtfIsin"],"fullName":"resolveEtfIsin prefers a valid override over the curated map","status":"passed","title":"prefers a valid override over the curated map","duration":88.64061399999628,"failureMessages":[],"meta":{},"tags":[]},{"ancestorTitles":["resolveEtfIsin"],"fullName":"resolveEtfIsin ignores an invalid override and falls back to the map","status":"passed","title":"ignores an invalid override and falls back to the map","duration":0.21987999999691965,"failureMessages":[],"meta":{},"tags":[]},{"ancestorTitles":["resolveEtfIsin"],"fullName":"resolveEtfIsin returns null for unknown symbols with no override","status":"passed","title":"returns null for unknown symbols with no override","duration":0.3462470000013127,"failureMessages":[],"meta":{},"tags":[]},{"ancestorTitles":["ETF_ISIN_MAP"],"fullName":"ETF_ISIN_MAP has a verified-as-of date","status":"passed","title":"has a verified-as-of date","duration":0.27735799999936717,"failureMessages":[],"meta":{},"tags":[]},{"ancestorTitles":["ETF_ISIN_MAP"],"fullName":"ETF_ISIN_MAP contains only valid ISINs","status":"passed","title":"contains only valid ISINs","duration":0.5562800000043353,"failureMessages":[],"meta":{},"tags":[]}],"startTime":1784022746823,"endTime":1784022746917.5564,"status":"passed","message":"","name":"/app/artifacts/api-server/src/lib/etfNav.test.ts"},{"assertionResults":[{"ancestorTitles":["PAPER_TRADE: YES vocabulary removal"],"fullName":"PAPER_TRADE: YES vocabulary removal popup never contains the string 'Paper trade: YES' (case-insensitive)","status":"passed","title":"popup never contains the string 'Paper trade: YES' (case-insensitive)","duration":2.0237099999940256,"failureMessages":[],"meta":{},"tags":[]},{"ancestorTitles":["PAPER_TRADE: YES vocabulary removal"],"fullName":"PAPER_TRADE: YES vocabulary removal popup does not contain the broken 'paperAllowed = isTradeable' logic","status":"passed","title":"popup does not contain the broken 'paperAllowed = isTradeable' logic","duration":0.3329589999993914,"failureMessages":[],"meta":{},"tags":[]},{"ancestorTitles":["PAPER_TRADE: YES vocabulary removal"],"fullName":"PAPER_TRADE: YES vocabulary removal popup does not derive paper-trade status from tier alone","status":"passed","title":"popup does not derive paper-trade status from tier alone","duration":0.5280090000014752,"failureMessages":[],"meta":{},"tags":[]},{"ancestorTitles":["PAPER_TRADE: YES vocabulary removal"],"fullName":"PAPER_TRADE: YES vocabulary removal popup uses execution truth fields from backend","status":"passed","title":"popup uses execution truth fields from backend","duration":0.1794099999970058,"failureMessages":[],"meta":{},"tags":[]},{"ancestorTitles":["PAPER_TRADE: YES vocabulary removal"],"fullName":"PAPER_TRADE: YES vocabulary removal popup contains all 4 badge states","status":"passed","title":"popup contains all 4 badge states","duration":0.2893420000036713,"failureMessages":[],"meta":{},"tags":[]},{"ancestorTitles":["PAPER_TRADE: YES vocabulary removal"],"fullName":"PAPER_TRADE: YES vocabulary removal popup shows exact block reason for BLOCKED state","status":"passed","title":"popup shows exact block reason for BLOCKED state","duration":0.4017759999987902,"failureMessages":[],"meta":{},"tags":[]},{"ancestorTitles":["PAPER_TRADE: YES vocabulary removal"],"fullName":"PAPER_TRADE: YES vocabulary removal popup title uses 'EXECUTION BLOCKED' for blocked HC signals","status":"passed","title":"popup title uses 'EXECUTION BLOCKED' for blocked HC signals","duration":0.31347299999470124,"failureMessages":[],"meta":{},"tags":[]},{"ancestorTitles":["PAPER_TRADE: YES vocabulary removal"],"fullName":"PAPER_TRADE: YES vocabulary removal popup title uses 'EXECUTION NOT CONFIRMED' for unconfirmed HC signals","status":"passed","title":"popup title uses 'EXECUTION NOT CONFIRMED' for unconfirmed HC signals","duration":0.11878500000602799,"failureMessages":[],"meta":{},"tags":[]},{"ancestorTitles":["PAPER_TRADE: YES vocabulary removal"],"fullName":"PAPER_TRADE: YES vocabulary removal popup title uses 'INFO ALERT — ENTRY LEVEL REACHED' for info-only","status":"passed","title":"popup title uses 'INFO ALERT — ENTRY LEVEL REACHED' for info-only","duration":0.2244689999934053,"failureMessages":[],"meta":{},"tags":[]},{"ancestorTitles":["PAPER_TRADE: YES vocabulary removal"],"fullName":"PAPER_TRADE: YES vocabulary removal popup title uses 'TRADEABLE ENTRY TRIGGERED' only for OPENED state","status":"passed","title":"popup title uses 'TRADEABLE ENTRY TRIGGERED' only for OPENED state","duration":0.4584899999972549,"failureMessages":[],"meta":{},"tags":[]},{"ancestorTitles":["PAPER_TRADE: YES vocabulary removal"],"fullName":"PAPER_TRADE: YES vocabulary removal popup shows paper trade details (lots, entry premium) when OPENED","status":"passed","title":"popup shows paper trade details (lots, entry premium) when OPENED","duration":0.15774299999611685,"failureMessages":[],"meta":{},"tags":[]},{"ancestorTitles":["Backend execution truth enrichment"],"fullName":"Backend execution truth enrichment exports PaperTradeExecutionStatus type with all 4 states","status":"passed","title":"exports PaperTradeExecutionStatus type with all 4 states","duration":1.446034000000509,"failureMessages":[],"meta":{},"tags":[]},{"ancestorTitles":["Backend execution truth enrichment"],"fullName":"Backend execution truth enrichment exports FinalAlertClass type","status":"passed","title":"exports FinalAlertClass type","duration":0.26675300000351854,"failureMessages":[],"meta":{},"tags":[]},{"ancestorTitles":["Backend execution truth enrichment"],"fullName":"Backend execution truth enrichment exports ExecutionTruth interface with required fields","status":"passed","title":"exports ExecutionTruth interface with required fields","duration":0.6639710000017658,"failureMessages":[],"meta":{},"tags":[]},{"ancestorTitles":["Backend execution truth enrichment"],"fullName":"Backend execution truth enrichment HistoryRow includes execution truth field","status":"passed","title":"HistoryRow includes execution truth field","duration":0.2718250000034459,"failureMessages":[],"meta":{},"tags":[]},{"ancestorTitles":["Backend execution truth enrichment"],"fullName":"Backend execution truth enrichment enrichWithExecutionTruth function exists","status":"passed","title":"enrichWithExecutionTruth function exists","duration":0.07839300000341609,"failureMessages":[],"meta":{},"tags":[]},{"ancestorTitles":["Backend execution truth enrichment"],"fullName":"Backend execution truth enrichment enrichWithExecutionTruth queries paper_trade_fo table","status":"passed","title":"enrichWithExecutionTruth queries paper_trade_fo table","duration":0.0721720000001369,"failureMessages":[],"meta":{},"tags":[]},{"ancestorTitles":["Backend execution truth enrichment"],"fullName":"Backend execution truth enrichment enrichWithExecutionTruth uses getMissedSignals for skip reasons","status":"passed","title":"enrichWithExecutionTruth uses getMissedSignals for skip reasons","duration":0.15546899999753805,"failureMessages":[],"meta":{},"tags":[]},{"ancestorTitles":["Backend execution truth enrichment"],"fullName":"Backend execution truth enrichment getTodayHistory calls enrichWithExecutionTruth","status":"passed","title":"getTodayHistory calls enrichWithExecutionTruth","duration":0.23097799999959534,"failureMessages":[],"meta":{},"tags":[]},{"ancestorTitles":["Backend execution truth enrichment"],"fullName":"Backend execution truth enrichment getHistoryByDate calls enrichWithExecutionTruth","status":"passed","title":"getHistoryByDate calls enrichWithExecutionTruth","duration":0.23416699999506818,"failureMessages":[],"meta":{},"tags":[]},{"ancestorTitles":["Backend execution truth enrichment"],"fullName":"Backend execution truth enrichment getHistoryByMonth calls enrichWithExecutionTruth","status":"passed","title":"getHistoryByMonth calls enrichWithExecutionTruth","duration":0.1507599999968079,"failureMessages":[],"meta":{},"tags":[]},{"ancestorTitles":["Backend execution truth enrichment"],"fullName":"Backend execution truth enrichment getRecentHistory calls enrichWithExecutionTruth","status":"passed","title":"getRecentHistory calls enrichWithExecutionTruth","duration":0.12939300000289222,"failureMessages":[],"meta":{},"tags":[]},{"ancestorTitles":["Backend execution truth enrichment"],"fullName":"Backend execution truth enrichment BASELINE signals get NOT_APPLICABLE status","status":"passed","title":"BASELINE signals get NOT_APPLICABLE status","duration":0.08325499999773456,"failureMessages":[],"meta":{},"tags":[]},{"ancestorTitles":["Backend execution truth enrichment"],"fullName":"Backend execution truth enrichment missing execution evidence produces NOT_CONFIRMED","status":"passed","title":"missing execution evidence produces NOT_CONFIRMED","duration":0.05200000000331784,"failureMessages":[],"meta":{},"tags":[]},{"ancestorTitles":["Backend execution truth enrichment"],"fullName":"Backend execution truth enrichment enrichment uses durable fno_signal_reasoning as primary skip source","status":"passed","title":"enrichment uses durable fno_signal_reasoning as primary skip source","duration":0.15830100000312086,"failureMessages":[],"meta":{},"tags":[]},{"ancestorTitles":["Backend execution truth enrichment"],"fullName":"Backend execution truth enrichment enrichment uses in-memory ring only as fallback after durable source","status":"passed","title":"enrichment uses in-memory ring only as fallback after durable source","duration":0.1523139999990235,"failureMessages":[],"meta":{},"tags":[]},{"ancestorTitles":["Backend execution truth enrichment"],"fullName":"Backend execution truth enrichment paper_trade_fo_skip table does NOT exist (documented)","status":"passed","title":"paper_trade_fo_skip table does NOT exist (documented)","duration":0.3058439999949769,"failureMessages":[],"meta":{},"tags":[]},{"ancestorTitles":["Backend execution truth enrichment"],"fullName":"Backend execution truth enrichment enrichment priority order: paper_trade_fo > durable skip > ring skip > default","status":"passed","title":"enrichment priority order: paper_trade_fo > durable skip > ring skip > default","duration":0.13736100000096485,"failureMessages":[],"meta":{},"tags":[]},{"ancestorTitles":["Options page blank panel fix"],"fullName":"Options page blank panel fix Live setups tab has market-closed empty state","status":"passed","title":"Live setups tab has market-closed empty state","duration":0.15854200000467245,"failureMessages":[],"meta":{},"tags":[]},{"ancestorTitles":["Options page blank panel fix"],"fullName":"Options page blank panel fix Live setups tab has loading skeleton","status":"passed","title":"Live setups tab has loading skeleton","duration":0.08092000000033295,"failureMessages":[],"meta":{},"tags":[]},{"ancestorTitles":["Options page blank panel fix"],"fullName":"Options page blank panel fix Live setups tab has no-signals empty state (cause-specific)","status":"passed","title":"Live setups tab has no-signals empty state (cause-specific)","duration":0.08651800000370713,"failureMessages":[],"meta":{},"tags":[]},{"ancestorTitles":["Options page blank panel fix"],"fullName":"Options page blank panel fix Report tab exists and is a function component","status":"passed","title":"Report tab exists and is a function component","duration":0.06352500000502914,"failureMessages":[],"meta":{},"tags":[]},{"ancestorTitles":["Options page blank panel fix"],"fullName":"Options page blank panel fix Report tab has loading state","status":"passed","title":"Report tab has loading state","duration":0.4959759999983362,"failureMessages":[],"meta":{},"tags":[]},{"ancestorTitles":["Guardrail / gate safety verification"],"fullName":"Guardrail / gate safety verification SkipReason type still includes all guardrail reasons","status":"passed","title":"SkipReason type still includes all guardrail reasons","duration":0.1687549999987823,"failureMessages":[],"meta":{},"tags":[]},{"ancestorTitles":["Guardrail / gate safety verification"],"fullName":"Guardrail / gate safety verification recordSkip function still exists (guardrails still fire)","status":"passed","title":"recordSkip function still exists (guardrails still fire)","duration":0.047761999994690996,"failureMessages":[],"meta":{},"tags":[]},{"ancestorTitles":["Guardrail / gate safety verification"],"fullName":"Guardrail / gate safety verification signal gates module is unchanged","status":"passed","title":"signal gates module is unchanged","duration":0.047307000000728294,"failureMessages":[],"meta":{},"tags":[]},{"ancestorTitles":["Guardrail / gate safety verification"],"fullName":"Guardrail / gate safety verification no Yahoo data source reintroduced","status":"passed","title":"no Yahoo data source reintroduced","duration":0.3276060000061989,"failureMessages":[],"meta":{},"tags":[]},{"ancestorTitles":["WhyThisSetup component consistency"],"fullName":"WhyThisSetup component consistency WhyThisSetup uses deriveSetupExplanation (server-authoritative tradeClass)","status":"passed","title":"WhyThisSetup uses deriveSetupExplanation (server-authoritative tradeClass)","duration":0.08354500000132248,"failureMessages":[],"meta":{},"tags":[]},{"ancestorTitles":["WhyThisSetup component consistency"],"fullName":"WhyThisSetup component consistency WhyThisSetup correctly labels Auto-trade: YES/NO (signal tradeability, not execution)","status":"passed","title":"WhyThisSetup correctly labels Auto-trade: YES/NO (signal tradeability, not execution)","duration":0.0799159999951371,"failureMessages":[],"meta":{},"tags":[]},{"ancestorTitles":["Popup and F&O Cockpit execution truth consistency"],"fullName":"Popup and F&O Cockpit execution truth consistency popup reads execution truth from backend response (not local computation)","status":"passed","title":"popup reads execution truth from backend response (not local computation)","duration":0.08314700000482844,"failureMessages":[],"meta":{},"tags":[]},{"ancestorTitles":["Popup and F&O Cockpit execution truth consistency"],"fullName":"Popup and F&O Cockpit execution truth consistency popup and cockpit use same backend paper_trade_fo source","status":"passed","title":"popup and cockpit use same backend paper_trade_fo source","duration":0.269016999998712,"failureMessages":[],"meta":{},"tags":[]},{"ancestorTitles":["Popup and F&O Cockpit execution truth consistency"],"fullName":"Popup and F&O Cockpit execution truth consistency guardrail-latched state cannot produce PAPER TRADE: OPENED badge","status":"passed","title":"guardrail-latched state cannot produce PAPER TRADE: OPENED badge","duration":0.2039169999989099,"failureMessages":[],"meta":{},"tags":[]},{"ancestorTitles":["Sprint 1/2/3 regression safety"],"fullName":"Sprint 1/2/3 regression safety dynamic sizing helpers untouched","status":"passed","title":"dynamic sizing helpers untouched","duration":0.120943999994779,"failureMessages":[],"meta":{},"tags":[]},{"ancestorTitles":["Sprint 1/2/3 regression safety"],"fullName":"Sprint 1/2/3 regression safety capital ledger untouched","status":"passed","title":"capital ledger untouched","duration":0.16611900000134483,"failureMessages":[],"meta":{},"tags":[]},{"ancestorTitles":["Sprint 1/2/3 regression safety"],"fullName":"Sprint 1/2/3 regression safety paper account table untouched","status":"passed","title":"paper account table untouched","duration":0.1572149999992689,"failureMessages":[],"meta":{},"tags":[]},{"ancestorTitles":["Sprint 1/2/3 regression safety"],"fullName":"Sprint 1/2/3 regression safety OI Lab pages still exist","status":"passed","title":"OI Lab pages still exist
[...]
d","title":"flags the npm yahoo package","duration":0.12634400000388268,"failureMessages":[],"meta":{},"tags":[]},{"ancestorTitles":["providerImportGuard — specifier resolution"],"fullName":"providerImportGuard — specifier resolution ignores non-provider and bare-package imports","status":"passed","title":"ignores non-provider and bare-package imports","duration":0.2591489999977057,"failureMessages":[],"meta":{},"tags":[]},{"ancestorTitles":["providerImportGuard — source scanning"],"fullName":"providerImportGuard — source scanning treats type-only imports as non-violations","status":"passed","title":"treats type-only imports as non-violations","duration":0.42571500000485685,"failureMessages":[],"meta":{},"tags":[]},{"ancestorTitles":["providerImportGuard — source scanning"],"fullName":"providerImportGuard — source scanning flags mixed value+inline-type imports (runtime binding present)","status":"passed","title":"flags mixed value+inline-type imports (runtime binding present)","duration":0.26072500000009313,"failureMessages":[],"meta":{},"tags":[]},{"ancestorTitles":["providerImportGuard — source scanning"],"fullName":"providerImportGuard — source scanning flags runtime + dynamic + re-export imports","status":"passed","title":"flags runtime + dynamic + re-export imports","duration":1.0465400000030058,"failureMessages":[],"meta":{},"tags":[]},{"ancestorTitles":["providerImportGuard — source scanning"],"fullName":"providerImportGuard — source scanning flags side-effect imports (no binding, no from)","status":"passed","title":"flags side-effect imports (no binding, no from)","duration":0.2805660000012722,"failureMessages":[],"meta":{},"tags":[]},{"ancestorTitles":["providerImportGuard — source scanning"],"fullName":"providerImportGuard — source scanning flags extension-suffixed specifiers","status":"passed","title":"flags extension-suffixed specifiers","duration":0.15448900000046706,"failureMessages":[],"meta":{},"tags":[]},{"ancestorTitles":["providerImportGuard — source scanning"],"fullName":"providerImportGuard — source scanning de-dupes and sorts multiple providers in one file","status":"passed","title":"de-dupes and sorts multiple providers in one file","duration":0.590474999997241,"failureMessages":[],"meta":{},"tags":[]},{"ancestorTitles":["providerImportGuard — exemptions"],"fullName":"providerImportGuard — exemptions exempts the trusted layer, provider wrappers, and tests","status":"passed","title":"exempts the trusted layer, provider wrappers, and tests","duration":0.2887800000025891,"failureMessages":[],"meta":{},"tags":[]},{"ancestorTitles":["providerImportGuard — exemptions"],"fullName":"providerImportGuard — exemptions does NOT exempt ordinary consumers","status":"passed","title":"does NOT exempt ordinary consumers","duration":0.11522300000069663,"failureMessages":[],"meta":{},"tags":[]},{"ancestorTitles":["providerImportGuard — burn-down allowlist (regression guard)"],"fullName":"providerImportGuard — burn-down allowlist (regression guard) has a committed allowlist","status":"passed","title":"has a committed allowlist","duration":0.11738499999773921,"failureMessages":[],"meta":{},"tags":[]},{"ancestorTitles":["providerImportGuard — burn-down allowlist (regression guard)"],"fullName":"providerImportGuard — burn-down allowlist (regression guard) has NO new direct-provider imports outside the allowlist (no regression)","status":"passed","title":"has NO new direct-provider imports outside the allowlist (no regression)","duration":0.14977700000599725,"failureMessages":[],"meta":{},"tags":[]},{"ancestorTitles":["providerImportGuard — burn-down allowlist (regression guard)"],"fullName":"providerImportGuard — burn-down allowlist (regression guard) has no stale allowlist entries (forces burn-down)","status":"passed","title":"has no stale allowlist entries (forces burn-down)","duration":0.3229760000031092,"failureMessages":[],"meta":{},"tags":[]},{"ancestorTitles":["providerImportGuard — burn-down allowlist (regression guard)"],"fullName":"providerImportGuard — burn-down allowlist (regression guard) documents the remaining migration backlog","status":"passed","title":"documents the remaining migration backlog","duration":0.2602790000019013,"failureMessages":[],"meta":{},"tags":[]},{"ancestorTitles":["providerImportGuard — burn-down allowlist (regression guard)"],"fullName":"providerImportGuard — burn-down allowlist (regression guard) allowlist can only SHRINK — count must be ≤ frozen ceiling","status":"passed","title":"allowlist can only SHRINK — count must be ≤ frozen ceiling","duration":0.09065799999370938,"failureMessages":[],"meta":{},"tags":[]},{"ancestorTitles":["providerImportGuard — burn-down allowlist (regression guard)"],"fullName":"providerImportGuard — burn-down allowlist (regression guard) no NEW file appears in the current scan that is not in the allowlist","status":"passed","title":"no NEW file appears in the current scan that is not in the allowlist","duration":0.23161199999594828,"failureMessages":[],"meta":{},"tags":[]},{"ancestorTitles":["providerImportGuard — UI / strategy / consumer boundary"],"fullName":"providerImportGuard — UI / strategy / consumer boundary route files — only KNOWN legacy routes import providers","status":"passed","title":"route files — only KNOWN legacy routes import providers","duration":0.18510799999785377,"failureMessages":[],"meta":{},"tags":[]},{"ancestorTitles":["providerImportGuard — UI / strategy / consumer boundary"],"fullName":"providerImportGuard — UI / strategy / consumer boundary OI Lab and Option Chain are NOT in provider allowlist (after Phase 3 migration)","status":"passed","title":"OI Lab and Option Chain are NOT in provider allowlist (after Phase 3 migration)","duration":0.08980500000325264,"failureMessages":[],"meta":{},"tags":[]}],"startTime":1784022741723,"endTime":1784022741731.0898,"status":"passed","message":"","name":"/app/artifacts/api-server/src/lib/marketData/providerImportGuard.test.ts"},{"assertionResults":[{"ancestorTitles":["deriveMarketSession"],"fullName":"deriveMarketSession classifies weekday market hours as open","status":"passed","title":"classifies weekday market hours as open","duration":1.265878000005614,"failureMessages":[],"meta":{},"tags":[]},{"ancestorTitles":["deriveMarketSession"],"fullName":"deriveMarketSession classifies weekday post-close window as post_market","status":"passed","title":"classifies weekday post-close window as post_market","duration":0.2652490000036778,"failureMessages":[],"meta":{},"tags":[]},{"ancestorTitles":["deriveMarketSession"],"fullName":"deriveMarketSession classifies weekends as closed","status":"passed","title":"classifies weekends as closed","duration":0.14451499999995576,"failureMessages":[],"meta":{},"tags":[]},{"ancestorTitles":["deriveMarketSession"],"fullName":"deriveMarketSession classifies late-night weekday as closed","status":"passed","title":"classifies late-night weekday as closed","duration":0.215104999995674,"failureMessages":[],"meta":{},"tags":[]},{"ancestorTitles":["getReportGradeIndexQuotes"],"fullName":"getReportGradeIndexQuotes accepts today's close snapshot past the 10-minute trade-grade hard-stale budget","status":"passed","title":"accepts today's close snapshot past the 10-minute trade-grade hard-stale budget","duration":4.4568339999968885,"failureMessages":[],"meta":{},"tags":[]},{"ancestorTitles":["getReportGradeIndexQuotes"],"fullName":"getReportGradeIndexQuotes never marks a row tradeGrade / canDriveSignals / canDrivePaperTrades","status":"passed","title":"never marks a row tradeGrade / canDriveSignals / canDrivePaperTrades","duration":0.4089160000003176,"failureMessages":[],"meta":{},"tags":[]},{"ancestorTitles":["getReportGradeIndexQuotes"],"fullName":"getReportGradeIndexQuotes refuses a quote from before today's session (previous-day cache) as report-grade","status":"passed","title":"refuses a quote from before today's session (previous-day cache) as report-grade","duration":0.35956100000476,"failureMessages":[],"meta":{},"tags":[]},{"ancestorTitles":["getReportGradeIndexQuotes"],"fullName":"getReportGradeIndexQuotes does not fake a live quote on a weekend/market-closed day with no fresh data","status":"passed","title":"does not fake a live quote on a weekend/market-closed day with no fresh data","duration":0.21787500000209548,"failureMessages":[],"meta":{},"tags":[]},{"ancestorTitles":["getReportGradeIndexQuotes"],"fullName":"getReportGradeIndexQuotes returns UNAVAILABLE with a clear reason when the upstream provider has no data at all","status":"passed","title":"returns UNAVAILABLE with a clear reason when the upstream provider has no data at all","duration":0.39405700000497745,"failureMessages":[],"meta":{},"tags":[]},{"ancestorTitles":["getReportGradeIndexQuotes"],"fullName":"getReportGradeIndexQuotes returns UNAVAILABLE for a symbol missing from the upstream map","status":"passed","title":"returns UNAVAILABLE for a symbol missing from the upstream map","duration":0.33864299999549985,"failureMessages":[],"meta":{},"tags":[]},{"ancestorTitles":["getReportGradeIndexQuotes"],"fullName":"getReportGradeIndexQuotes fails open (unavailable, never throws) when the upstream provider rejects","status":"passed","title":"fails open (unavailable, never throws) when the upstream provider rejects","duration":0.35212899999896763,"failureMessages":[],"meta":{},"tags":[]},{"ancestorTitles":["getReportGradeIndexQuotes"],"fullName":"getReportGradeIndexQuotes accepts a fresh intraday quote during market-open hours as report-grade (not trade-grade)","status":"passed","title":"accepts a fresh intraday quote during market-open hours as report-grade (not trade-grade)","duration":0.2092560000019148,"failureMessages":[],"meta":{},"tags":[]}],"startTime":1784022743620,"endTime":1784022743628.352,"status":"passed","message":"","name":"/app/artifacts/api-server/src/lib/marketData/reportGradeIndexQuotes.test.ts"},{"assertionResults":[{"ancestorTitles":["checkRequirement — TRADE_GRADE_REQUIRED"],"fullName":"checkRequirement — TRADE_GRADE_REQUIRED accepts a fresh, signal-eligible Kite trade-grade point","status":"passed","title":"accepts a fresh, signal-eligible Kite trade-grade point","duration":1.256585000002815,"failureMessages":[],"meta":{},"tags":[]},{"ancestorTitles":["checkRequirement — TRADE_GRADE_REQUIRED"],"fullName":"checkRequirement — TRADE_GRADE_REQUIRED REJECTS Yahoo DELAYED data (never trade-grade)","status":"passed","title":"REJECTS Yahoo DELAYED data (never trade-grade)","duration":0.3425649999990128,"failureMessages":[],"meta":{},"tags":[]},{"ancestorTitles":["checkRequirement — TRADE_GRADE_REQUIRED"],"fullName":"checkRequirement — TRADE_GRADE_REQUIRED REJECTS STALE data","status":"passed","title":"REJECTS STALE data","duration":0.16485499999544118,"failureMessages":[],"meta":{},"tags":[]},{"ancestorTitles":["checkRequirement — TRADE_GRADE_REQUIRED"],"fullName":"checkRequirement — TRADE_GRADE_REQUIRED REJECTS INFO_ONLY data","status":"passed","title":"REJECTS INFO_ONLY data","duration":0.09960199999477481,"failureMessages":[],"meta":{},"tags":[]},{"ancestorTitles":["checkRequirement — TRADE_GRADE_REQUIRED"],"fullName":"checkRequirement — TRADE_GRADE_REQUIRED REJECTS COMPUTED data","status":"passed","title":"REJECTS COMPUTED data","duration":0.2099949999974342,"failureMessages":[],"meta":{},"tags":[]},{"ancestorTitles":["checkRequirement — TRADE_GRADE_REQUIRED"],"fullName":"checkRequirement — TRADE_GRADE_REQUIRED REJECTS a trade-grade point that is not signal-eligible (canDriveSignals=false)","status":"passed","title":"REJECTS a trade-grade point that is not signal-eligible (canDriveSignals=false)","duration":0.183829000001424,"failureMessages":[],"meta":{},"tags":[]},{"ancestorTitles":["checkRequirement — TRADE_GRADE_REQUIRED"],"fullName":"checkRequirement — TRADE_GRADE_REQUIRED REJECTS a trade-grade point older than the freshness budget","status":"passed","title":"REJECTS a trade-grade point older than the freshness budget","duration":0.2560669999948004,"failureMessages":[],"meta":{},"tags":[]},{"ancestorTitles":["checkRequirement — TRADE_GRADE_REQUIRED"],"fullName":"checkRequirement — TRADE_GRADE_REQUIRED accepts a trade-grade point exactly at the freshness budget","status":"passed","title":"accepts a trade-grade point exactly at the freshness budget","duration":0.09498399999574758,"failureMessages":[],"meta":{},"tags":[]},{"ancestorTitles":["checkRequirement — TRADE_GRADE_REQUIRED"],"fullName":"checkRequirement — TRADE_GRADE_REQUIRED accepts a trade-grade point with unknown freshness (no ceiling applied)","status":"passed","title":"accepts a trade-grade point with unknown freshness (no ceiling applied)","duration":0.24489400000311434,"failureMessages":[],"meta":{},"tags":[]},{"ancestorTitles":["checkRequirement — TRADE_GRADE_REQUIRED"],"fullName":"checkRequirement — TRADE_GRADE_REQUIRED BLOCKS UNAVAILABLE regardless of level and surfaces the recovery hint","status":"passed","title":"BLOCKS UNAVAILABLE regardless of level and surfaces the recovery hint","duration":0.24626500000158558,"failureMessages":[],"meta":{},"tags":[]},{"ancestorTitles":["checkRequirement — TRADE_GRADE_REQUIRED"],"fullName":"checkRequirement — TRADE_GRADE_REQUIRED BLOCKS a present status whose value is null","status":"passed","title":"BLOCKS a present status whose value is null","duration":0.1055290000003879,"failureMessages":[],"meta":{},"tags":[]},{"ancestorTitles":["checkRequirement — INFO_ONLY_ACCEPTABLE"],"fullName":"checkRequirement — INFO_ONLY_ACCEPTABLE returns READY on trade-grade data","status":"passed","title":"returns READY on trade-grade data","duration":0.21629399999801535,"failureMessages":[],"meta":{},"tags":[]},{"ancestorTitles":["checkRequirement — INFO_ONLY_ACCEPTABLE"],"fullName":"checkRequirement — INFO_ONLY_ACCEPTABLE DEGRADES (but still met) on delayed data","status":"passed","title":"DEGRADES (but still met) on delayed data","duration":0.09993400000530528,"failureMessages":[],"meta":{},"tags":[]},{"ancestorTitles":["checkRequirement — INFO_ONLY_ACCEPTABLE"],"fullName":"checkRequirement — INFO_ONLY_ACCEPTABLE BLOCKS on unavailable data","status":"passed","title":"BLOCKS on unavailable data","duration":0.30508100000588456,"failureMessages":[],"meta":{},"tags":[]},{"ancestorTitles":["checkRequirement — DISPLAY_ONLY"],"fullName":"checkRequirement — DISPLAY_ONLY returns READY on any present datum (even delayed)","status":"passed","title":"returns READY on any present datum (even delayed)","duration":0.35193099999742117,"failureMessages":[],"meta":{},"tags":[]},{"ancestorTitles":["checkRequirement — DISPLAY_ONLY"],"fullName":"checkRequirement — DISPLAY_ONLY BLOCKS only on unavailable","status":"passed","title":"BLOCKS only on unavailable","duration":0.21164000000135275,"failureMessages":[],"meta":{},"tags":[]},{"ancestorTitles":["strictestLevel + MODULE_REQUIREMENTS"],"fullName":"strictestLevel + MODULE_REQUIREMENTS fno rolls up to TRADE_GRADE_REQUIRED","status":"passed","title":"fno rolls up to TRADE_GRADE_REQUIRED","duration":0.19086300000344636,"failureMessages":[],"meta":{},"tags":[]},{"ancestorTitles":["strictestLevel + MODULE_REQUIREMENTS"],"fullName":"strictestLevel + MODULE_REQUIREMENTS scanner rolls up to INFO_ONLY_ACCEPTABLE","status":"passed","title":"scanner rolls up to INFO_ONLY_ACCEPTABLE","duration":0.08017400000244379,"failureMessages":[],"meta":{},"tags":[]},{"ancestorTitles":["strictestLevel + MODULE_REQUIREMENTS"],"fullName":"strictestLevel + MODULE_REQUIREMENTS charting rolls up to DISPLAY_ONLY","status":"passed","title":"charting rolls up to DISPLAY_ONLY","duration":0.05973699999594828,"failureMessages":[],"meta":{},"tags":[]},{"ancestorTitles":["strictestLevel + MODULE_REQUIREMENTS"],"fullName":"strictestLevel + MODULE_REQUIREMENTS home tracks ONLY sourced data types — no globalCues (avoids a false BLOCKED)","status":"passed","title":"home tracks ONLY sourced data types — no globalCues (avoids a false BLOCKED)","duration":0.7088540000040666,"failureMessages":[],"meta":{},"tags":[]},{"ancestorTitles":["strictestLevel + MODULE_REQUIREMENTS"],"fullName":"strictestLevel + MODULE_REQUIREMENTS declares every tracked consumer module","status":"passed","title":"declares every tracked consumer module","duration":0.44111100000009174,"failureMessages":[],"meta":{},"tags":[]}],"startTime":1784022748624,"endTime":1784022748630.4412,"status":"passed","message":"","name":"/app/artifacts/api-server/src/lib/marketData/requirements.test.ts"},{"assertionResults":[],"startTime":1784022697139,"endTime":1784022697139,"status":"failed","message":"DATABASE_URL must be set. Did you forget to provision a database?","name":"/app/artifacts/api-server/src/lib/tradeLifecycle/tradeEventParity.test.ts"},{"assertionResults":[],"startTime":1784022697139,"endTime":1784022697139,"status":"failed","message":"DATABASE_URL must be set. Did you forget to provision a database?","name":"/app/artifacts/api-server/src/lib/tradeLifecycle/tradeLifecycle.test.ts"},{"assertionResults":[],"startTime":1784022697139,"endTime":1784022697139,"status":"failed","message":"DATABASE_URL must be set. Did you forget to provision a database?","name":"/app/artifacts/api-server/src/lib/backtest/strategies/comparison.config-flow.test.ts"},{"assertionResults":[{"ancestorTitles":["minimum risk:reward filter — blended scale-out reward"],"fullName":"minimum risk:reward filter — blended scale-out reward PASSES the default 1.5 threshold for the default T1=1R / T2=2R structure (regression)","status":"passed","title":"PASSES the default 1.5 threshold for the default T1=1R / T2=2R structure (regression)","duration":1.7784719999981462,"failureMessages":[],"meta":{},"tags":[]},{"ancestorTitles":["minimum risk:reward filter — blended scale-out reward"],"fullName":"minimum risk:reward filter — blended scale-out reward DEFAULT_FILTERS' 1.5 threshold is exactly the default trade's blended R:R","status":"passed","title":"DEFAULT_FILTERS' 1.5 threshold is exactly the default trade's blended R:R","duration":0.20067199999903096,"failureMessages":[],"meta":{},"tags":[]},{"ancestorTitles":["minimum risk:reward filter — blended scale-out reward"],"fullName":"minimum risk:reward filter — blended scale-out reward BLOCKS when the threshold exceeds the blended reward","status":"passed","title":"BLOCKS when the threshold exceeds the blended reward","duration":0.29295899999851827,"failureMessages":[],"meta":{},"tags":[]},{"ancestorTitles":["minimum risk:reward filter — blended scale-out reward"],"fullName":"minimum risk:reward filter — blended scale-out reward BLOCKS when custom params make targets too tight (blended below threshold)","status":"passed","title":"BLOCKS when custom params make targets too tight (blended below threshold)","duration":0.14850100000330713,"failureMessages":[],"meta":{},"tags":[]},{"ancestorTitles":["minimum risk:reward filter — blended scale-out reward"],"fullName":"minimum risk:reward filter — blended scale-out reward a wider T2 raises the blended reward and passes a stricter threshold","status":"passed","title":"a wider T2 raises the blended reward and passes a stricter threshold","duration":0.23760700000275392,"failureMessages":[],"meta":{},"tags":[]},{"ancestorTitles":["minimum risk:reward filter — blended scale-out reward"],"fullName":"minimum risk:reward filter — blended scale-out reward is a no-op when the strategy opts out of the filter","status":"passed","title":"is a no-op when the strategy opts out of the filter","duration":0.1522560000012163,"failureMessages":[],"meta":{},"tags":[]}],"startTime":1784022750724,"endTime":1784022750727.2375,"status":"passed","message":"","name":"/app/artifacts/api-server/src/lib/backtest/strategies/filters.test.ts"},{"assertionResults":[],"startTime":1784022697139,"endTime":1784022697139,"status":"failed","message":"DATABASE_URL must be set. Did you forget to provision a database?","name":"/app/artifacts/api-server/src/lib/backtest/strategies/registry.candle-regression.test.ts"}]}