<?xml version="1.0" encoding="utf-8"?><testsuites name="pytest tests"><testsuite name="pytest" errors="0" failures="1" skipped="0" tests="8" time="1.578" timestamp="2026-07-14T06:37:27.799538+00:00" hostname="agent-env-dd5ca1fa-8da5-42fd-9195-82fbd056a3e3"><testcase classname="tests.test_migration_smoke.TestAnonymousEndpoints" name="test_auth_status_anonymous_returns_json" time="0.126" /><testcase classname="tests.test_migration_smoke.TestAdminLoginFlow" name="test_login_wrong_password_401" time="0.129" /><testcase classname="tests.test_migration_smoke.TestAdminLoginFlow" name="test_login_missing_password_400" time="0.100" /><testcase classname="tests.test_migration_smoke.TestAnonymousEndpoints" name="test_kite_status_returns_json_offline" time="0.182" /><testcase classname="tests.test_migration_smoke.TestAdminLoginFlow" name="test_login_success_sets_cookie_and_status_flips" time="0.183" /><testcase classname="tests.test_migration_smoke.TestSessionIsolation" name="test_two_clients_do_not_share_session" time="0.314"><failure message="AssertionError: SECURITY: anonymous client B sees authenticated:true after client A logged in. Proxy shim /app/backend/server.py uses a shared httpx.AsyncClient whose cookie jar leaks session cookies across all requests.&#10;assert True is False">backend/tests/test_migration_smoke.py:105: in test_two_clients_do_not_share_session
    assert data["authenticated"] is False, (
E   AssertionError: SECURITY: anonymous client B sees authenticated:true after client A logged in. Proxy shim /app/backend/server.py uses a shared httpx.AsyncClient whose cookie jar leaks session cookies across all requests.
E   assert True is False</failure></testcase><testcase classname="tests.test_migration_smoke.TestAdminLoginFlow" name="test_logout_clears_session" time="0.315" /><testcase classname="tests.test_migration_smoke.TestFrontendReachability" name="test_frontend_root_serves_html" time="0.097" /></testsuite></testsuites>