<?xml version="1.0" encoding="utf-8"?><testsuites name="pytest tests"><testsuite name="pytest" errors="0" failures="0" skipped="0" tests="9" time="1.485" timestamp="2026-07-14T09:30:09.191607+00:00" hostname="agent-env-dd5ca1fa-8da5-42fd-9195-82fbd056a3e3"><testcase classname="tests.test_phase1_system.TestReconciliation" name="test_anonymous_forbidden" time="0.367" /><testcase classname="tests.test_phase1_system.TestSystemMode" name="test_anonymous_forbidden" time="0.281" /><testcase classname="tests.test_phase1_system.TestSystemMode" name="test_snapshot_shape" time="0.274" /><testcase classname="tests.test_phase1_system.TestModeOverride" name="test_invalid_mode_returns_400" time="0.054" /><testcase classname="tests.test_phase1_system.TestReconciliation" name="test_list_shape" time="0.296" /><testcase classname="tests.test_phase1_system.TestModeOverride" name="test_set_halt_then_clear" time="0.175" /><testcase classname="tests.test_phase1_system.TestReconciliation" name="test_run_and_persist" time="0.118" /><testcase classname="tests.test_phase1_system.TestMetrics" name="test_anonymous_forbidden" time="0.059" /><testcase classname="tests.test_phase1_system.TestMetrics" name="test_prometheus_gauges" time="0.059" /></testsuite></testsuites>